<?xml version="1.0" encoding="UTF-8"?>
<!-- Generated by org.testng.reporters.JUnitXMLReporter -->
<testsuite hostname="VA-WIN7QA-01" name="API TestSuites..." tests="5" failures="1" timestamp="20 Jul 2022 07:02:09 GMT" time="2172.58" errors="0">
  <testcase name="TC_01_Deleting_All_Groups_From_UI" time="579.887" classname="com.vbrick.avenger.deleteallgroupsandchannels.DeleteAllGroups"/>
  <testcase name="TC_01_Deleting_All_Channels_From_UI" time="260.858" classname="com.vbrick.avenger.deleteallgroupsandchannels.DeleteAllChannels"/>
  <testcase name="TC_01_Deleting_All_Categories_From_UI" time="563.852" classname="com.vbrick.avenger.deleteallgroupsandchannels.DeleteAllCategories">
    <failure type="com.vbrick.Exception.ReasonsTimeOutException" message="
Build info: version: &amp;apos;3.6.0&amp;apos;, revision: &amp;apos;6fbf3ec767&amp;apos;, time: &amp;apos;2017-09-27T15:28:36.4Z&amp;apos;

Driver info: driver.version: unknown">
      <![CDATA[
	at com.vbrick.avenger.funUtil.WaitForElements.waitForElementPresent(WaitForElements.java:140)
	at com.vbrick.avenger.funUtil.WebElements.click(WebElements.java:342)
	at com.vbrick.avenger.pageobjects.AvengerHomePage.deleteAllCategories(AvengerHomePage.java:500)
	at com.vbrick.avenger.deleteallgroupsandchannels.DeleteAllCategories.TC_01_Deleting_All_Categories_From_UI(DeleteAllCategories.java:142)
	at java.util.concurrent.ThreadPoolExecutor.runWorker(Unknown Source)
	at java.util.concurrent.ThreadPoolExecutor$Worker.run(Unknown Source)
	at java.lang.Thread.run(Unknown Source)
... Removed 10 stack frames]]>
    </failure>
  </testcase> <!-- TC_01_Deleting_All_Categories_From_UI -->
  <testcase name="TC_01_Deleting_All_Categories_From_UI" time="76.549" classname="com.vbrick.avenger.deleteallgroupsandchannels.DeleteAllCategories"/>
  <testcase name="TC_01_Deleting_All_PresentationProfiles_From_UI" time="334.889" classname="com.vbrick.avenger.deleteallgroupsandchannels.DeleteAllPresentationProfiles"/>
</testsuite> <!-- API TestSuites... -->
