<?xml version="1.0" encoding="UTF-8"?>
<!-- Generated by org.testng.reporters.JUnitXMLReporter -->
<testsuite hostname="VA-WIN7QA-01" name="API TestSuites...(failed)(failed)(failed)(failed)" tests="26" failures="19" timestamp="15 Sep 2022 10:02:22 GMT" time="4685.403" errors="0">
  <testcase name="TC_10_Delete_SingleTranscriptionFile_WithEditAccess" time="52.441" classname="com.vbrick.avenger.videocommentapi_AV_9879_testcases.DeleteVideoTranscriptionFile">
    <failure type="java.lang.AssertionError" message="expected [200] but found [401]">
      <![CDATA[java.lang.AssertionError: expected [200] but found [401]
	at com.vbricks.avenger.api.verifications.AssertionAPIResponse.verifyAssert_httpCode(AssertionAPIResponse.java:15)
	at com.vbrick.avenger.videocommentapi_AV_9879_testcases.DeleteVideoTranscriptionFile.TC_10_Delete_SingleTranscriptionFile_WithEditAccess(DeleteVideoTranscriptionFile.java:677)
	at java.util.concurrent.ThreadPoolExecutor.runWorker(Unknown Source)
	at java.util.concurrent.ThreadPoolExecutor$Worker.run(Unknown Source)
	at java.lang.Thread.run(Unknown Source)
... Removed 15 stack frames]]>
    </failure>
  </testcase> <!-- TC_10_Delete_SingleTranscriptionFile_WithEditAccess -->
  <testcase name="TC_10_Delete_SingleTranscriptionFile_WithEditAccess" time="51.598" classname="com.vbrick.avenger.videocommentapi_AV_9879_testcases.DeleteVideoTranscriptionFile">
    <failure type="java.lang.AssertionError" message="expected [200] but found [401]">
      <![CDATA[java.lang.AssertionError: expected [200] but found [401]
	at com.vbricks.avenger.api.verifications.AssertionAPIResponse.verifyAssert_httpCode(AssertionAPIResponse.java:15)
	at com.vbrick.avenger.videocommentapi_AV_9879_testcases.DeleteVideoTranscriptionFile.TC_10_Delete_SingleTranscriptionFile_WithEditAccess(DeleteVideoTranscriptionFile.java:677)
	at java.util.concurrent.ThreadPoolExecutor.runWorker(Unknown Source)
	at java.util.concurrent.ThreadPoolExecutor$Worker.run(Unknown Source)
	at java.lang.Thread.run(Unknown Source)
... Removed 15 stack frames]]>
    </failure>
  </testcase> <!-- TC_10_Delete_SingleTranscriptionFile_WithEditAccess -->
  <testcase name="TC_06_POST_SearchSuggestions_api_Verifying_when_User_Not_Authenticated" time="90.45" classname="com.vbrick.avenger.mobileappsupport.SearchSuggestionsAPI_AV_27524">
    <failure type="com.vbrick.Exception.Reasons" message="FAIL">
      <![CDATA[com.vbrick.Exception.Reasons: FAIL
	at com.vbrick.Exception.CustomReport.checkinglist(CustomReport.java:390)
	at com.vbrick.avenger.mobileappsupport.SearchSuggestionsAPI_AV_27524.TC_06_POST_SearchSuggestions_api_Verifying_when_User_Not_Authenticated(SearchSuggestionsAPI_AV_27524.java:374)
	at java.util.concurrent.ThreadPoolExecutor.runWorker(Unknown Source)
	at java.util.concurrent.ThreadPoolExecutor$Worker.run(Unknown Source)
	at java.lang.Thread.run(Unknown Source)
... Removed 10 stack frames]]>
    </failure>
  </testcase> <!-- TC_06_POST_SearchSuggestions_api_Verifying_when_User_Not_Authenticated -->
  <testcase name="TC_05_GET_SearchAccessEntity_using_searchstring_withgroupentity_EventHost_Positive" time="136.295" classname="com.vbrick.avenger.videocommentapi_AV_9879_testcases.SearchAccessEntityApi_Av_10684"/>
  <testcase name="TC_02_GET_UserDetail_api_check_UserDetail_with_MediaAdmin_Positive" time="126.341" classname="com.vbrick.avenger.videocommentapi_AV_9879_testcases.UserDetailsWithUserIDApi_AV_9873">
    <failure type="com.vbrick.Exception.Reasons" message="FAIL">
      <![CDATA[com.vbrick.Exception.Reasons: FAIL
	at com.vbrick.Exception.CustomReport.checkinglist(CustomReport.java:390)
	at com.vbrick.avenger.videocommentapi_AV_9879_testcases.UserDetailsWithUserIDApi_AV_9873.TC_02_GET_UserDetail_api_check_UserDetail_with_MediaAdmin_Positive(UserDetailsWithUserIDApi_AV_9873.java:289)
	at java.util.concurrent.ThreadPoolExecutor.runWorker(Unknown Source)
	at java.util.concurrent.ThreadPoolExecutor$Worker.run(Unknown Source)
	at java.lang.Thread.run(Unknown Source)
... Removed 10 stack frames]]>
    </failure>
  </testcase> <!-- TC_02_GET_UserDetail_api_check_UserDetail_with_MediaAdmin_Positive -->
  <testcase name="TC_08_GET_GetVideosDetailsAPI_api_check_with_MediaAdmin_asteamcontributor_Positive" time="317.106" classname="com.vbrick.avenger.videocommentapi_AV_9879_testcases.GetVideoDetails_AV_10175">
    <failure type="com.vbrick.Exception.ReasonsTimeOutException" message="
Build info: version: &amp;apos;3.6.0&amp;apos;, revision: &amp;apos;6fbf3ec767&amp;apos;, time: &amp;apos;2017-09-27T15:28:36.4Z&amp;apos;

Driver info: driver.version: unknown">
      <![CDATA[
	at com.vbrick.avenger.funUtil.WaitForElements.waitForElementPresent(WaitForElements.java:140)
	at com.vbrick.avenger.funUtil.WebElements.getText(WebElements.java:1012)
	at com.vbrick.avenger.pageobjects.AvengerVideoCommentsPage.verify_Label1(AvengerVideoCommentsPage.java:1067)
	at com.vbrick.avenger.videocommentapi_AV_9879_testcases.GetVideoDetails_AV_10175.TC_08_GET_GetVideosDetailsAPI_api_check_with_MediaAdmin_asteamcontributor_Positive(GetVideoDetails_AV_10175.java:640)
	at java.util.concurrent.ThreadPoolExecutor.runWorker(Unknown Source)
	at java.util.concurrent.ThreadPoolExecutor$Worker.run(Unknown Source)
	at java.lang.Thread.run(Unknown Source)
... Removed 10 stack frames]]>
    </failure>
  </testcase> <!-- TC_08_GET_GetVideosDetailsAPI_api_check_with_MediaAdmin_asteamcontributor_Positive -->
  <testcase name="TC_05_GET_GetTeamsVideoDetailsAPI_api_check_with_MediaContributor_Negative" time="1.542" classname="com.vbrick.avenger.videocommentapi_AV_9879_testcases.GetVideoDetails_AV_10175">
    <failure type="java.lang.AssertionError" message="expected [401] but found [200]">
      <![CDATA[java.lang.AssertionError: expected [401] but found [200]
	at com.vbricks.avenger.api.verifications.AssertionAPIResponse.verifyAssert_httpCode(AssertionAPIResponse.java:15)
	at com.vbrick.avenger.videocommentapi_AV_9879_testcases.GetVideoDetails_AV_10175.TC_05_GET_GetTeamsVideoDetailsAPI_api_check_with_MediaContributor_Negative(GetVideoDetails_AV_10175.java:440)
	at java.util.concurrent.ThreadPoolExecutor.runWorker(Unknown Source)
	at java.util.concurrent.ThreadPoolExecutor$Worker.run(Unknown Source)
	at java.lang.Thread.run(Unknown Source)
... Removed 15 stack frames]]>
    </failure>
  </testcase> <!-- TC_05_GET_GetTeamsVideoDetailsAPI_api_check_with_MediaContributor_Negative -->
  <testcase name="TC_06_GET_GetVideoThumbnailAPI_api_check_when_Sharing_of_metadata_is_Checked_at_Account_Level_Positive" time="261.646" classname="com.vbrick.avenger.videocommentapi_AV_9879_testcases.GetVideoThumbnail_AV_28062">
    <failure type="com.vbrick.Exception.ReasonsTimeOutException" message="
Build info: version: &amp;apos;3.6.0&amp;apos;, revision: &amp;apos;6fbf3ec767&amp;apos;, time: &amp;apos;2017-09-27T15:28:36.4Z&amp;apos;

Driver info: driver.version: unknown">
      <![CDATA[
	at com.vbrick.avenger.funUtil.WaitForElements.waitForElementPresent(WaitForElements.java:140)
	at com.vbrick.avenger.funUtil.WebElements.check_Checkbox(WebElements.java:536)
	at com.vbrick.avenger.pageobjects.AvengerUserPasswordParametersPage.checkAllowSharingofmetadataprivateVideos(AvengerUserPasswordParametersPage.java:503)
	at com.vbrick.avenger.videocommentapi_AV_9879_testcases.GetVideoThumbnail_AV_28062.TC_06_GET_GetVideoThumbnailAPI_api_check_when_Sharing_of_metadata_is_Checked_at_Account_Level_Positive(GetVideoThumbnail_AV_28062.java:310)
	at java.util.concurrent.ThreadPoolExecutor.runWorker(Unknown Source)
	at java.util.concurrent.ThreadPoolExecutor$Worker.run(Unknown Source)
	at java.lang.Thread.run(Unknown Source)
... Removed 10 stack frames]]>
    </failure>
  </testcase> <!-- TC_06_GET_GetVideoThumbnailAPI_api_check_when_Sharing_of_metadata_is_Checked_at_Account_Level_Positive -->
  <testcase name="TC_02_GET_Subscriptions_api_check_With_AccontAdmin_with_NO_Subscriptions" time="131.525" classname="com.vbrick.avenger.videocommentapi_AV_9879_testcases.Get_SubscriptionsAPI_AV_28410">
    <failure type="com.vbrick.Exception.Reasons" message="FAIL">
      <![CDATA[com.vbrick.Exception.Reasons: FAIL
	at com.vbrick.Exception.CustomReport.checkinglist(CustomReport.java:390)
	at com.vbrick.avenger.videocommentapi_AV_9879_testcases.Get_SubscriptionsAPI_AV_28410.TC_02_GET_Subscriptions_api_check_With_AccontAdmin_with_NO_Subscriptions(Get_SubscriptionsAPI_AV_28410.java:270)
	at java.util.concurrent.ThreadPoolExecutor.runWorker(Unknown Source)
	at java.util.concurrent.ThreadPoolExecutor$Worker.run(Unknown Source)
	at java.lang.Thread.run(Unknown Source)
... Removed 10 stack frames]]>
    </failure>
  </testcase> <!-- TC_02_GET_Subscriptions_api_check_With_AccontAdmin_with_NO_Subscriptions -->
  <testcase name="TC_01_GET_Subscriptions_api_check_With_AccontAdmin_Positive" time="75.192" classname="com.vbrick.avenger.videocommentapi_AV_9879_testcases.Get_SubscriptionsAPI_AV_28410">
    <failure type="com.vbrick.Exception.Reasons" message="FAIL">
      <![CDATA[com.vbrick.Exception.Reasons: FAIL
	at com.vbrick.Exception.CustomReport.checkinglist(CustomReport.java:390)
	at com.vbrick.avenger.videocommentapi_AV_9879_testcases.Get_SubscriptionsAPI_AV_28410.TC_01_GET_Subscriptions_api_check_With_AccontAdmin_Positive(Get_SubscriptionsAPI_AV_28410.java:218)
	at java.util.concurrent.ThreadPoolExecutor.runWorker(Unknown Source)
	at java.util.concurrent.ThreadPoolExecutor$Worker.run(Unknown Source)
	at java.lang.Thread.run(Unknown Source)
... Removed 10 stack frames]]>
    </failure>
  </testcase> <!-- TC_01_GET_Subscriptions_api_check_With_AccontAdmin_Positive -->
  <testcase name="TC_06_GET_Subscriptions_api_check_With_AccontAdmin_Positive" time="15.091" classname="com.vbrick.avenger.videocommentapi_AV_9879_testcases.Get_SubscriptionsAPI_AV_28410">
    <failure type="com.vbrick.Exception.Reasons" message="FAIL">
      <![CDATA[com.vbrick.Exception.Reasons: FAIL
	at com.vbrick.Exception.CustomReport.checkinglist(CustomReport.java:390)
	at com.vbrick.avenger.videocommentapi_AV_9879_testcases.Get_SubscriptionsAPI_AV_28410.TC_06_GET_Subscriptions_api_check_With_AccontAdmin_Positive(Get_SubscriptionsAPI_AV_28410.java:514)
	at java.util.concurrent.ThreadPoolExecutor.runWorker(Unknown Source)
	at java.util.concurrent.ThreadPoolExecutor$Worker.run(Unknown Source)
	at java.lang.Thread.run(Unknown Source)
... Removed 10 stack frames]]>
    </failure>
  </testcase> <!-- TC_06_GET_Subscriptions_api_check_With_AccontAdmin_Positive -->
  <testcase name="TC_05_GET_Subscriptions_api_check_With_AccontAdmin_Positive" time="14.582" classname="com.vbrick.avenger.videocommentapi_AV_9879_testcases.Get_SubscriptionsAPI_AV_28410">
    <failure type="com.vbrick.Exception.Reasons" message="FAIL">
      <![CDATA[com.vbrick.Exception.Reasons: FAIL
	at com.vbrick.Exception.CustomReport.checkinglist(CustomReport.java:390)
	at com.vbrick.avenger.videocommentapi_AV_9879_testcases.Get_SubscriptionsAPI_AV_28410.TC_05_GET_Subscriptions_api_check_With_AccontAdmin_Positive(Get_SubscriptionsAPI_AV_28410.java:429)
	at java.util.concurrent.ThreadPoolExecutor.runWorker(Unknown Source)
	at java.util.concurrent.ThreadPoolExecutor$Worker.run(Unknown Source)
	at java.lang.Thread.run(Unknown Source)
... Removed 10 stack frames]]>
    </failure>
  </testcase> <!-- TC_05_GET_Subscriptions_api_check_With_AccontAdmin_Positive -->
  <testcase name="TC_08_UploadTranscriptionFiles_AV10646_Uploading_TranscriptionContent_AccountAdmin_ByOverRidingAnExistingFile" time="36.363" classname="com.vbrick.avenger.uploadvideoapi_AV_6015_testcases.UploadTranscriptionFile_AV_10646">
    <failure type="com.vbrick.Exception.Reasons" message="FAIL">
      <![CDATA[com.vbrick.Exception.Reasons: FAIL
	at com.vbrick.Exception.CustomReport.checkinglist(CustomReport.java:390)
	at com.vbrick.avenger.uploadvideoapi_AV_6015_testcases.UploadTranscriptionFile_AV_10646.TC_08_UploadTranscriptionFiles_AV10646_Uploading_TranscriptionContent_AccountAdmin_ByOverRidingAnExistingFile(UploadTranscriptionFile_AV_10646.java:516)
	at java.util.concurrent.ThreadPoolExecutor.runWorker(Unknown Source)
	at java.util.concurrent.ThreadPoolExecutor$Worker.run(Unknown Source)
	at java.lang.Thread.run(Unknown Source)
... Removed 10 stack frames]]>
    </failure>
  </testcase> <!-- TC_08_UploadTranscriptionFiles_AV10646_Uploading_TranscriptionContent_AccountAdmin_ByOverRidingAnExistingFile -->
  <testcase name="TC_01_GET_EventList_api_check_With_AccountAdmin_Positive" time="118.108" classname="com.vbrick.avenger.videocommentapi_AV_9879_testcases.EventListApi_Av_11123">
    <failure type="com.vbrick.Exception.Reasons" message="FAIL">
      <![CDATA[com.vbrick.Exception.Reasons: FAIL
	at com.vbrick.Exception.CustomReport.checkinglist(CustomReport.java:390)
	at com.vbrick.avenger.videocommentapi_AV_9879_testcases.EventListApi_Av_11123.TC_01_GET_EventList_api_check_With_AccountAdmin_Positive(EventListApi_Av_11123.java:228)
	at java.util.concurrent.ThreadPoolExecutor.runWorker(Unknown Source)
	at java.util.concurrent.ThreadPoolExecutor$Worker.run(Unknown Source)
	at java.lang.Thread.run(Unknown Source)
... Removed 10 stack frames]]>
    </failure>
  </testcase> <!-- TC_01_GET_EventList_api_check_With_AccountAdmin_Positive -->
  <testcase name="TC_04_GET_EventList_api_check_With_MediaViewer_Positive" time="24.18" classname="com.vbrick.avenger.videocommentapi_AV_9879_testcases.EventListApi_Av_11123"/>
  <testcase name="TC_02_GET_EventList_api_check_With_MediaAdmin_Positive" time="26.4" classname="com.vbrick.avenger.videocommentapi_AV_9879_testcases.EventListApi_Av_11123">
    <failure type="com.vbrick.Exception.Reasons" message="FAIL">
      <![CDATA[com.vbrick.Exception.Reasons: FAIL
	at com.vbrick.Exception.CustomReport.checkinglist(CustomReport.java:390)
	at com.vbrick.avenger.videocommentapi_AV_9879_testcases.EventListApi_Av_11123.TC_02_GET_EventList_api_check_With_MediaAdmin_Positive(EventListApi_Av_11123.java:262)
	at java.util.concurrent.ThreadPoolExecutor.runWorker(Unknown Source)
	at java.util.concurrent.ThreadPoolExecutor$Worker.run(Unknown Source)
	at java.lang.Thread.run(Unknown Source)
... Removed 10 stack frames]]>
    </failure>
  </testcase> <!-- TC_02_GET_EventList_api_check_With_MediaAdmin_Positive -->
  <testcase name="TC_02_GET_EventStatus_Inprogress_withpreproductionEnabled_AccoutAdmin_Positive" time="377.087" classname="com.vbrick.avenger.videocommentapi_AV_9879_testcases.GetEventStatus">
    <failure type="com.vbrick.Exception.ReasonsTimeOutException" message="
Build info: version: &amp;apos;3.6.0&amp;apos;, revision: &amp;apos;6fbf3ec767&amp;apos;, time: &amp;apos;2017-09-27T15:28:36.4Z&amp;apos;

Driver info: driver.version: unknown">
      <![CDATA[
	at com.vbrick.avenger.funUtil.WaitForElements.waitForElementPresent(WaitForElements.java:140)
	at com.vbrick.avenger.funUtil.WebElements.click(WebElements.java:342)
	at com.vbrick.avenger.pageobjects.AvengerEventDetailsPage.enablepreproduction(AvengerEventDetailsPage.java:1199)
	at com.vbrick.avenger.videocommentapi_AV_9879_testcases.GetEventStatus.TC_02_GET_EventStatus_Inprogress_withpreproductionEnabled_AccoutAdmin_Positive(GetEventStatus.java:290)
	at java.util.concurrent.ThreadPoolExecutor.runWorker(Unknown Source)
	at java.util.concurrent.ThreadPoolExecutor$Worker.run(Unknown Source)
	at java.lang.Thread.run(Unknown Source)
... Removed 10 stack frames]]>
    </failure>
  </testcase> <!-- TC_02_GET_EventStatus_Inprogress_withpreproductionEnabled_AccoutAdmin_Positive -->
  <testcase name="TC_04_GET_UserName_api_check_UserName_with_Eventadmin_Positive" time="124.594" classname="com.vbrick.avenger.videocommentapi_AV_9879_testcases.UserDetailsWithUserNameApi_AV_9873">
    <failure type="com.vbrick.Exception.Reasons" message="FAIL">
      <![CDATA[com.vbrick.Exception.Reasons: FAIL
	at com.vbrick.Exception.CustomReport.checkinglist(CustomReport.java:390)
	at com.vbrick.avenger.videocommentapi_AV_9879_testcases.UserDetailsWithUserNameApi_AV_9873.TC_04_GET_UserName_api_check_UserName_with_Eventadmin_Positive(UserDetailsWithUserNameApi_AV_9873.java:386)
	at java.util.concurrent.ThreadPoolExecutor.runWorker(Unknown Source)
	at java.util.concurrent.ThreadPoolExecutor$Worker.run(Unknown Source)
	at java.lang.Thread.run(Unknown Source)
... Removed 10 stack frames]]>
    </failure>
  </testcase> <!-- TC_04_GET_UserName_api_check_UserName_with_Eventadmin_Positive -->
  <testcase name="TC_01_GET_TranscriptionFile_OfaVideo_AccountAdmin" time="6.176" classname="com.vbrick.avenger.videocommentapi_AV_9879_testcases.GetVideoTranscriptionFiles">
    <failure type="java.lang.AssertionError" message="expected [200] but found [null]">
      <![CDATA[java.lang.AssertionError: expected [200] but found [null]
	at com.vbricks.avenger.api.verifications.AssertionAPIResponse.verifyAssert_httpCode(AssertionAPIResponse.java:15)
	at com.vbrick.avenger.videocommentapi_AV_9879_testcases.GetVideoTranscriptionFiles.TC_01_GET_TranscriptionFile_OfaVideo_AccountAdmin(GetVideoTranscriptionFiles.java:163)
	at java.util.concurrent.ThreadPoolExecutor.runWorker(Unknown Source)
	at java.util.concurrent.ThreadPoolExecutor$Worker.run(Unknown Source)
	at java.lang.Thread.run(Unknown Source)
... Removed 15 stack frames]]>
    </failure>
  </testcase> <!-- TC_01_GET_TranscriptionFile_OfaVideo_AccountAdmin -->
  <testcase name="TC_02_GET_UploadRights_of_a_MediaViewer_with_AccoutAdmin_Positive" time="0.476" classname="com.vbrick.avenger.mobileappsupport.CheckForUploadRightsInUserAPI_AV_28488"/>
  <testcase name="TC_01_GET_AssignableCategories_api_check_With_AccountAdmin_Positive" time="234.806" classname="com.vbrick.avenger.mobileappsupport.AssignableCategoriesAPI_AV_28666"/>
  <testcase name="TC_02_GET_AssignableCategories_api_check_With_AccountAdmin_Positive" time="230.36" classname="com.vbrick.avenger.mobileappsupport.AssignableCategoriesAPI_AV_28666"/>
  <testcase name="TC_04_GET_AssignableCategories_api_check_With_MediaViewer_Positive" time="229.946" classname="com.vbrick.avenger.mobileappsupport.AssignableCategoriesAPI_AV_28666"/>
  <testcase name="TC_03_GET_AssignableCategories_api_check_With_MediaContributor_Positive" time="228.752" classname="com.vbrick.avenger.mobileappsupport.AssignableCategoriesAPI_AV_28666"/>
  <testcase name="TC_41_UploadVideos_Teams_AccountAdmin_onevalidandoneinvalidteam_Positive" time="78.787" classname="com.vbrick.avenger.uploadvideoapi_AV_6015_testcases.UploadVideos_AV_6015">
    <failure type="org.openqa.selenium.NoSuchElementException" message="no such element: Unable to locate element: {&amp;quot;method&amp;quot;:&amp;quot;xpath&amp;quot;,&amp;quot;selector&amp;quot;:&amp;quot;//a[contains(text(),&amp;apos;APIUserUpload_7y41IAGU1X5&amp;apos;)]&amp;quot;}
  (Session info: chrome=105.0.5195.102)
For documentation on this error, please visit: http://seleniumhq.org/exceptions/no_such_element.html
Build info: version: &amp;apos;3.6.0&amp;apos;, revision: &amp;apos;6fbf3ec767&amp;apos;, time: &amp;apos;2017-09-27T15:28:36.4Z&amp;apos;
System info: host: &amp;apos;VA-WIN7QA-01&amp;apos;, ip: &amp;apos;10.10.6.14&amp;apos;, os.name: &amp;apos;Windows 7&amp;apos;, os.arch: &amp;apos;amd64&amp;apos;, os.version: &amp;apos;6.1&amp;apos;, java.version: &amp;apos;1.8.0_101&amp;apos;
Driver info: org.openqa.selenium.chrome.ChromeDriver
Capabilities [{networkConnectionEnabled=false, chrome={chromedriverVersion=105.0.5195.52 (412c95e518836d8a7d97250d62b29c2ae6a26a85-refs/branch-heads/5195@{#853}), userDataDir=C:\Users\ARJUN~1.ABH\AppData\Local\Temp\scoped_dir24676_211214485}, timeouts={implicit=0, pageLoad=300000, script=30000}, pageLoadStrategy=normal, unhandledPromptBehavior=dismiss and notify, strictFileInteractability=false, platform=WINDOWS, proxy=Proxy(), goog:chromeOptions={debuggerAddress=localhost:51624}, webauthn:extension:credBlob=true, acceptInsecureCerts=false, browserVersion=105.0.5195.102, browserName=chrome, javascriptEnabled=true, platformName=WINDOWS, setWindowRect=true, webauthn:extension:largeBlob=true, webauthn:virtualAuthenticators=true}]
Session ID: e44cd8a53f85995748571fc59ef94d12
*** Element info: {Using=xpath, value=//a[contains(text(),&amp;apos;APIUserUpload_7y41IAGU1X5&amp;apos;)]}">
      <![CDATA[org.openqa.selenium.NoSuchElementException: no such element: Unable to locate element: {"method":"xpath","selector":"//a[contains(text(),'APIUserUpload_7y41IAGU1X5')]"}
  (Session info: chrome=105.0.5195.102)
For documentation on this error, please visit: http://seleniumhq.org/exceptions/no_such_element.html
Build info: version: '3.6.0', revision: '6fbf3ec767', time: '2017-09-27T15:28:36.4Z'
System info: host: 'VA-WIN7QA-01', ip: '10.10.6.14', os.name: 'Windows 7', os.arch: 'amd64', os.version: '6.1', java.version: '1.8.0_101'
Driver info: org.openqa.selenium.chrome.ChromeDriver
Capabilities [{networkConnectionEnabled=false, chrome={chromedriverVersion=105.0.5195.52 (412c95e518836d8a7d97250d62b29c2ae6a26a85-refs/branch-heads/5195@{#853}), userDataDir=C:\Users\ARJUN~1.ABH\AppData\Local\Temp\scoped_dir24676_211214485}, timeouts={implicit=0, pageLoad=300000, script=30000}, pageLoadStrategy=normal, unhandledPromptBehavior=dismiss and notify, strictFileInteractability=false, platform=WINDOWS, proxy=Proxy(), goog:chromeOptions={debuggerAddress=localhost:51624}, webauthn:extension:credBlob=true, acceptInsecureCerts=false, browserVersion=105.0.5195.102, browserName=chrome, javascriptEnabled=true, platformName=WINDOWS, setWindowRect=true, webauthn:extension:largeBlob=true, webauthn:virtualAuthenticators=true}]
Session ID: e44cd8a53f85995748571fc59ef94d12
*** Element info: {Using=xpath, value=//a[contains(text(),'APIUserUpload_7y41IAGU1X5')]}
	at org.openqa.selenium.remote.http.W3CHttpResponseCodec.createException(W3CHttpResponseCodec.java:185)
	at org.openqa.selenium.remote.http.W3CHttpResponseCodec.decode(W3CHttpResponseCodec.java:120)
	at org.openqa.selenium.remote.http.W3CHttpResponseCodec.decode(W3CHttpResponseCodec.java:49)
	at org.openqa.selenium.remote.HttpCommandExecutor.execute(HttpCommandExecutor.java:164)
	at org.openqa.selenium.remote.service.DriverCommandExecutor.execute(DriverCommandExecutor.java:83)
	at org.openqa.selenium.remote.RemoteWebDriver.execute(RemoteWebDriver.java:586)
	at org.openqa.selenium.remote.RemoteWebDriver.findElement(RemoteWebDriver.java:356)
	at org.openqa.selenium.remote.RemoteWebDriver.findElementByXPath(RemoteWebDriver.java:458)
	at org.openqa.selenium.By$ByXPath.findElement(By.java:361)
	at org.openqa.selenium.remote.RemoteWebDriver.findElement(RemoteWebDriver.java:348)
	at com.vbrick.avenger.funUtil.WebElements.clickusingjavascript(WebElements.java:484)
	at com.vbrick.avenger.pageobjects.AvengerDashboardPage.clickVideo(AvengerDashboardPage.java:295)
	at com.vbrick.avenger.uploadvideoapi_AV_6015_testcases.UploadVideos_AV_6015.TC_41_UploadVideos_Teams_AccountAdmin_onevalidandoneinvalidteam_Positive(UploadVideos_AV_6015.java:2190)
	at java.util.concurrent.ThreadPoolExecutor.runWorker(Unknown Source)
	at java.util.concurrent.ThreadPoolExecutor$Worker.run(Unknown Source)
	at java.lang.Thread.run(Unknown Source)
... Removed 13 stack frames]]>
    </failure>
  </testcase> <!-- TC_41_UploadVideos_Teams_AccountAdmin_onevalidandoneinvalidteam_Positive -->
  <testcase name="TC_16_UploadVideos_MediaAdmin_With_VidoeACcessControlAsTeams_bygivingatleastoneteam_mediaadminasteamcontributor_Positive" time="271.382" classname="com.vbrick.avenger.uploadvideoapi_AV_6015_testcases.UploadVideos_AV_6015">
    <failure type="com.vbrick.Exception.ReasonsTimeOutException" message="
Build info: version: &amp;apos;3.6.0&amp;apos;, revision: &amp;apos;6fbf3ec767&amp;apos;, time: &amp;apos;2017-09-27T15:28:36.4Z&amp;apos;

Driver info: driver.version: unknown">
      <![CDATA[
	at com.vbrick.avenger.funUtil.WaitForElements.waitForElementPresent(WaitForElements.java:140)
	at com.vbrick.avenger.funUtil.WebElements.getText(WebElements.java:1012)
	at com.vbrick.avenger.pageobjects.AvengerVideoCommentsPage.verify_Label(AvengerVideoCommentsPage.java:1060)
	at com.vbrick.avenger.uploadvideoapi_AV_6015_testcases.UploadVideos_AV_6015.TC_16_UploadVideos_MediaAdmin_With_VidoeACcessControlAsTeams_bygivingatleastoneteam_mediaadminasteamcontributor_Positive(UploadVideos_AV_6015.java:954)
	at java.util.concurrent.ThreadPoolExecutor.runWorker(Unknown Source)
	at java.util.concurrent.ThreadPoolExecutor$Worker.run(Unknown Source)
	at java.lang.Thread.run(Unknown Source)
... Removed 10 stack frames]]>
    </failure>
  </testcase> <!-- TC_16_UploadVideos_MediaAdmin_With_VidoeACcessControlAsTeams_bygivingatleastoneteam_mediaadminasteamcontributor_Positive -->
</testsuite> <!-- API TestSuites...(failed)(failed)(failed)(failed) -->
