<html>
<head>
<title>TestNG:  API TestSuites...(failed)(failed)(failed)(failed)</title>
<link href="../testng.css" rel="stylesheet" type="text/css" />
<link href="../my-testng.css" rel="stylesheet" type="text/css" />

<style type="text/css">
.log { display: none;} 
.stack-trace { display: none;} 
</style>
<script type="text/javascript">
<!--
function flip(e) {
  current = e.style.display;
  if (current == 'block') {
    e.style.display = 'none';
    return 0;
  }
  else {
    e.style.display = 'block';
    return 1;
  }
}

function toggleBox(szDivId, elem, msg1, msg2)
{
  var res = -1;  if (document.getElementById) {
    res = flip(document.getElementById(szDivId));
  }
  else if (document.all) {
    // this is the way old msie versions work
    res = flip(document.all[szDivId]);
  }
  if(elem) {
    if(res == 0) elem.innerHTML = msg1; else elem.innerHTML = msg2;
  }

}

function toggleAllBoxes() {
  if (document.getElementsByTagName) {
    d = document.getElementsByTagName('div');
    for (i = 0; i < d.length; i++) {
      if (d[i].className == 'log') {
        flip(d[i]);
      }
    }
  }
}

// -->
</script>

</head>
<body>
<h2 align='center'>API TestSuites...(failed)(failed)(failed)(failed)</h2><table border='1' align="center">
<tr>
<td>Tests passed/Failed/Skipped:</td><td>7/18/0</td>
</tr><tr>
<td>Started on:</td><td>Thu Sep 15 14:14:16 IST 2022</td>
</tr>
<tr><td>Total time:</td><td>4685 seconds (4685403 ms)</td>
</tr><tr>
<td>Included groups:</td><td></td>
</tr><tr>
<td>Excluded groups:</td><td></td>
</tr>
</table><p/>
<small><i>(Hover the method name to see the test class name)</i></small><p/>
<table width='100%' border='1' class='invocation-failed'>
<tr><td colspan='4' align='center'><b>FAILED TESTS</b></td></tr>
<tr><td><b>Test method</b></td>
<td width="30%"><b>Exception</b></td>
<td width="10%"><b>Time (seconds)</b></td>
<td><b>Instance</b></td>
</tr>
<tr>
<td title='com.vbrick.avenger.videocommentapi_AV_9879_testcases.EventListApi_Av_11123.TC_01_GET_EventList_api_check_With_AccountAdmin_Positive()'><b>TC_01_GET_EventList_api_check_With_AccountAdmin_Positive</b><br>Test class: com.vbrick.avenger.videocommentapi_AV_9879_testcases.EventListApi_Av_11123<br>Test method: To Verify the EventList using EventList API with Account Admin<br>Parameters: org.testng.TestRunner@4f133044<br/>
<a href="#Output-229175354" onClick='toggleBox("Output-229175354", this, "Show output", "Hide output");'>Show output</a>

<a href="#Output-229175354" onClick="toggleAllBoxes();">Show all outputs</a>
<div class='log' id="Output-229175354">
Step-1:User name has been Entered<br><br/>
Step-2:Password has been entered<br><br/>
Step-3:Submit button Clicked<br><br/>
Step-4:Login SucessFully<br><br/>
Step-5:Devices Link is clicked<br><br/>
Step-6:All Devices is clicked<br><br/>
Step-7:Devices Page is Displayed Successfully<br><br/>
Step-8:Add Device Button is Clicked<br><br/>
Step-9:Custom Device link  is Clicked<br><br/>
Step-10:Entered device nameHKLRf<br><br/>
Step-11:Entered ip address15.28.31.13<br><br/>
Step-12:Entered stream nameStream686882<br><br/>
Step-13:Entered stream urlhttp://qa686882<br><br/>
Step-14:Selected encoding type isMpeg4<br><br/>
Step-15:Devices Link is clicked<br><br/>
Step-16:Presentation Profile is clicked<br><br/>
Step-17:Add Presentation Profile  Button is Clicked<br><br/>
Step-18:Added presentation profile data<br><br/>
Step-19:Create button is clicked<br><br/>
Step-20:Clicked on User Log Out Button<br><br/>
Step-21:Clicked on Log Out Button<br><br/>
Step-22:Application launch with URL : https://autoapi.rev-qa.vbrick.com/<br><br/>
Step-23:User name has been Entered<br><br/>
Step-24:Password has been entered<br><br/>
Step-25:Submit button Clicked<br><br/>
Step-26:Login SucessFully<br><br/>
Step-27:Groups  link is clicked<br><br/>
Step-28:Create Group Button Locator is Clicked<br><br/>
Step-29:Group Created Successfully with Group NamezMhHD<br><br/>
Step-30:New Group link is ClickedzMhHD<br><br/>
Step-31:Clicked on User Log Out Button<br><br/>
Step-32:Clicked on Log Out Button<br><br/>
Step-33:Expected Value : 200</br>Actual Value :200::PASS<br><br/>
Step-34:Expected Value : 200OK</br>Actual Value :200OK::PASS<br><br/>
Step-35:Expected Value : 200OK</br>Actual Value :200OK::PASS<br><br/>
Step-36:Application launch with URL : https://autoapi.rev-qa.vbrick.com/<br><br/>
Step-37:User name has been Entered<br><br/>
Step-38:Password has been entered<br><br/>
Step-39:Submit button Clicked<br><br/>
Step-40:Login SucessFully<br><br/>
Step-41:Avenger Dashboard Page is Clicked<br><br/>
Step-42:Events Tab is  Clicked<br><br/>
Step-43:Expected Value : true</br>Actual Value :true::PASS<br><br/>
Step-44:<font color='red'>Expected Value trueActual Valuefalse::Fail<a href="C:\Users\arjun.abhesheke\git\AvengerAPIUpdate\AvengerAPI\target\surefire-reports\Screenshots\TC_01_GET_EventList_api_check_With_AccountAdmin_Positive202209258144800.png"><p align="left"><h5>Error screenshot :: TC_01_GET_EventList_api_check_With_AccountAdmin_Positive202209258144800.png</h5></p></a></font><br><br/>
</div>
</td>
<td><div><pre>com.vbrick.Exception.Reasons: FAIL
	at com.vbrick.Exception.CustomReport.checkinglist(CustomReport.java:390)
	at com.vbrick.avenger.videocommentapi_AV_9879_testcases.EventListApi_Av_11123.TC_01_GET_EventList_api_check_With_AccountAdmin_Positive(EventListApi_Av_11123.java:228)
	at java.util.concurrent.ThreadPoolExecutor.runWorker(Unknown Source)
	at java.util.concurrent.ThreadPoolExecutor$Worker.run(Unknown Source)
	at java.lang.Thread.run(Unknown Source)
... Removed 10 stack frames</pre></div><a href='#' onClick='toggleBox("stack-trace229175354", this, "Click to show all stack frames", "Click to hide stack frames")'>Click to show all stack frames</a>
<div class='stack-trace' id='stack-trace229175354'><pre>com.vbrick.Exception.Reasons: FAIL
	at com.vbrick.Exception.CustomReport.checkinglist(CustomReport.java:390)
	at com.vbrick.avenger.videocommentapi_AV_9879_testcases.EventListApi_Av_11123.TC_01_GET_EventList_api_check_With_AccountAdmin_Positive(EventListApi_Av_11123.java:228)
	at sun.reflect.NativeMethodAccessorImpl.invoke0(Native Method)
	at sun.reflect.NativeMethodAccessorImpl.invoke(Unknown Source)
	at sun.reflect.DelegatingMethodAccessorImpl.invoke(Unknown Source)
	at java.lang.reflect.Method.invoke(Unknown Source)
	at org.testng.internal.MethodInvocationHelper.invokeMethod(MethodInvocationHelper.java:85)
	at org.testng.internal.Invoker.invokeMethod(Invoker.java:659)
	at org.testng.internal.Invoker.invokeTestMethod(Invoker.java:845)
	at org.testng.internal.Invoker.invokeTestMethods(Invoker.java:1153)
	at org.testng.internal.TestMethodWorker.invokeTestMethods(TestMethodWorker.java:125)
	at org.testng.internal.TestMethodWorker.run(TestMethodWorker.java:108)
	at java.util.concurrent.ThreadPoolExecutor.runWorker(Unknown Source)
	at java.util.concurrent.ThreadPoolExecutor$Worker.run(Unknown Source)
	at java.lang.Thread.run(Unknown Source)
</pre></div></td>
<td>118</td>
<td>com.vbrick.avenger.videocommentapi_AV_9879_testcases.EventListApi_Av_11123@55ca8de8</td></tr>
<tr>
<td title='com.vbrick.avenger.videocommentapi_AV_9879_testcases.Get_SubscriptionsAPI_AV_28410.TC_01_GET_Subscriptions_api_check_With_AccontAdmin_Positive()'><b>TC_01_GET_Subscriptions_api_check_With_AccontAdmin_Positive</b><br>Test class: com.vbrick.avenger.videocommentapi_AV_9879_testcases.Get_SubscriptionsAPI_AV_28410<br>Test method: To Verify GET Subscription API with Account Admin when subscribed only to a channel<br>Parameters: org.testng.TestRunner@4f133044<br/>
<a href="#Output-907939598" onClick='toggleBox("Output-907939598", this, "Show output", "Hide output");'>Show output</a>

<a href="#Output-907939598" onClick="toggleAllBoxes();">Show all outputs</a>
<div class='log' id="Output-907939598">
Step-1:Expected Value : 200</br>Actual Value :200::PASS<br><br/>
Step-2:Expected Value : 200</br>Actual Value :200::PASS<br><br/>
Step-3:Expected Value : 200</br>Actual Value :200::PASS<br><br/>
Step-4:Expected Value : 200</br>Actual Value :200::PASS<br><br/>
Step-5:Expected Value : 200</br>Actual Value :200::PASS<br><br/>
Step-6:Application launch with URL : https://autoapi.rev-qa.vbrick.com/<br><br/>
Step-7:User name has been Entered<br><br/>
Step-8:Password has been entered<br><br/>
Step-9:Submit button Clicked<br><br/>
Step-10:Login SucessFully<br><br/>
Step-11:<font color='red'>Expected Value 28
Actual Value11::Fail<a href="C:\Users\arjun.abhesheke\git\AvengerAPIUpdate\AvengerAPI\target\surefire-reports\Screenshots\TC_01_GET_Subscriptions_api_check_With_AccontAdmin_Positive202209258144342.png"><p align="left"><h5>Error screenshot :: TC_01_GET_Subscriptions_api_check_With_AccontAdmin_Positive202209258144342.png</h5></p></a></font><br><br/>
Step-12:<font color='red'>Expected Value 1
Actual Value0::Fail<a href="C:\Users\arjun.abhesheke\git\AvengerAPIUpdate\AvengerAPI\target\surefire-reports\Screenshots\TC_01_GET_Subscriptions_api_check_With_AccontAdmin_Positive202209258144342.png"><p align="left"><h5>Error screenshot :: TC_01_GET_Subscriptions_api_check_With_AccontAdmin_Positive202209258144342.png</h5></p></a></font><br><br/>
Step-13:<font color='red'>Expected Value 29
Actual Value11::Fail<a href="C:\Users\arjun.abhesheke\git\AvengerAPIUpdate\AvengerAPI\target\surefire-reports\Screenshots\TC_01_GET_Subscriptions_api_check_With_AccontAdmin_Positive202209258144342.png"><p align="left"><h5>Error screenshot :: TC_01_GET_Subscriptions_api_check_With_AccontAdmin_Positive202209258144342.png</h5></p></a></font><br><br/>
</div>
</td>
<td><div><pre>com.vbrick.Exception.Reasons: FAIL
	at com.vbrick.Exception.CustomReport.checkinglist(CustomReport.java:390)
	at com.vbrick.avenger.videocommentapi_AV_9879_testcases.Get_SubscriptionsAPI_AV_28410.TC_01_GET_Subscriptions_api_check_With_AccontAdmin_Positive(Get_SubscriptionsAPI_AV_28410.java:218)
	at java.util.concurrent.ThreadPoolExecutor.runWorker(Unknown Source)
	at java.util.concurrent.ThreadPoolExecutor$Worker.run(Unknown Source)
	at java.lang.Thread.run(Unknown Source)
... Removed 10 stack frames</pre></div><a href='#' onClick='toggleBox("stack-trace907939598", this, "Click to show all stack frames", "Click to hide stack frames")'>Click to show all stack frames</a>
<div class='stack-trace' id='stack-trace907939598'><pre>com.vbrick.Exception.Reasons: FAIL
	at com.vbrick.Exception.CustomReport.checkinglist(CustomReport.java:390)
	at com.vbrick.avenger.videocommentapi_AV_9879_testcases.Get_SubscriptionsAPI_AV_28410.TC_01_GET_Subscriptions_api_check_With_AccontAdmin_Positive(Get_SubscriptionsAPI_AV_28410.java:218)
	at sun.reflect.NativeMethodAccessorImpl.invoke0(Native Method)
	at sun.reflect.NativeMethodAccessorImpl.invoke(Unknown Source)
	at sun.reflect.DelegatingMethodAccessorImpl.invoke(Unknown Source)
	at java.lang.reflect.Method.invoke(Unknown Source)
	at org.testng.internal.MethodInvocationHelper.invokeMethod(MethodInvocationHelper.java:85)
	at org.testng.internal.Invoker.invokeMethod(Invoker.java:659)
	at org.testng.internal.Invoker.invokeTestMethod(Invoker.java:845)
	at org.testng.internal.Invoker.invokeTestMethods(Invoker.java:1153)
	at org.testng.internal.TestMethodWorker.invokeTestMethods(TestMethodWorker.java:125)
	at org.testng.internal.TestMethodWorker.run(TestMethodWorker.java:108)
	at java.util.concurrent.ThreadPoolExecutor.runWorker(Unknown Source)
	at java.util.concurrent.ThreadPoolExecutor$Worker.run(Unknown Source)
	at java.lang.Thread.run(Unknown Source)
</pre></div></td>
<td>75</td>
<td>com.vbrick.avenger.videocommentapi_AV_9879_testcases.Get_SubscriptionsAPI_AV_28410@12d3a4e9</td></tr>
<tr>
<td title='com.vbrick.avenger.videocommentapi_AV_9879_testcases.GetVideoTranscriptionFiles.TC_01_GET_TranscriptionFile_OfaVideo_AccountAdmin()'><b>TC_01_GET_TranscriptionFile_OfaVideo_AccountAdmin</b><br>Test class: com.vbrick.avenger.videocommentapi_AV_9879_testcases.GetVideoTranscriptionFiles<br>Test method:  To Get Transcription File of a specific video using GET Transcription Files API by accountadmin<br/>
<a href="#Output-504854664" onClick='toggleBox("Output-504854664", this, "Show output", "Hide output");'>Show output</a>

<a href="#Output-504854664" onClick="toggleAllBoxes();">Show all outputs</a>
<div class='log' id="Output-504854664">
Step-1:Upload Vidoe API TestCase is Runnning.. : https://autoapi.rev-qa.vbrick.com/<br><br/>
Step-2:Expected Value : 200</br>Actual Value :200::PASS<br><br/>
Step-3:Expected Value : HTTP StatusCode :200</br>Actual Value :HTTP StatusCode :200::PASS<br><br/>
Step-4:Expected Value : HTTP StatusCode :200</br>Actual Value :HTTP StatusCode :200::PASS<br><br/>
</div>
</td>
<td><div><pre>java.lang.AssertionError: expected [200] but found [null]
	at com.vbricks.avenger.api.verifications.AssertionAPIResponse.verifyAssert_httpCode(AssertionAPIResponse.java:15)
	at com.vbrick.avenger.videocommentapi_AV_9879_testcases.GetVideoTranscriptionFiles.TC_01_GET_TranscriptionFile_OfaVideo_AccountAdmin(GetVideoTranscriptionFiles.java:163)
	at java.util.concurrent.ThreadPoolExecutor.runWorker(Unknown Source)
	at java.util.concurrent.ThreadPoolExecutor$Worker.run(Unknown Source)
	at java.lang.Thread.run(Unknown Source)
... Removed 15 stack frames</pre></div><a href='#' onClick='toggleBox("stack-trace504854664", this, "Click to show all stack frames", "Click to hide stack frames")'>Click to show all stack frames</a>
<div class='stack-trace' id='stack-trace504854664'><pre>java.lang.AssertionError: expected [200] but found [null]
	at org.testng.Assert.fail(Assert.java:94)
	at org.testng.Assert.failNotEquals(Assert.java:496)
	at org.testng.Assert.assertEquals(Assert.java:116)
	at org.testng.Assert.assertEquals(Assert.java:178)
	at org.testng.Assert.assertEquals(Assert.java:188)
	at com.vbricks.avenger.api.verifications.AssertionAPIResponse.verifyAssert_httpCode(AssertionAPIResponse.java:15)
	at com.vbrick.avenger.videocommentapi_AV_9879_testcases.GetVideoTranscriptionFiles.TC_01_GET_TranscriptionFile_OfaVideo_AccountAdmin(GetVideoTranscriptionFiles.java:163)
	at sun.reflect.NativeMethodAccessorImpl.invoke0(Native Method)
	at sun.reflect.NativeMethodAccessorImpl.invoke(Unknown Source)
	at sun.reflect.DelegatingMethodAccessorImpl.invoke(Unknown Source)
	at java.lang.reflect.Method.invoke(Unknown Source)
	at org.testng.internal.MethodInvocationHelper.invokeMethod(MethodInvocationHelper.java:85)
	at org.testng.internal.Invoker.invokeMethod(Invoker.java:659)
	at org.testng.internal.Invoker.invokeTestMethod(Invoker.java:845)
	at org.testng.internal.Invoker.invokeTestMethods(Invoker.java:1153)
	at org.testng.internal.TestMethodWorker.invokeTestMethods(TestMethodWorker.java:125)
	at org.testng.internal.TestMethodWorker.run(TestMethodWorker.java:108)
	at java.util.concurrent.ThreadPoolExecutor.runWorker(Unknown Source)
	at java.util.concurrent.ThreadPoolExecutor$Worker.run(Unknown Source)
	at java.lang.Thread.run(Unknown Source)
</pre></div></td>
<td>6</td>
<td>com.vbrick.avenger.videocommentapi_AV_9879_testcases.GetVideoTranscriptionFiles@2aece37d</td></tr>
<tr>
<td title='com.vbrick.avenger.videocommentapi_AV_9879_testcases.EventListApi_Av_11123.TC_02_GET_EventList_api_check_With_MediaAdmin_Positive()'><b>TC_02_GET_EventList_api_check_With_MediaAdmin_Positive</b><br>Test class: com.vbrick.avenger.videocommentapi_AV_9879_testcases.EventListApi_Av_11123<br>Test method: To Verify the EventList using EventList API with mediaadmin<br>Parameters: org.testng.TestRunner@4f133044<br/>
<a href="#Output-1560455936" onClick='toggleBox("Output-1560455936", this, "Show output", "Hide output");'>Show output</a>

<a href="#Output-1560455936" onClick="toggleAllBoxes();">Show all outputs</a>
<div class='log' id="Output-1560455936">
Step-1:Expected Value : 200</br>Actual Value :200::PASS<br><br/>
Step-2:Expected Value : 200OK</br>Actual Value :200OK::PASS<br><br/>
Step-3:Application launch with URL : https://autoapi.rev-qa.vbrick.com/<br><br/>
Step-4:User name has been Entered<br><br/>
Step-5:Password has been entered<br><br/>
Step-6:Submit button Clicked<br><br/>
Step-7:Login SucessFully<br><br/>
Step-8:Avenger Dashboard Page is Clicked<br><br/>
Step-9:Events Tab is  Clicked<br><br/>
Step-10:Expected Value : true</br>Actual Value :true::PASS<br><br/>
Step-11:<font color='red'>Expected Value trueActual Valuefalse::Fail<a href="C:\Users\arjun.abhesheke\git\AvengerAPIUpdate\AvengerAPI\target\surefire-reports\Screenshots\TC_02_GET_EventList_api_check_With_MediaAdmin_Positive202209258145057.png"><p align="left"><h5>Error screenshot :: TC_02_GET_EventList_api_check_With_MediaAdmin_Positive202209258145057.png</h5></p></a></font><br><br/>
</div>
</td>
<td><div><pre>com.vbrick.Exception.Reasons: FAIL
	at com.vbrick.Exception.CustomReport.checkinglist(CustomReport.java:390)
	at com.vbrick.avenger.videocommentapi_AV_9879_testcases.EventListApi_Av_11123.TC_02_GET_EventList_api_check_With_MediaAdmin_Positive(EventListApi_Av_11123.java:262)
	at java.util.concurrent.ThreadPoolExecutor.runWorker(Unknown Source)
	at java.util.concurrent.ThreadPoolExecutor$Worker.run(Unknown Source)
	at java.lang.Thread.run(Unknown Source)
... Removed 10 stack frames</pre></div><a href='#' onClick='toggleBox("stack-trace1560455936", this, "Click to show all stack frames", "Click to hide stack frames")'>Click to show all stack frames</a>
<div class='stack-trace' id='stack-trace1560455936'><pre>com.vbrick.Exception.Reasons: FAIL
	at com.vbrick.Exception.CustomReport.checkinglist(CustomReport.java:390)
	at com.vbrick.avenger.videocommentapi_AV_9879_testcases.EventListApi_Av_11123.TC_02_GET_EventList_api_check_With_MediaAdmin_Positive(EventListApi_Av_11123.java:262)
	at sun.reflect.NativeMethodAccessorImpl.invoke0(Native Method)
	at sun.reflect.NativeMethodAccessorImpl.invoke(Unknown Source)
	at sun.reflect.DelegatingMethodAccessorImpl.invoke(Unknown Source)
	at java.lang.reflect.Method.invoke(Unknown Source)
	at org.testng.internal.MethodInvocationHelper.invokeMethod(MethodInvocationHelper.java:85)
	at org.testng.internal.Invoker.invokeMethod(Invoker.java:659)
	at org.testng.internal.Invoker.invokeTestMethod(Invoker.java:845)
	at org.testng.internal.Invoker.invokeTestMethods(Invoker.java:1153)
	at org.testng.internal.TestMethodWorker.invokeTestMethods(TestMethodWorker.java:125)
	at org.testng.internal.TestMethodWorker.run(TestMethodWorker.java:108)
	at java.util.concurrent.ThreadPoolExecutor.runWorker(Unknown Source)
	at java.util.concurrent.ThreadPoolExecutor$Worker.run(Unknown Source)
	at java.lang.Thread.run(Unknown Source)
</pre></div></td>
<td>26</td>
<td>com.vbrick.avenger.videocommentapi_AV_9879_testcases.EventListApi_Av_11123@55ca8de8</td></tr>
<tr>
<td title='com.vbrick.avenger.videocommentapi_AV_9879_testcases.GetEventStatus.TC_02_GET_EventStatus_Inprogress_withpreproductionEnabled_AccoutAdmin_Positive()'><b>TC_02_GET_EventStatus_Inprogress_withpreproductionEnabled_AccoutAdmin_Positive</b><br>Test class: com.vbrick.avenger.videocommentapi_AV_9879_testcases.GetEventStatus<br>Test method: To verify Inprogress event status with Account Admin <br/>
<a href="#Output-1852724061" onClick='toggleBox("Output-1852724061", this, "Show output", "Hide output");'>Show output</a>

<a href="#Output-1852724061" onClick="toggleAllBoxes();">Show all outputs</a>
<div class='log' id="Output-1852724061">
Step-1:User name has been Entered<br><br/>
Step-2:Password has been entered<br><br/>
Step-3:Submit button Clicked<br><br/>
Step-4:Login SucessFully<br><br/>
Step-5:Devices Link is clicked<br><br/>
Step-6:All Devices is clicked<br><br/>
Step-7:Devices Page is Displayed Successfully<br><br/>
Step-8:Add Device Button is Clicked<br><br/>
Step-9:Custom Device link  is Clicked<br><br/>
Step-10:Entered device namejoyYf<br><br/>
Step-11:Entered ip address19.19.31.37<br><br/>
Step-12:Entered stream nameStream149539<br><br/>
Step-13:Entered stream urlhttp://qa149539<br><br/>
Step-14:Selected encoding type isMpeg4<br><br/>
Step-15:Devices Link is clicked<br><br/>
Step-16:Presentation Profile is clicked<br><br/>
Step-17:Add Presentation Profile  Button is Clicked<br><br/>
Step-18:Added presentation profile data<br><br/>
Step-19:Create button is clicked<br><br/>
Step-20:Clicked on User Log Out Button<br><br/>
Step-21:Clicked on Log Out Button<br><br/>
Step-22:Expected Value : 200</br>Actual Value :200::PASS<br><br/>
Step-23:Expected Value : 200OK</br>Actual Value :200OK::PASS<br><br/>
Step-24:Application launch with URL : https://autoapi.rev-qa.vbrick.com/<br><br/>
Step-25:User name has been Entered<br><br/>
Step-26:Password has been entered<br><br/>
Step-27:Submit button Clicked<br><br/>
Step-28:Login SucessFully<br><br/>
Step-29:Avenger Dashboard Page is Clicked<br><br/>
Step-30:Events Tab is  Clicked<br><br/>
Step-31:Events Tab is  Clicked<br><br/>
Step-32:Expected Value : API CREATEEVENT_MoXnuPBKajF</br>Actual Value :API CREATEEVENT_MoXnuPBKajF::PASS<br><br/>
Step-33:Expected Value : 465c7e15-9cad-4ca1-a83a-b9579935135c</br>Actual Value :465c7e15-9cad-4ca1-a83a-b9579935135c::PASS<br><br/>
Step-34:Expected Value : true</br>Actual Value :true::PASS<br><br/>
Step-35:Expected Value : true</br>Actual Value :true::PASS<br><br/>
Step-36:Expected Value : true</br>Actual Value :true::PASS<br><br/>
Step-37:Expected Value : Presentation</br>Actual Value :Presentation::PASS<br><br/>
Step-38:Clicked on Event Submit Button<br><br/>
Step-39:Save button is clicked<br><br/>
<font color='red'>1.Automation Team will Address it:TimeOutException<br>2.The Object Properties have been Modified<br>In PageEvents with locatorBy.xpath: //*[contains(@ng-if,'$ctrl.canJoinPreProduction')]</font><br/>
</div>
</td>
<td><div><pre>
	at com.vbrick.avenger.funUtil.WaitForElements.waitForElementPresent(WaitForElements.java:140)
	at com.vbrick.avenger.funUtil.WebElements.click(WebElements.java:342)
	at com.vbrick.avenger.pageobjects.AvengerEventDetailsPage.enablepreproduction(AvengerEventDetailsPage.java:1199)
	at com.vbrick.avenger.videocommentapi_AV_9879_testcases.GetEventStatus.TC_02_GET_EventStatus_Inprogress_withpreproductionEnabled_AccoutAdmin_Positive(GetEventStatus.java:290)
	at java.util.concurrent.ThreadPoolExecutor.runWorker(Unknown Source)
	at java.util.concurrent.ThreadPoolExecutor$Worker.run(Unknown Source)
	at java.lang.Thread.run(Unknown Source)
... Removed 10 stack frames</pre></div><a href='#' onClick='toggleBox("stack-trace1852724061", this, "Click to show all stack frames", "Click to hide stack frames")'>Click to show all stack frames</a>
<div class='stack-trace' id='stack-trace1852724061'><pre>
	at com.vbrick.avenger.funUtil.WaitForElements.waitForElementPresent(WaitForElements.java:140)
	at com.vbrick.avenger.funUtil.WebElements.click(WebElements.java:342)
	at com.vbrick.avenger.pageobjects.AvengerEventDetailsPage.enablepreproduction(AvengerEventDetailsPage.java:1199)
	at com.vbrick.avenger.videocommentapi_AV_9879_testcases.GetEventStatus.TC_02_GET_EventStatus_Inprogress_withpreproductionEnabled_AccoutAdmin_Positive(GetEventStatus.java:290)
	at sun.reflect.NativeMethodAccessorImpl.invoke0(Native Method)
	at sun.reflect.NativeMethodAccessorImpl.invoke(Unknown Source)
	at sun.reflect.DelegatingMethodAccessorImpl.invoke(Unknown Source)
	at java.lang.reflect.Method.invoke(Unknown Source)
	at org.testng.internal.MethodInvocationHelper.invokeMethod(MethodInvocationHelper.java:85)
	at org.testng.internal.Invoker.invokeMethod(Invoker.java:659)
	at org.testng.internal.Invoker.invokeTestMethod(Invoker.java:845)
	at org.testng.internal.Invoker.invokeTestMethods(Invoker.java:1153)
	at org.testng.internal.TestMethodWorker.invokeTestMethods(TestMethodWorker.java:125)
	at org.testng.internal.TestMethodWorker.run(TestMethodWorker.java:108)
	at java.util.concurrent.ThreadPoolExecutor.runWorker(Unknown Source)
	at java.util.concurrent.ThreadPoolExecutor$Worker.run(Unknown Source)
	at java.lang.Thread.run(Unknown Source)
</pre></div></td>
<td>377</td>
<td>com.vbrick.avenger.videocommentapi_AV_9879_testcases.GetEventStatus@20d3d15a</td></tr>
<tr>
<td title='com.vbrick.avenger.videocommentapi_AV_9879_testcases.Get_SubscriptionsAPI_AV_28410.TC_02_GET_Subscriptions_api_check_With_AccontAdmin_with_NO_Subscriptions()'><b>TC_02_GET_Subscriptions_api_check_With_AccontAdmin_with_NO_Subscriptions</b><br>Test class: com.vbrick.avenger.videocommentapi_AV_9879_testcases.Get_SubscriptionsAPI_AV_28410<br>Test method: To Verify GET Subscription API with Account Admin when there are NO Subscriptions <br>Parameters: org.testng.TestRunner@4f133044<br/>
<a href="#Output-697206068" onClick='toggleBox("Output-697206068", this, "Show output", "Hide output");'>Show output</a>

<a href="#Output-697206068" onClick="toggleAllBoxes();">Show all outputs</a>
<div class='log' id="Output-697206068">
Step-1:Expected Value : 200</br>Actual Value :200::PASS<br><br/>
Step-2:Expected Value : 200</br>Actual Value :200::PASS<br><br/>
Step-3:Expected Value : 200</br>Actual Value :200::PASS<br><br/>
Step-4:Application launch with URL : https://autoapi.rev-qa.vbrick.com/<br><br/>
Step-5:User name has been Entered<br><br/>
Step-6:Password has been entered<br><br/>
Step-7:Submit button Clicked<br><br/>
Step-8:Login SucessFully<br><br/>
Step-9:<font color='red'>Expected Value 1
Actual Value0::Fail<a href="C:\Users\arjun.abhesheke\git\AvengerAPIUpdate\AvengerAPI\target\surefire-reports\Screenshots\TC_02_GET_Subscriptions_api_check_With_AccontAdmin_with_NO_Subscriptions202209258144223.png"><p align="left"><h5>Error screenshot :: TC_02_GET_Subscriptions_api_check_With_AccontAdmin_with_NO_Subscriptions202209258144223.png</h5></p></a></font><br><br/>
Step-10:<font color='red'>Expected Value 1
Actual Value0::Fail<a href="C:\Users\arjun.abhesheke\git\AvengerAPIUpdate\AvengerAPI\target\surefire-reports\Screenshots\TC_02_GET_Subscriptions_api_check_With_AccontAdmin_with_NO_Subscriptions202209258144223.png"><p align="left"><h5>Error screenshot :: TC_02_GET_Subscriptions_api_check_With_AccontAdmin_with_NO_Subscriptions202209258144223.png</h5></p></a></font><br><br/>
Step-11:<font color='red'>Expected Value 2
Actual Value0::Fail<a href="C:\Users\arjun.abhesheke\git\AvengerAPIUpdate\AvengerAPI\target\surefire-reports\Screenshots\TC_02_GET_Subscriptions_api_check_With_AccontAdmin_with_NO_Subscriptions202209258144223.png"><p align="left"><h5>Error screenshot :: TC_02_GET_Subscriptions_api_check_With_AccontAdmin_with_NO_Subscriptions202209258144223.png</h5></p></a></font><br><br/>
</div>
</td>
<td><div><pre>com.vbrick.Exception.Reasons: FAIL
	at com.vbrick.Exception.CustomReport.checkinglist(CustomReport.java:390)
	at com.vbrick.avenger.videocommentapi_AV_9879_testcases.Get_SubscriptionsAPI_AV_28410.TC_02_GET_Subscriptions_api_check_With_AccontAdmin_with_NO_Subscriptions(Get_SubscriptionsAPI_AV_28410.java:270)
	at java.util.concurrent.ThreadPoolExecutor.runWorker(Unknown Source)
	at java.util.concurrent.ThreadPoolExecutor$Worker.run(Unknown Source)
	at java.lang.Thread.run(Unknown Source)
... Removed 10 stack frames</pre></div><a href='#' onClick='toggleBox("stack-trace697206068", this, "Click to show all stack frames", "Click to hide stack frames")'>Click to show all stack frames</a>
<div class='stack-trace' id='stack-trace697206068'><pre>com.vbrick.Exception.Reasons: FAIL
	at com.vbrick.Exception.CustomReport.checkinglist(CustomReport.java:390)
	at com.vbrick.avenger.videocommentapi_AV_9879_testcases.Get_SubscriptionsAPI_AV_28410.TC_02_GET_Subscriptions_api_check_With_AccontAdmin_with_NO_Subscriptions(Get_SubscriptionsAPI_AV_28410.java:270)
	at sun.reflect.NativeMethodAccessorImpl.invoke0(Native Method)
	at sun.reflect.NativeMethodAccessorImpl.invoke(Unknown Source)
	at sun.reflect.DelegatingMethodAccessorImpl.invoke(Unknown Source)
	at java.lang.reflect.Method.invoke(Unknown Source)
	at org.testng.internal.MethodInvocationHelper.invokeMethod(MethodInvocationHelper.java:85)
	at org.testng.internal.Invoker.invokeMethod(Invoker.java:659)
	at org.testng.internal.Invoker.invokeTestMethod(Invoker.java:845)
	at org.testng.internal.Invoker.invokeTestMethods(Invoker.java:1153)
	at org.testng.internal.TestMethodWorker.invokeTestMethods(TestMethodWorker.java:125)
	at org.testng.internal.TestMethodWorker.run(TestMethodWorker.java:108)
	at java.util.concurrent.ThreadPoolExecutor.runWorker(Unknown Source)
	at java.util.concurrent.ThreadPoolExecutor$Worker.run(Unknown Source)
	at java.lang.Thread.run(Unknown Source)
</pre></div></td>
<td>131</td>
<td>com.vbrick.avenger.videocommentapi_AV_9879_testcases.Get_SubscriptionsAPI_AV_28410@12d3a4e9</td></tr>
<tr>
<td title='com.vbrick.avenger.videocommentapi_AV_9879_testcases.UserDetailsWithUserIDApi_AV_9873.TC_02_GET_UserDetail_api_check_UserDetail_with_MediaAdmin_Positive()'><b>TC_02_GET_UserDetail_api_check_UserDetail_with_MediaAdmin_Positive</b><br>Test class: com.vbrick.avenger.videocommentapi_AV_9879_testcases.UserDetailsWithUserIDApi_AV_9873<br>Test method: To verify UserDetail   to spicific user using UserDetail API with Mediaadmin<br/>
<a href="#Output-667979468" onClick='toggleBox("Output-667979468", this, "Show output", "Hide output");'>Show output</a>

<a href="#Output-667979468" onClick="toggleAllBoxes();">Show all outputs</a>
<div class='log' id="Output-667979468">
Step-1:User name has been Entered<br><br/>
Step-2:Password has been entered<br><br/>
Step-3:Submit button Clicked<br><br/>
Step-4:Login SucessFully<br><br/>
Step-5:Users  link is clicked<br><br/>
Step-6:Clicked on User Log Out Button<br><br/>
Step-7:Clicked on Log Out Button<br><br/>
Step-8:Expected Value : 200</br>Actual Value :200::PASS<br><br/>
Step-9:Expected Value : 200</br>Actual Value :200::PASS<br><br/>
Step-10:Expected Value : 200</br>Actual Value :200::PASS<br><br/>
Step-11:Expected Value : 200</br>Actual Value :200::PASS<br><br/>
Step-12:Expected Value : 200OK</br>Actual Value :200OK::PASS<br><br/>
Step-13:User name has been Entered<br><br/>
Step-14:Password has been entered<br><br/>
Step-15:Submit button Clicked<br><br/>
Step-16:Login SucessFully<br><br/>
Step-17:Users  link is clicked<br><br/>
Step-18:Expected Value : apimau29</br>Actual Value :apimau29::PASS<br><br/>
Step-19:Expected Value : apimau29</br>Actual Value :apimau29::PASS<br><br/>
Step-20:Expected Value : apimau29@gmail.com</br>Actual Value :apimau29@gmail.com::PASS<br><br/>
Step-21:Expected Value : apimau29</br>Actual Value :APIMAU29::PASS<br><br/>
Step-22:Expected Value : true</br>Actual Value :true::PASS<br><br/>
Step-23:<font color='red'>Expected Value 1
Actual Value2::Fail<a href="C:\Users\arjun.abhesheke\git\AvengerAPIUpdate\AvengerAPI\target\surefire-reports\Screenshots\TC_02_GET_UserDetail_api_check_UserDetail_with_MediaAdmin_Positive202209258142616.png"><p align="left"><h5>Error screenshot :: TC_02_GET_UserDetail_api_check_UserDetail_with_MediaAdmin_Positive202209258142616.png</h5></p></a></font><br><br/>
Step-24:Expected Value : 200OK</br>Actual Value :200OK::PASS<br><br/>
Step-25:Expected Value : 200OK</br>Actual Value :200OK::PASS<br><br/>
</div>
</td>
<td><div><pre>com.vbrick.Exception.Reasons: FAIL
	at com.vbrick.Exception.CustomReport.checkinglist(CustomReport.java:390)
	at com.vbrick.avenger.videocommentapi_AV_9879_testcases.UserDetailsWithUserIDApi_AV_9873.TC_02_GET_UserDetail_api_check_UserDetail_with_MediaAdmin_Positive(UserDetailsWithUserIDApi_AV_9873.java:289)
	at java.util.concurrent.ThreadPoolExecutor.runWorker(Unknown Source)
	at java.util.concurrent.ThreadPoolExecutor$Worker.run(Unknown Source)
	at java.lang.Thread.run(Unknown Source)
... Removed 10 stack frames</pre></div><a href='#' onClick='toggleBox("stack-trace667979468", this, "Click to show all stack frames", "Click to hide stack frames")'>Click to show all stack frames</a>
<div class='stack-trace' id='stack-trace667979468'><pre>com.vbrick.Exception.Reasons: FAIL
	at com.vbrick.Exception.CustomReport.checkinglist(CustomReport.java:390)
	at com.vbrick.avenger.videocommentapi_AV_9879_testcases.UserDetailsWithUserIDApi_AV_9873.TC_02_GET_UserDetail_api_check_UserDetail_with_MediaAdmin_Positive(UserDetailsWithUserIDApi_AV_9873.java:289)
	at sun.reflect.NativeMethodAccessorImpl.invoke0(Native Method)
	at sun.reflect.NativeMethodAccessorImpl.invoke(Unknown Source)
	at sun.reflect.DelegatingMethodAccessorImpl.invoke(Unknown Source)
	at java.lang.reflect.Method.invoke(Unknown Source)
	at org.testng.internal.MethodInvocationHelper.invokeMethod(MethodInvocationHelper.java:85)
	at org.testng.internal.Invoker.invokeMethod(Invoker.java:659)
	at org.testng.internal.Invoker.invokeTestMethod(Invoker.java:845)
	at org.testng.internal.Invoker.invokeTestMethods(Invoker.java:1153)
	at org.testng.internal.TestMethodWorker.invokeTestMethods(TestMethodWorker.java:125)
	at org.testng.internal.TestMethodWorker.run(TestMethodWorker.java:108)
	at java.util.concurrent.ThreadPoolExecutor.runWorker(Unknown Source)
	at java.util.concurrent.ThreadPoolExecutor$Worker.run(Unknown Source)
	at java.lang.Thread.run(Unknown Source)
</pre></div></td>
<td>126</td>
<td>com.vbrick.avenger.videocommentapi_AV_9879_testcases.UserDetailsWithUserIDApi_AV_9873@240237d2</td></tr>
<tr>
<td title='com.vbrick.avenger.videocommentapi_AV_9879_testcases.UserDetailsWithUserNameApi_AV_9873.TC_04_GET_UserName_api_check_UserName_with_Eventadmin_Positive()'><b>TC_04_GET_UserName_api_check_UserName_with_Eventadmin_Positive</b><br>Test class: com.vbrick.avenger.videocommentapi_AV_9879_testcases.UserDetailsWithUserNameApi_AV_9873<br>Test method: To verify UserName  to specific Event Admin user using UserName API with Account Admin<br/>
<a href="#Output-1770505419" onClick='toggleBox("Output-1770505419", this, "Show output", "Hide output");'>Show output</a>

<a href="#Output-1770505419" onClick="toggleAllBoxes();">Show all outputs</a>
<div class='log' id="Output-1770505419">
Step-1:User name has been Entered<br><br/>
Step-2:Password has been entered<br><br/>
Step-3:Submit button Clicked<br><br/>
Step-4:Login SucessFully<br><br/>
Step-5:Users  link is clicked<br><br/>
Step-6:Clicked on User Log Out Button<br><br/>
Step-7:Clicked on Log Out Button<br><br/>
Step-8:Expected Value : 200</br>Actual Value :200::PASS<br><br/>
Step-9:Expected Value : 200</br>Actual Value :200::PASS<br><br/>
Step-10:Expected Value : 200</br>Actual Value :200::PASS<br><br/>
Step-11:Expected Value : 200</br>Actual Value :200::PASS<br><br/>
Step-12:Expected Value : 200OK</br>Actual Value :200OK::PASS<br><br/>
Step-13:User name has been Entered<br><br/>
Step-14:Password has been entered<br><br/>
Step-15:Submit button Clicked<br><br/>
Step-16:Login SucessFully<br><br/>
Step-17:Users  link is clicked<br><br/>
Step-18:Expected Value : apieau40</br>Actual Value :apieau40::PASS<br><br/>
Step-19:Expected Value : apieau40</br>Actual Value :apieau40::PASS<br><br/>
Step-20:Expected Value : apieau40</br>Actual Value :APIEAU40::PASS<br><br/>
Step-21:Expected Value : apieau40@gmail.com</br>Actual Value :apieau40@gmail.com::PASS<br><br/>
Step-22:<font color='red'>Expected Value trueActual Valuefalse::Fail<a href="C:\Users\arjun.abhesheke\git\AvengerAPIUpdate\AvengerAPI\target\surefire-reports\Screenshots\TC_04_GET_UserName_api_check_UserName_with_Eventadmin_Positive202209258150127.png"><p align="left"><h5>Error screenshot :: TC_04_GET_UserName_api_check_UserName_with_Eventadmin_Positive202209258150127.png</h5></p></a></font><br><br/>
Step-23:Expected Value : 1</br>Actual Value :1::PASS<br><br/>
Step-24:Expected Value : 200OK</br>Actual Value :200OK::PASS<br><br/>
Step-25:Expected Value : 200OK</br>Actual Value :200OK::PASS<br><br/>
</div>
</td>
<td><div><pre>com.vbrick.Exception.Reasons: FAIL
	at com.vbrick.Exception.CustomReport.checkinglist(CustomReport.java:390)
	at com.vbrick.avenger.videocommentapi_AV_9879_testcases.UserDetailsWithUserNameApi_AV_9873.TC_04_GET_UserName_api_check_UserName_with_Eventadmin_Positive(UserDetailsWithUserNameApi_AV_9873.java:386)
	at java.util.concurrent.ThreadPoolExecutor.runWorker(Unknown Source)
	at java.util.concurrent.ThreadPoolExecutor$Worker.run(Unknown Source)
	at java.lang.Thread.run(Unknown Source)
... Removed 10 stack frames</pre></div><a href='#' onClick='toggleBox("stack-trace1770505419", this, "Click to show all stack frames", "Click to hide stack frames")'>Click to show all stack frames</a>
<div class='stack-trace' id='stack-trace1770505419'><pre>com.vbrick.Exception.Reasons: FAIL
	at com.vbrick.Exception.CustomReport.checkinglist(CustomReport.java:390)
	at com.vbrick.avenger.videocommentapi_AV_9879_testcases.UserDetailsWithUserNameApi_AV_9873.TC_04_GET_UserName_api_check_UserName_with_Eventadmin_Positive(UserDetailsWithUserNameApi_AV_9873.java:386)
	at sun.reflect.NativeMethodAccessorImpl.invoke0(Native Method)
	at sun.reflect.NativeMethodAccessorImpl.invoke(Unknown Source)
	at sun.reflect.DelegatingMethodAccessorImpl.invoke(Unknown Source)
	at java.lang.reflect.Method.invoke(Unknown Source)
	at org.testng.internal.MethodInvocationHelper.invokeMethod(MethodInvocationHelper.java:85)
	at org.testng.internal.Invoker.invokeMethod(Invoker.java:659)
	at org.testng.internal.Invoker.invokeTestMethod(Invoker.java:845)
	at org.testng.internal.Invoker.invokeTestMethods(Invoker.java:1153)
	at org.testng.internal.TestMethodWorker.invokeTestMethods(TestMethodWorker.java:125)
	at org.testng.internal.TestMethodWorker.run(TestMethodWorker.java:108)
	at java.util.concurrent.ThreadPoolExecutor.runWorker(Unknown Source)
	at java.util.concurrent.ThreadPoolExecutor$Worker.run(Unknown Source)
	at java.lang.Thread.run(Unknown Source)
</pre></div></td>
<td>124</td>
<td>com.vbrick.avenger.videocommentapi_AV_9879_testcases.UserDetailsWithUserNameApi_AV_9873@2893de87</td></tr>
<tr>
<td title='com.vbrick.avenger.videocommentapi_AV_9879_testcases.GetVideoDetails_AV_10175.TC_05_GET_GetTeamsVideoDetailsAPI_api_check_with_MediaContributor_Negative()'><b>TC_05_GET_GetTeamsVideoDetailsAPI_api_check_with_MediaContributor_Negative</b><br>Test class: com.vbrick.avenger.videocommentapi_AV_9879_testcases.GetVideoDetails_AV_10175<br>Test method: To Verify the VideoDetails using VideoDetails API with Media Contributor for All Teams video<br/>
<a href="#Output-1646703519" onClick='toggleBox("Output-1646703519", this, "Show output", "Hide output");'>Show output</a>

<a href="#Output-1646703519" onClick="toggleAllBoxes();">Show all outputs</a>
<div class='log' id="Output-1646703519">
Step-1:Expected Value : 200</br>Actual Value :200::PASS<br><br/>
Step-2:Expected Value : 200</br>Actual Value :200::PASS<br><br/>
Step-3:Expected Value : HTTP StatusCode :200</br>Actual Value :HTTP StatusCode :200::PASS<br><br/>
Step-4:Expected Value : 200</br>Actual Value :200::PASS<br><br/>
</div>
</td>
<td><div><pre>java.lang.AssertionError: expected [401] but found [200]
	at com.vbricks.avenger.api.verifications.AssertionAPIResponse.verifyAssert_httpCode(AssertionAPIResponse.java:15)
	at com.vbrick.avenger.videocommentapi_AV_9879_testcases.GetVideoDetails_AV_10175.TC_05_GET_GetTeamsVideoDetailsAPI_api_check_with_MediaContributor_Negative(GetVideoDetails_AV_10175.java:440)
	at java.util.concurrent.ThreadPoolExecutor.runWorker(Unknown Source)
	at java.util.concurrent.ThreadPoolExecutor$Worker.run(Unknown Source)
	at java.lang.Thread.run(Unknown Source)
... Removed 15 stack frames</pre></div><a href='#' onClick='toggleBox("stack-trace1646703519", this, "Click to show all stack frames", "Click to hide stack frames")'>Click to show all stack frames</a>
<div class='stack-trace' id='stack-trace1646703519'><pre>java.lang.AssertionError: expected [401] but found [200]
	at org.testng.Assert.fail(Assert.java:94)
	at org.testng.Assert.failNotEquals(Assert.java:496)
	at org.testng.Assert.assertEquals(Assert.java:125)
	at org.testng.Assert.assertEquals(Assert.java:178)
	at org.testng.Assert.assertEquals(Assert.java:188)
	at com.vbricks.avenger.api.verifications.AssertionAPIResponse.verifyAssert_httpCode(AssertionAPIResponse.java:15)
	at com.vbrick.avenger.videocommentapi_AV_9879_testcases.GetVideoDetails_AV_10175.TC_05_GET_GetTeamsVideoDetailsAPI_api_check_with_MediaContributor_Negative(GetVideoDetails_AV_10175.java:440)
	at sun.reflect.NativeMethodAccessorImpl.invoke0(Native Method)
	at sun.reflect.NativeMethodAccessorImpl.invoke(Unknown Source)
	at sun.reflect.DelegatingMethodAccessorImpl.invoke(Unknown Source)
	at java.lang.reflect.Method.invoke(Unknown Source)
	at org.testng.internal.MethodInvocationHelper.invokeMethod(MethodInvocationHelper.java:85)
	at org.testng.internal.Invoker.invokeMethod(Invoker.java:659)
	at org.testng.internal.Invoker.invokeTestMethod(Invoker.java:845)
	at org.testng.internal.Invoker.invokeTestMethods(Invoker.java:1153)
	at org.testng.internal.TestMethodWorker.invokeTestMethods(TestMethodWorker.java:125)
	at org.testng.internal.TestMethodWorker.run(TestMethodWorker.java:108)
	at java.util.concurrent.ThreadPoolExecutor.runWorker(Unknown Source)
	at java.util.concurrent.ThreadPoolExecutor$Worker.run(Unknown Source)
	at java.lang.Thread.run(Unknown Source)
</pre></div></td>
<td>1</td>
<td>com.vbrick.avenger.videocommentapi_AV_9879_testcases.GetVideoDetails_AV_10175@5762806e</td></tr>
<tr>
<td title='com.vbrick.avenger.videocommentapi_AV_9879_testcases.Get_SubscriptionsAPI_AV_28410.TC_05_GET_Subscriptions_api_check_With_AccontAdmin_Positive()'><b>TC_05_GET_Subscriptions_api_check_With_AccontAdmin_Positive</b><br>Test class: com.vbrick.avenger.videocommentapi_AV_9879_testcases.Get_SubscriptionsAPI_AV_28410<br>Test method: To Verify GET Subscription API with Account Admin when subscribed only to a category<br>Parameters: org.testng.TestRunner@4f133044<br/>
<a href="#Output-1235080005" onClick='toggleBox("Output-1235080005", this, "Show output", "Hide output");'>Show output</a>

<a href="#Output-1235080005" onClick="toggleAllBoxes();">Show all outputs</a>
<div class='log' id="Output-1235080005">
Step-1:Expected Value : 200</br>Actual Value :200::PASS<br><br/>
Step-2:Expected Value : 200OK</br>Actual Value :200OK::PASS<br><br/>
Step-3:Expected Value : 200</br>Actual Value :200::PASS<br><br/>
Step-4:Expected Value : 200</br>Actual Value :200::PASS<br><br/>
Step-5:Expected Value : 200</br>Actual Value :200::PASS<br><br/>
Step-6:Application launch with URL : https://autoapi.rev-qa.vbrick.com/<br><br/>
Step-7:User name has been Entered<br><br/>
Step-8:Password has been entered<br><br/>
Step-9:Submit button Clicked<br><br/>
Step-10:Login SucessFully<br><br/>
Step-11:<font color='red'>Expected Value 29
Actual Value12::Fail<a href="C:\Users\arjun.abhesheke\git\AvengerAPIUpdate\AvengerAPI\target\surefire-reports\Screenshots\TC_05_GET_Subscriptions_api_check_With_AccontAdmin_Positive202209258144419.png"><p align="left"><h5>Error screenshot :: TC_05_GET_Subscriptions_api_check_With_AccontAdmin_Positive202209258144419.png</h5></p></a></font><br><br/>
Step-12:Expected Value : 2</br>Actual Value :2::PASS<br><br/>
Step-13:<font color='red'>Expected Value 31
Actual Value14::Fail<a href="C:\Users\arjun.abhesheke\git\AvengerAPIUpdate\AvengerAPI\target\surefire-reports\Screenshots\TC_05_GET_Subscriptions_api_check_With_AccontAdmin_Positive202209258144419.png"><p align="left"><h5>Error screenshot :: TC_05_GET_Subscriptions_api_check_With_AccontAdmin_Positive202209258144419.png</h5></p></a></font><br><br/>
</div>
</td>
<td><div><pre>com.vbrick.Exception.Reasons: FAIL
	at com.vbrick.Exception.CustomReport.checkinglist(CustomReport.java:390)
	at com.vbrick.avenger.videocommentapi_AV_9879_testcases.Get_SubscriptionsAPI_AV_28410.TC_05_GET_Subscriptions_api_check_With_AccontAdmin_Positive(Get_SubscriptionsAPI_AV_28410.java:429)
	at java.util.concurrent.ThreadPoolExecutor.runWorker(Unknown Source)
	at java.util.concurrent.ThreadPoolExecutor$Worker.run(Unknown Source)
	at java.lang.Thread.run(Unknown Source)
... Removed 10 stack frames</pre></div><a href='#' onClick='toggleBox("stack-trace1235080005", this, "Click to show all stack frames", "Click to hide stack frames")'>Click to show all stack frames</a>
<div class='stack-trace' id='stack-trace1235080005'><pre>com.vbrick.Exception.Reasons: FAIL
	at com.vbrick.Exception.CustomReport.checkinglist(CustomReport.java:390)
	at com.vbrick.avenger.videocommentapi_AV_9879_testcases.Get_SubscriptionsAPI_AV_28410.TC_05_GET_Subscriptions_api_check_With_AccontAdmin_Positive(Get_SubscriptionsAPI_AV_28410.java:429)
	at sun.reflect.NativeMethodAccessorImpl.invoke0(Native Method)
	at sun.reflect.NativeMethodAccessorImpl.invoke(Unknown Source)
	at sun.reflect.DelegatingMethodAccessorImpl.invoke(Unknown Source)
	at java.lang.reflect.Method.invoke(Unknown Source)
	at org.testng.internal.MethodInvocationHelper.invokeMethod(MethodInvocationHelper.java:85)
	at org.testng.internal.Invoker.invokeMethod(Invoker.java:659)
	at org.testng.internal.Invoker.invokeTestMethod(Invoker.java:845)
	at org.testng.internal.Invoker.invokeTestMethods(Invoker.java:1153)
	at org.testng.internal.TestMethodWorker.invokeTestMethods(TestMethodWorker.java:125)
	at org.testng.internal.TestMethodWorker.run(TestMethodWorker.java:108)
	at java.util.concurrent.ThreadPoolExecutor.runWorker(Unknown Source)
	at java.util.concurrent.ThreadPoolExecutor$Worker.run(Unknown Source)
	at java.lang.Thread.run(Unknown Source)
</pre></div></td>
<td>14</td>
<td>com.vbrick.avenger.videocommentapi_AV_9879_testcases.Get_SubscriptionsAPI_AV_28410@12d3a4e9</td></tr>
<tr>
<td title='com.vbrick.avenger.videocommentapi_AV_9879_testcases.GetVideoThumbnail_AV_28062.TC_06_GET_GetVideoThumbnailAPI_api_check_when_Sharing_of_metadata_is_Checked_at_Account_Level_Positive()'><b>TC_06_GET_GetVideoThumbnailAPI_api_check_when_Sharing_of_metadata_is_Checked_at_Account_Level_Positive</b><br>Test class: com.vbrick.avenger.videocommentapi_AV_9879_testcases.GetVideoThumbnail_AV_28062<br>Test method: To Get the VideoThumbnail using VideosThumbnail API when "Allow Sharing of Metadata for Private Videos" (in System Settings–>Security) is enabled in the account<br/>
<a href="#Output-413076142" onClick='toggleBox("Output-413076142", this, "Show output", "Hide output");'>Show output</a>

<a href="#Output-413076142" onClick="toggleAllBoxes();">Show all outputs</a>
<div class='log' id="Output-413076142">
Step-1:Application launch with URL : https://autoapi.rev-qa.vbrick.com/<br><br/>
Step-2:User name has been Entered<br><br/>
Step-3:Password has been entered<br><br/>
Step-4:Submit button Clicked<br><br/>
Step-5:Login SucessFully<br><br/>
Step-6:Clicked on Security link<br><br/>
<font color='red'>1.Automation Team will Address it:TimeOutException<br>2.The Object Properties have been Modified<br>In PageSystem Settings - User Security with locatorBy.xpath: //*[contains(@name,'sharingAndEmbeddingSettingsEnabled')]</font><br/>
</div>
</td>
<td><div><pre>
	at com.vbrick.avenger.funUtil.WaitForElements.waitForElementPresent(WaitForElements.java:140)
	at com.vbrick.avenger.funUtil.WebElements.check_Checkbox(WebElements.java:536)
	at com.vbrick.avenger.pageobjects.AvengerUserPasswordParametersPage.checkAllowSharingofmetadataprivateVideos(AvengerUserPasswordParametersPage.java:503)
	at com.vbrick.avenger.videocommentapi_AV_9879_testcases.GetVideoThumbnail_AV_28062.TC_06_GET_GetVideoThumbnailAPI_api_check_when_Sharing_of_metadata_is_Checked_at_Account_Level_Positive(GetVideoThumbnail_AV_28062.java:310)
	at java.util.concurrent.ThreadPoolExecutor.runWorker(Unknown Source)
	at java.util.concurrent.ThreadPoolExecutor$Worker.run(Unknown Source)
	at java.lang.Thread.run(Unknown Source)
... Removed 10 stack frames</pre></div><a href='#' onClick='toggleBox("stack-trace413076142", this, "Click to show all stack frames", "Click to hide stack frames")'>Click to show all stack frames</a>
<div class='stack-trace' id='stack-trace413076142'><pre>
	at com.vbrick.avenger.funUtil.WaitForElements.waitForElementPresent(WaitForElements.java:140)
	at com.vbrick.avenger.funUtil.WebElements.check_Checkbox(WebElements.java:536)
	at com.vbrick.avenger.pageobjects.AvengerUserPasswordParametersPage.checkAllowSharingofmetadataprivateVideos(AvengerUserPasswordParametersPage.java:503)
	at com.vbrick.avenger.videocommentapi_AV_9879_testcases.GetVideoThumbnail_AV_28062.TC_06_GET_GetVideoThumbnailAPI_api_check_when_Sharing_of_metadata_is_Checked_at_Account_Level_Positive(GetVideoThumbnail_AV_28062.java:310)
	at sun.reflect.NativeMethodAccessorImpl.invoke0(Native Method)
	at sun.reflect.NativeMethodAccessorImpl.invoke(Unknown Source)
	at sun.reflect.DelegatingMethodAccessorImpl.invoke(Unknown Source)
	at java.lang.reflect.Method.invoke(Unknown Source)
	at org.testng.internal.MethodInvocationHelper.invokeMethod(MethodInvocationHelper.java:85)
	at org.testng.internal.Invoker.invokeMethod(Invoker.java:659)
	at org.testng.internal.Invoker.invokeTestMethod(Invoker.java:845)
	at org.testng.internal.Invoker.invokeTestMethods(Invoker.java:1153)
	at org.testng.internal.TestMethodWorker.invokeTestMethods(TestMethodWorker.java:125)
	at org.testng.internal.TestMethodWorker.run(TestMethodWorker.java:108)
	at java.util.concurrent.ThreadPoolExecutor.runWorker(Unknown Source)
	at java.util.concurrent.ThreadPoolExecutor$Worker.run(Unknown Source)
	at java.lang.Thread.run(Unknown Source)
</pre></div></td>
<td>261</td>
<td>com.vbrick.avenger.videocommentapi_AV_9879_testcases.GetVideoThumbnail_AV_28062@14a2f921</td></tr>
<tr>
<td title='com.vbrick.avenger.videocommentapi_AV_9879_testcases.Get_SubscriptionsAPI_AV_28410.TC_06_GET_Subscriptions_api_check_With_AccontAdmin_Positive()'><b>TC_06_GET_Subscriptions_api_check_With_AccontAdmin_Positive</b><br>Test class: com.vbrick.avenger.videocommentapi_AV_9879_testcases.Get_SubscriptionsAPI_AV_28410<br>Test method: To Verify GET Subscription API with Account Admin when subscribed both channel & category<br>Parameters: org.testng.TestRunner@4f133044<br/>
<a href="#Output-1491726030" onClick='toggleBox("Output-1491726030", this, "Show output", "Hide output");'>Show output</a>

<a href="#Output-1491726030" onClick="toggleAllBoxes();">Show all outputs</a>
<div class='log' id="Output-1491726030">
Step-1:Expected Value : 200</br>Actual Value :200::PASS<br><br/>
Step-2:Expected Value : 200</br>Actual Value :200::PASS<br><br/>
Step-3:Expected Value : 200</br>Actual Value :200::PASS<br><br/>
Step-4:Expected Value : 200OK</br>Actual Value :200OK::PASS<br><br/>
Step-5:Expected Value : 200</br>Actual Value :200::PASS<br><br/>
Step-6:Expected Value : 200</br>Actual Value :200::PASS<br><br/>
Step-7:Expected Value : 200</br>Actual Value :200::PASS<br><br/>
Step-8:Application launch with URL : https://autoapi.rev-qa.vbrick.com/<br><br/>
Step-9:User name has been Entered<br><br/>
Step-10:Password has been entered<br><br/>
Step-11:Submit button Clicked<br><br/>
Step-12:Login SucessFully<br><br/>
Step-13:<font color='red'>Expected Value 29
Actual Value12::Fail<a href="C:\Users\arjun.abhesheke\git\AvengerAPIUpdate\AvengerAPI\target\surefire-reports\Screenshots\TC_06_GET_Subscriptions_api_check_With_AccontAdmin_Positive202209258144400.png"><p align="left"><h5>Error screenshot :: TC_06_GET_Subscriptions_api_check_With_AccontAdmin_Positive202209258144400.png</h5></p></a></font><br><br/>
Step-14:Expected Value : 1</br>Actual Value :1::PASS<br><br/>
Step-15:<font color='red'>Expected Value 30
Actual Value13::Fail<a href="C:\Users\arjun.abhesheke\git\AvengerAPIUpdate\AvengerAPI\target\surefire-reports\Screenshots\TC_06_GET_Subscriptions_api_check_With_AccontAdmin_Positive202209258144400.png"><p align="left"><h5>Error screenshot :: TC_06_GET_Subscriptions_api_check_With_AccontAdmin_Positive202209258144400.png</h5></p></a></font><br><br/>
</div>
</td>
<td><div><pre>com.vbrick.Exception.Reasons: FAIL
	at com.vbrick.Exception.CustomReport.checkinglist(CustomReport.java:390)
	at com.vbrick.avenger.videocommentapi_AV_9879_testcases.Get_SubscriptionsAPI_AV_28410.TC_06_GET_Subscriptions_api_check_With_AccontAdmin_Positive(Get_SubscriptionsAPI_AV_28410.java:514)
	at java.util.concurrent.ThreadPoolExecutor.runWorker(Unknown Source)
	at java.util.concurrent.ThreadPoolExecutor$Worker.run(Unknown Source)
	at java.lang.Thread.run(Unknown Source)
... Removed 10 stack frames</pre></div><a href='#' onClick='toggleBox("stack-trace1491726030", this, "Click to show all stack frames", "Click to hide stack frames")'>Click to show all stack frames</a>
<div class='stack-trace' id='stack-trace1491726030'><pre>com.vbrick.Exception.Reasons: FAIL
	at com.vbrick.Exception.CustomReport.checkinglist(CustomReport.java:390)
	at com.vbrick.avenger.videocommentapi_AV_9879_testcases.Get_SubscriptionsAPI_AV_28410.TC_06_GET_Subscriptions_api_check_With_AccontAdmin_Positive(Get_SubscriptionsAPI_AV_28410.java:514)
	at sun.reflect.NativeMethodAccessorImpl.invoke0(Native Method)
	at sun.reflect.NativeMethodAccessorImpl.invoke(Unknown Source)
	at sun.reflect.DelegatingMethodAccessorImpl.invoke(Unknown Source)
	at java.lang.reflect.Method.invoke(Unknown Source)
	at org.testng.internal.MethodInvocationHelper.invokeMethod(MethodInvocationHelper.java:85)
	at org.testng.internal.Invoker.invokeMethod(Invoker.java:659)
	at org.testng.internal.Invoker.invokeTestMethod(Invoker.java:845)
	at org.testng.internal.Invoker.invokeTestMethods(Invoker.java:1153)
	at org.testng.internal.TestMethodWorker.invokeTestMethods(TestMethodWorker.java:125)
	at org.testng.internal.TestMethodWorker.run(TestMethodWorker.java:108)
	at java.util.concurrent.ThreadPoolExecutor.runWorker(Unknown Source)
	at java.util.concurrent.ThreadPoolExecutor$Worker.run(Unknown Source)
	at java.lang.Thread.run(Unknown Source)
</pre></div></td>
<td>15</td>
<td>com.vbrick.avenger.videocommentapi_AV_9879_testcases.Get_SubscriptionsAPI_AV_28410@12d3a4e9</td></tr>
<tr>
<td title='com.vbrick.avenger.mobileappsupport.SearchSuggestionsAPI_AV_27524.TC_06_POST_SearchSuggestions_api_Verifying_when_User_Not_Authenticated()'><b>TC_06_POST_SearchSuggestions_api_Verifying_when_User_Not_Authenticated</b><br>Test class: com.vbrick.avenger.mobileappsupport.SearchSuggestionsAPI_AV_27524<br>Test method: To verify if Search Suggestions when user not authenticated with accountadmin<br/>
<a href="#Output-2145507536" onClick='toggleBox("Output-2145507536", this, "Show output", "Hide output");'>Show output</a>

<a href="#Output-2145507536" onClick="toggleAllBoxes();">Show all outputs</a>
<div class='log' id="Output-2145507536">
Step-1:Expected Value : 200</br>Actual Value :200::PASS<br><br/>
Step-2:Expected Value : HTTP StatusCode :200</br>Actual Value :HTTP StatusCode :200::PASS<br><br/>
Step-3:Expected Value : HTTP StatusCode :200</br>Actual Value :HTTP StatusCode :200::PASS<br><br/>
Step-4:Expected Value : HTTP StatusCode :200</br>Actual Value :HTTP StatusCode :200::PASS<br><br/>
Step-5:Expected Value : HTTP StatusCode :200</br>Actual Value :HTTP StatusCode :200::PASS<br><br/>
Step-6:Expected Value : HTTP StatusCode :200</br>Actual Value :HTTP StatusCode :200::PASS<br><br/>
Step-7:Expected Value : HTTP StatusCode :200</br>Actual Value :HTTP StatusCode :200::PASS<br><br/>
Step-8:Expected Value : HTTP StatusCode :200</br>Actual Value :HTTP StatusCode :200::PASS<br><br/>
Step-9:Expected Value : HTTP StatusCode :200</br>Actual Value :HTTP StatusCode :200::PASS<br><br/>
Step-10:Expected Value : HTTP StatusCode :200</br>Actual Value :HTTP StatusCode :200::PASS<br><br/>
Step-11:Expected Value : HTTP StatusCode :200</br>Actual Value :HTTP StatusCode :200::PASS<br><br/>
Step-12:Expected Value : 200</br>Actual Value :200::PASS<br><br/>
Step-13:Application launch with URL : https://autoapi.rev-qa.vbrick.com/<br><br/>
Step-14:User name has been Entered<br><br/>
Step-15:Password has been entered<br><br/>
Step-16:Submit button Clicked<br><br/>
Step-17:Login SucessFully<br><br/>
Step-18:Avenger Dashboard Page is Clicked<br><br/>
Step-19:<font color='red'>Expected Value trueActual Valuefalse::Fail<a href="C:\Users\arjun.abhesheke\git\AvengerAPIUpdate\AvengerAPI\target\surefire-reports\Screenshots\TC_06_POST_SearchSuggestions_api_Verifying_when_User_Not_Authenticated202209258141943.png"><p align="left"><h5>Error screenshot :: TC_06_POST_SearchSuggestions_api_Verifying_when_User_Not_Authenticated202209258141943.png</h5></p></a></font><br><br/>
</div>
</td>
<td><div><pre>com.vbrick.Exception.Reasons: FAIL
	at com.vbrick.Exception.CustomReport.checkinglist(CustomReport.java:390)
	at com.vbrick.avenger.mobileappsupport.SearchSuggestionsAPI_AV_27524.TC_06_POST_SearchSuggestions_api_Verifying_when_User_Not_Authenticated(SearchSuggestionsAPI_AV_27524.java:374)
	at java.util.concurrent.ThreadPoolExecutor.runWorker(Unknown Source)
	at java.util.concurrent.ThreadPoolExecutor$Worker.run(Unknown Source)
	at java.lang.Thread.run(Unknown Source)
... Removed 10 stack frames</pre></div><a href='#' onClick='toggleBox("stack-trace2145507536", this, "Click to show all stack frames", "Click to hide stack frames")'>Click to show all stack frames</a>
<div class='stack-trace' id='stack-trace2145507536'><pre>com.vbrick.Exception.Reasons: FAIL
	at com.vbrick.Exception.CustomReport.checkinglist(CustomReport.java:390)
	at com.vbrick.avenger.mobileappsupport.SearchSuggestionsAPI_AV_27524.TC_06_POST_SearchSuggestions_api_Verifying_when_User_Not_Authenticated(SearchSuggestionsAPI_AV_27524.java:374)
	at sun.reflect.NativeMethodAccessorImpl.invoke0(Native Method)
	at sun.reflect.NativeMethodAccessorImpl.invoke(Unknown Source)
	at sun.reflect.DelegatingMethodAccessorImpl.invoke(Unknown Source)
	at java.lang.reflect.Method.invoke(Unknown Source)
	at org.testng.internal.MethodInvocationHelper.invokeMethod(MethodInvocationHelper.java:85)
	at org.testng.internal.Invoker.invokeMethod(Invoker.java:659)
	at org.testng.internal.Invoker.invokeTestMethod(Invoker.java:845)
	at org.testng.internal.Invoker.invokeTestMethods(Invoker.java:1153)
	at org.testng.internal.TestMethodWorker.invokeTestMethods(TestMethodWorker.java:125)
	at org.testng.internal.TestMethodWorker.run(TestMethodWorker.java:108)
	at java.util.concurrent.ThreadPoolExecutor.runWorker(Unknown Source)
	at java.util.concurrent.ThreadPoolExecutor$Worker.run(Unknown Source)
	at java.lang.Thread.run(Unknown Source)
</pre></div></td>
<td>90</td>
<td>com.vbrick.avenger.mobileappsupport.SearchSuggestionsAPI_AV_27524@40e6dfe1</td></tr>
<tr>
<td title='com.vbrick.avenger.videocommentapi_AV_9879_testcases.GetVideoDetails_AV_10175.TC_08_GET_GetVideosDetailsAPI_api_check_with_MediaAdmin_asteamcontributor_Positive()'><b>TC_08_GET_GetVideosDetailsAPI_api_check_with_MediaAdmin_asteamcontributor_Positive</b><br>Test class: com.vbrick.avenger.videocommentapi_AV_9879_testcases.GetVideoDetails_AV_10175<br>Test method: To Verify the VideoDetail API with Media Admin as team contributor<br/>
<a href="#Output-1080660343" onClick='toggleBox("Output-1080660343", this, "Show output", "Hide output");'>Show output</a>

<a href="#Output-1080660343" onClick="toggleAllBoxes();">Show all outputs</a>
<div class='log' id="Output-1080660343">
Step-1:Expected Value : 200</br>Actual Value :200::PASS<br><br/>
Step-2:Expected Value : 200</br>Actual Value :200::PASS<br><br/>
Step-3:Expected Value : HTTP StatusCode :200</br>Actual Value :HTTP StatusCode :200::PASS<br><br/>
Step-4:Expected Value : 200OK</br>Actual Value :200OK::PASS<br><br/>
Step-5:Application launch with URL : https://autoapi.rev-qa.vbrick.com/<br><br/>
Step-6:User name has been Entered<br><br/>
Step-7:Password has been entered<br><br/>
Step-8:Submit button Clicked<br><br/>
Step-9:Login SucessFully<br><br/>
Step-10:Avenger Dashboard Page is Clicked<br><br/>
Step-11:Clicked on Media Search Button<br><br/>
Step-12:Video ClickedAPIUserUpload_acm0QakWMOr<br><br/>
Step-13:Expected Value : true</br>Actual Value :true::PASS<br><br/>
Step-14:Expected Value : 93189adb-4692-4e15-bca1-c72601301923</br>Actual Value :93189adb-4692-4e15-bca1-c72601301923::PASS<br><br/>
Step-15:Expected Value : true</br>Actual Value :true::PASS<br><br/>
Step-16:Video Settings link is visible on the page<br><br/>
Step-17:Clicked on video Settings Link<br><br/>
Step-18:Expected Value : Active</br>Actual Value :Active::PASS<br><br/>
Step-19:Expected Value : false</br>Actual Value :false::PASS<br><br/>
Step-20:Expected Value : false</br>Actual Value :false::PASS<br><br/>
Step-21:Expected Value : false</br>Actual Value :false::PASS<br><br/>
Step-22:Expected Value : API</br>Actual Value :API::PASS<br><br/>
Step-23:Expected Value : 0</br>Actual Value :0::PASS<br><br/>
<font color='red'>1.Automation Team will Address it:TimeOutException<br>2.The Object Properties have been Modified<br>In PageVideos with locatorBy.xpath: //*[contains(text(),'API_Team_XH96mx')]</font><br/>
</div>
</td>
<td><div><pre>
	at com.vbrick.avenger.funUtil.WaitForElements.waitForElementPresent(WaitForElements.java:140)
	at com.vbrick.avenger.funUtil.WebElements.getText(WebElements.java:1012)
	at com.vbrick.avenger.pageobjects.AvengerVideoCommentsPage.verify_Label1(AvengerVideoCommentsPage.java:1067)
	at com.vbrick.avenger.videocommentapi_AV_9879_testcases.GetVideoDetails_AV_10175.TC_08_GET_GetVideosDetailsAPI_api_check_with_MediaAdmin_asteamcontributor_Positive(GetVideoDetails_AV_10175.java:640)
	at java.util.concurrent.ThreadPoolExecutor.runWorker(Unknown Source)
	at java.util.concurrent.ThreadPoolExecutor$Worker.run(Unknown Source)
	at java.lang.Thread.run(Unknown Source)
... Removed 10 stack frames</pre></div><a href='#' onClick='toggleBox("stack-trace1080660343", this, "Click to show all stack frames", "Click to hide stack frames")'>Click to show all stack frames</a>
<div class='stack-trace' id='stack-trace1080660343'><pre>
	at com.vbrick.avenger.funUtil.WaitForElements.waitForElementPresent(WaitForElements.java:140)
	at com.vbrick.avenger.funUtil.WebElements.getText(WebElements.java:1012)
	at com.vbrick.avenger.pageobjects.AvengerVideoCommentsPage.verify_Label1(AvengerVideoCommentsPage.java:1067)
	at com.vbrick.avenger.videocommentapi_AV_9879_testcases.GetVideoDetails_AV_10175.TC_08_GET_GetVideosDetailsAPI_api_check_with_MediaAdmin_asteamcontributor_Positive(GetVideoDetails_AV_10175.java:640)
	at sun.reflect.NativeMethodAccessorImpl.invoke0(Native Method)
	at sun.reflect.NativeMethodAccessorImpl.invoke(Unknown Source)
	at sun.reflect.DelegatingMethodAccessorImpl.invoke(Unknown Source)
	at java.lang.reflect.Method.invoke(Unknown Source)
	at org.testng.internal.MethodInvocationHelper.invokeMethod(MethodInvocationHelper.java:85)
	at org.testng.internal.Invoker.invokeMethod(Invoker.java:659)
	at org.testng.internal.Invoker.invokeTestMethod(Invoker.java:845)
	at org.testng.internal.Invoker.invokeTestMethods(Invoker.java:1153)
	at org.testng.internal.TestMethodWorker.invokeTestMethods(TestMethodWorker.java:125)
	at org.testng.internal.TestMethodWorker.run(TestMethodWorker.java:108)
	at java.util.concurrent.ThreadPoolExecutor.runWorker(Unknown Source)
	at java.util.concurrent.ThreadPoolExecutor$Worker.run(Unknown Source)
	at java.lang.Thread.run(Unknown Source)
</pre></div></td>
<td>317</td>
<td>com.vbrick.avenger.videocommentapi_AV_9879_testcases.GetVideoDetails_AV_10175@5762806e</td></tr>
<tr>
<td title='com.vbrick.avenger.uploadvideoapi_AV_6015_testcases.UploadTranscriptionFile_AV_10646.TC_08_UploadTranscriptionFiles_AV10646_Uploading_TranscriptionContent_AccountAdmin_ByOverRidingAnExistingFile()'><b>TC_08_UploadTranscriptionFiles_AV10646_Uploading_TranscriptionContent_AccountAdmin_ByOverRidingAnExistingFile</b><br>Test class: com.vbrick.avenger.uploadvideoapi_AV_6015_testcases.UploadTranscriptionFile_AV_10646<br>Test method:  To verify Transcription Content to spicific video using Transcription Content API with accountadmin<br>Parameters: org.testng.TestRunner@4f133044<br/>
<a href="#Output-2051724220" onClick='toggleBox("Output-2051724220", this, "Show output", "Hide output");'>Show output</a>

<a href="#Output-2051724220" onClick="toggleAllBoxes();">Show all outputs</a>
<div class='log' id="Output-2051724220">
Step-1:Upload Vidoe API TestCase is Runnning.. : https://autoapi.rev-qa.vbrick.com/<br><br/>
Step-2:Expected Value : 200</br>Actual Value :200::PASS<br><br/>
Step-3:Expected Value : HTTP StatusCode :200</br>Actual Value :HTTP StatusCode :200::PASS<br><br/>
Step-4:Expected Value : HTTP StatusCode :200</br>Actual Value :HTTP StatusCode :200::PASS<br><br/>
Step-5:<font color='red'>Expected Value HTTP StatusCode :200
Actual ValueHTTP StatusCode :500::Fail<a href="C:\Users\arjun.abhesheke\git\AvengerAPIUpdate\AvengerAPI\target\surefire-reports\Screenshots\TC_08_UploadTranscriptionFiles_AV10646_Uploading_TranscriptionContent_AccountAdmin_ByOverRidingAnExistingFile202209258144423.png"><p align="left"><h5>Error screenshot :: TC_08_UploadTranscriptionFiles_AV10646_Uploading_TranscriptionContent_AccountAdmin_ByOverRidingAnExistingFile202209258144423.png</h5></p></a></font><br><br/>
Step-6:Application launch with URL : https://autoapi.rev-qa.vbrick.com/<br><br/>
Step-7:User name has been Entered<br><br/>
Step-8:Password has been entered<br><br/>
Step-9:Submit button Clicked<br><br/>
Step-10:Login SucessFully<br><br/>
Step-11:Avenger Dashboard Page is Clicked<br><br/>
Step-12:Clicked on Media Search Button<br><br/>
Step-13:Video ClickedAPIUserUpload_slJ65Gecy1S<br><br/>
Step-14:Video Settings link is visible on the page<br><br/>
Step-15:Clicked on video Settings Link<br><br/>
Step-16:Expected Value : English</br>Actual Value :English::PASS<br><br/>
</div>
</td>
<td><div><pre>com.vbrick.Exception.Reasons: FAIL
	at com.vbrick.Exception.CustomReport.checkinglist(CustomReport.java:390)
	at com.vbrick.avenger.uploadvideoapi_AV_6015_testcases.UploadTranscriptionFile_AV_10646.TC_08_UploadTranscriptionFiles_AV10646_Uploading_TranscriptionContent_AccountAdmin_ByOverRidingAnExistingFile(UploadTranscriptionFile_AV_10646.java:516)
	at java.util.concurrent.ThreadPoolExecutor.runWorker(Unknown Source)
	at java.util.concurrent.ThreadPoolExecutor$Worker.run(Unknown Source)
	at java.lang.Thread.run(Unknown Source)
... Removed 10 stack frames</pre></div><a href='#' onClick='toggleBox("stack-trace2051724220", this, "Click to show all stack frames", "Click to hide stack frames")'>Click to show all stack frames</a>
<div class='stack-trace' id='stack-trace2051724220'><pre>com.vbrick.Exception.Reasons: FAIL
	at com.vbrick.Exception.CustomReport.checkinglist(CustomReport.java:390)
	at com.vbrick.avenger.uploadvideoapi_AV_6015_testcases.UploadTranscriptionFile_AV_10646.TC_08_UploadTranscriptionFiles_AV10646_Uploading_TranscriptionContent_AccountAdmin_ByOverRidingAnExistingFile(UploadTranscriptionFile_AV_10646.java:516)
	at sun.reflect.NativeMethodAccessorImpl.invoke0(Native Method)
	at sun.reflect.NativeMethodAccessorImpl.invoke(Unknown Source)
	at sun.reflect.DelegatingMethodAccessorImpl.invoke(Unknown Source)
	at java.lang.reflect.Method.invoke(Unknown Source)
	at org.testng.internal.MethodInvocationHelper.invokeMethod(MethodInvocationHelper.java:85)
	at org.testng.internal.Invoker.invokeMethod(Invoker.java:659)
	at org.testng.internal.Invoker.invokeTestMethod(Invoker.java:845)
	at org.testng.internal.Invoker.invokeTestMethods(Invoker.java:1153)
	at org.testng.internal.TestMethodWorker.invokeTestMethods(TestMethodWorker.java:125)
	at org.testng.internal.TestMethodWorker.run(TestMethodWorker.java:108)
	at java.util.concurrent.ThreadPoolExecutor.runWorker(Unknown Source)
	at java.util.concurrent.ThreadPoolExecutor$Worker.run(Unknown Source)
	at java.lang.Thread.run(Unknown Source)
</pre></div></td>
<td>36</td>
<td>com.vbrick.avenger.uploadvideoapi_AV_6015_testcases.UploadTranscriptionFile_AV_10646@548a102f</td></tr>
<tr>
<td title='com.vbrick.avenger.videocommentapi_AV_9879_testcases.DeleteVideoTranscriptionFile.TC_10_Delete_SingleTranscriptionFile_WithEditAccess()'><b>TC_10_Delete_SingleTranscriptionFile_WithEditAccess</b><br>Test class: com.vbrick.avenger.videocommentapi_AV_9879_testcases.DeleteVideoTranscriptionFile<br>Test method:  To Delete Single Transcription File of a specific video using Delete Transcription Files API by giving edit access to a user<br/>
<a href="#Output-120745098" onClick='toggleBox("Output-120745098", this, "Show output", "Hide output");'>Show output</a>

<a href="#Output-120745098" onClick="toggleAllBoxes();">Show all outputs</a>
<div class='log' id="Output-120745098">
Step-1:Upload Vidoe API TestCase is Runnning.. : https://autoapi.rev-qa.vbrick.com/<br><br/>
Step-2:Expected Value : 200</br>Actual Value :200::PASS<br><br/>
Step-3:Expected Value : HTTP StatusCode :200</br>Actual Value :HTTP StatusCode :200::PASS<br><br/>
Step-4:Expected Value : HTTP StatusCode :200</br>Actual Value :HTTP StatusCode :200::PASS<br><br/>
</div>
</td>
<td><div><pre>java.lang.AssertionError: expected [200] but found [401]
	at com.vbricks.avenger.api.verifications.AssertionAPIResponse.verifyAssert_httpCode(AssertionAPIResponse.java:15)
	at com.vbrick.avenger.videocommentapi_AV_9879_testcases.DeleteVideoTranscriptionFile.TC_10_Delete_SingleTranscriptionFile_WithEditAccess(DeleteVideoTranscriptionFile.java:677)
	at java.util.concurrent.ThreadPoolExecutor.runWorker(Unknown Source)
	at java.util.concurrent.ThreadPoolExecutor$Worker.run(Unknown Source)
	at java.lang.Thread.run(Unknown Source)
... Removed 15 stack frames</pre></div><a href='#' onClick='toggleBox("stack-trace120745098", this, "Click to show all stack frames", "Click to hide stack frames")'>Click to show all stack frames</a>
<div class='stack-trace' id='stack-trace120745098'><pre>java.lang.AssertionError: expected [200] but found [401]
	at org.testng.Assert.fail(Assert.java:94)
	at org.testng.Assert.failNotEquals(Assert.java:496)
	at org.testng.Assert.assertEquals(Assert.java:125)
	at org.testng.Assert.assertEquals(Assert.java:178)
	at org.testng.Assert.assertEquals(Assert.java:188)
	at com.vbricks.avenger.api.verifications.AssertionAPIResponse.verifyAssert_httpCode(AssertionAPIResponse.java:15)
	at com.vbrick.avenger.videocommentapi_AV_9879_testcases.DeleteVideoTranscriptionFile.TC_10_Delete_SingleTranscriptionFile_WithEditAccess(DeleteVideoTranscriptionFile.java:677)
	at sun.reflect.NativeMethodAccessorImpl.invoke0(Native Method)
	at sun.reflect.NativeMethodAccessorImpl.invoke(Unknown Source)
	at sun.reflect.DelegatingMethodAccessorImpl.invoke(Unknown Source)
	at java.lang.reflect.Method.invoke(Unknown Source)
	at org.testng.internal.MethodInvocationHelper.invokeMethod(MethodInvocationHelper.java:85)
	at org.testng.internal.Invoker.invokeMethod(Invoker.java:659)
	at org.testng.internal.Invoker.invokeTestMethod(Invoker.java:845)
	at org.testng.internal.Invoker.invokeTestMethods(Invoker.java:1153)
	at org.testng.internal.TestMethodWorker.invokeTestMethods(TestMethodWorker.java:125)
	at org.testng.internal.TestMethodWorker.run(TestMethodWorker.java:108)
	at java.util.concurrent.ThreadPoolExecutor.runWorker(Unknown Source)
	at java.util.concurrent.ThreadPoolExecutor$Worker.run(Unknown Source)
	at java.lang.Thread.run(Unknown Source)
</pre></div></td>
<td>52</td>
<td>com.vbrick.avenger.videocommentapi_AV_9879_testcases.DeleteVideoTranscriptionFile@212bf671</td></tr>
<tr>
<td title='com.vbrick.avenger.videocommentapi_AV_9879_testcases.DeleteVideoTranscriptionFile.TC_10_Delete_SingleTranscriptionFile_WithEditAccess()'><b>TC_10_Delete_SingleTranscriptionFile_WithEditAccess</b><br>Test class: com.vbrick.avenger.videocommentapi_AV_9879_testcases.DeleteVideoTranscriptionFile<br>Test method:  To Delete Single Transcription File of a specific video using Delete Transcription Files API by giving edit access to a user<br/>
<a href="#Output-1665464753" onClick='toggleBox("Output-1665464753", this, "Show output", "Hide output");'>Show output</a>

<a href="#Output-1665464753" onClick="toggleAllBoxes();">Show all outputs</a>
<div class='log' id="Output-1665464753">
Step-1:Upload Vidoe API TestCase is Runnning.. : https://autoapi.rev-qa.vbrick.com/<br><br/>
Step-2:Expected Value : 200</br>Actual Value :200::PASS<br><br/>
Step-3:Expected Value : HTTP StatusCode :200</br>Actual Value :HTTP StatusCode :200::PASS<br><br/>
Step-4:Expected Value : HTTP StatusCode :200</br>Actual Value :HTTP StatusCode :200::PASS<br><br/>
</div>
</td>
<td><div><pre>java.lang.AssertionError: expected [200] but found [401]
	at com.vbricks.avenger.api.verifications.AssertionAPIResponse.verifyAssert_httpCode(AssertionAPIResponse.java:15)
	at com.vbrick.avenger.videocommentapi_AV_9879_testcases.DeleteVideoTranscriptionFile.TC_10_Delete_SingleTranscriptionFile_WithEditAccess(DeleteVideoTranscriptionFile.java:677)
	at java.util.concurrent.ThreadPoolExecutor.runWorker(Unknown Source)
	at java.util.concurrent.ThreadPoolExecutor$Worker.run(Unknown Source)
	at java.lang.Thread.run(Unknown Source)
... Removed 15 stack frames</pre></div><a href='#' onClick='toggleBox("stack-trace1665464753", this, "Click to show all stack frames", "Click to hide stack frames")'>Click to show all stack frames</a>
<div class='stack-trace' id='stack-trace1665464753'><pre>java.lang.AssertionError: expected [200] but found [401]
	at org.testng.Assert.fail(Assert.java:94)
	at org.testng.Assert.failNotEquals(Assert.java:496)
	at org.testng.Assert.assertEquals(Assert.java:125)
	at org.testng.Assert.assertEquals(Assert.java:178)
	at org.testng.Assert.assertEquals(Assert.java:188)
	at com.vbricks.avenger.api.verifications.AssertionAPIResponse.verifyAssert_httpCode(AssertionAPIResponse.java:15)
	at com.vbrick.avenger.videocommentapi_AV_9879_testcases.DeleteVideoTranscriptionFile.TC_10_Delete_SingleTranscriptionFile_WithEditAccess(DeleteVideoTranscriptionFile.java:677)
	at sun.reflect.NativeMethodAccessorImpl.invoke0(Native Method)
	at sun.reflect.NativeMethodAccessorImpl.invoke(Unknown Source)
	at sun.reflect.DelegatingMethodAccessorImpl.invoke(Unknown Source)
	at java.lang.reflect.Method.invoke(Unknown Source)
	at org.testng.internal.MethodInvocationHelper.invokeMethod(MethodInvocationHelper.java:85)
	at org.testng.internal.Invoker.invokeMethod(Invoker.java:659)
	at org.testng.internal.Invoker.retryFailed(Invoker.java:991)
	at org.testng.internal.Invoker.invokeTestMethods(Invoker.java:1171)
	at org.testng.internal.TestMethodWorker.invokeTestMethods(TestMethodWorker.java:125)
	at org.testng.internal.TestMethodWorker.run(TestMethodWorker.java:108)
	at java.util.concurrent.ThreadPoolExecutor.runWorker(Unknown Source)
	at java.util.concurrent.ThreadPoolExecutor$Worker.run(Unknown Source)
	at java.lang.Thread.run(Unknown Source)
</pre></div></td>
<td>51</td>
<td>com.vbrick.avenger.videocommentapi_AV_9879_testcases.DeleteVideoTranscriptionFile@212bf671</td></tr>
<tr>
<td title='com.vbrick.avenger.uploadvideoapi_AV_6015_testcases.UploadVideos_AV_6015.TC_16_UploadVideos_MediaAdmin_With_VidoeACcessControlAsTeams_bygivingatleastoneteam_mediaadminasteamcontributor_Positive()'><b>TC_16_UploadVideos_MediaAdmin_With_VidoeACcessControlAsTeams_bygivingatleastoneteam_mediaadminasteamcontributor_Positive</b><br>Test class: com.vbrick.avenger.uploadvideoapi_AV_6015_testcases.UploadVideos_AV_6015<br>Test method: Upload Video API with access control as Teams by giving atleast one team for access control entity with uploader as Media Admin and as team contributor<br>Parameters: org.testng.TestRunner@4f133044<br/>
<a href="#Output-1769384187" onClick='toggleBox("Output-1769384187", this, "Show output", "Hide output");'>Show output</a>

<a href="#Output-1769384187" onClick="toggleAllBoxes();">Show all outputs</a>
<div class='log' id="Output-1769384187">
Step-1:Expected Value : 200</br>Actual Value :200::PASS<br><br/>
Step-2:Expected Value : 200</br>Actual Value :200::PASS<br><br/>
Step-3:Expected Value : HTTP StatusCode :200</br>Actual Value :HTTP StatusCode :200::PASS<br><br/>
Step-4:Application launch with URL : https://autoapi.rev-qa.vbrick.com/<br><br/>
Step-5:User name has been Entered<br><br/>
Step-6:Password has been entered<br><br/>
Step-7:Submit button Clicked<br><br/>
Step-8:Login SucessFully<br><br/>
Step-9:Avenger Dashboard Page is Clicked<br><br/>
Step-10:Clicked on Media Search Button<br><br/>
Step-11:Video ClickedAPIUserUpload_HZghVb18MGX<br><br/>
Step-12:Expected Value : true</br>Actual Value :true::PASS<br><br/>
Step-13:Video Settings link is visible on the page<br><br/>
Step-14:Clicked on video Settings Link<br><br/>
<font color='red'>1.Automation Team will Address it:TimeOutException<br>2.The Object Properties have been Modified<br>In PageVideos with locatorBy.xpath: (//*[contains(text(),'API_Team_RireTV')])[2]</font><br/>
</div>
</td>
<td><div><pre>
	at com.vbrick.avenger.funUtil.WaitForElements.waitForElementPresent(WaitForElements.java:140)
	at com.vbrick.avenger.funUtil.WebElements.getText(WebElements.java:1012)
	at com.vbrick.avenger.pageobjects.AvengerVideoCommentsPage.verify_Label(AvengerVideoCommentsPage.java:1060)
	at com.vbrick.avenger.uploadvideoapi_AV_6015_testcases.UploadVideos_AV_6015.TC_16_UploadVideos_MediaAdmin_With_VidoeACcessControlAsTeams_bygivingatleastoneteam_mediaadminasteamcontributor_Positive(UploadVideos_AV_6015.java:954)
	at java.util.concurrent.ThreadPoolExecutor.runWorker(Unknown Source)
	at java.util.concurrent.ThreadPoolExecutor$Worker.run(Unknown Source)
	at java.lang.Thread.run(Unknown Source)
... Removed 10 stack frames</pre></div><a href='#' onClick='toggleBox("stack-trace1769384187", this, "Click to show all stack frames", "Click to hide stack frames")'>Click to show all stack frames</a>
<div class='stack-trace' id='stack-trace1769384187'><pre>
	at com.vbrick.avenger.funUtil.WaitForElements.waitForElementPresent(WaitForElements.java:140)
	at com.vbrick.avenger.funUtil.WebElements.getText(WebElements.java:1012)
	at com.vbrick.avenger.pageobjects.AvengerVideoCommentsPage.verify_Label(AvengerVideoCommentsPage.java:1060)
	at com.vbrick.avenger.uploadvideoapi_AV_6015_testcases.UploadVideos_AV_6015.TC_16_UploadVideos_MediaAdmin_With_VidoeACcessControlAsTeams_bygivingatleastoneteam_mediaadminasteamcontributor_Positive(UploadVideos_AV_6015.java:954)
	at sun.reflect.NativeMethodAccessorImpl.invoke0(Native Method)
	at sun.reflect.NativeMethodAccessorImpl.invoke(Unknown Source)
	at sun.reflect.DelegatingMethodAccessorImpl.invoke(Unknown Source)
	at java.lang.reflect.Method.invoke(Unknown Source)
	at org.testng.internal.MethodInvocationHelper.invokeMethod(MethodInvocationHelper.java:85)
	at org.testng.internal.Invoker.invokeMethod(Invoker.java:659)
	at org.testng.internal.Invoker.invokeTestMethod(Invoker.java:845)
	at org.testng.internal.Invoker.invokeTestMethods(Invoker.java:1153)
	at org.testng.internal.TestMethodWorker.invokeTestMethods(TestMethodWorker.java:125)
	at org.testng.internal.TestMethodWorker.run(TestMethodWorker.java:108)
	at java.util.concurrent.ThreadPoolExecutor.runWorker(Unknown Source)
	at java.util.concurrent.ThreadPoolExecutor$Worker.run(Unknown Source)
	at java.lang.Thread.run(Unknown Source)
</pre></div></td>
<td>271</td>
<td>com.vbrick.avenger.uploadvideoapi_AV_6015_testcases.UploadVideos_AV_6015@2ed0fbae</td></tr>
<tr>
<td title='com.vbrick.avenger.uploadvideoapi_AV_6015_testcases.UploadVideos_AV_6015.TC_41_UploadVideos_Teams_AccountAdmin_onevalidandoneinvalidteam_Positive()'><b>TC_41_UploadVideos_Teams_AccountAdmin_onevalidandoneinvalidteam_Positive</b><br>Test class: com.vbrick.avenger.uploadvideoapi_AV_6015_testcases.UploadVideos_AV_6015<br>Test method: To verify that upload video is not rejected when one valid and one invalid team is provided<br>Parameters: org.testng.TestRunner@4f133044<br/>
<a href="#Output-1478752031" onClick='toggleBox("Output-1478752031", this, "Show output", "Hide output");'>Show output</a>

<a href="#Output-1478752031" onClick="toggleAllBoxes();">Show all outputs</a>
<div class='log' id="Output-1478752031">
Step-1:Expected Value : 200</br>Actual Value :200::PASS<br><br/>
Step-2:Expected Value : 200</br>Actual Value :200::PASS<br><br/>
Step-3:Expected Value : 200</br>Actual Value :200::PASS<br><br/>
Step-4:<font color='red'>Expected Value HTTP StatusCode :200
Actual ValueHTTP StatusCode :400::Fail<a href="C:\Users\arjun.abhesheke\git\AvengerAPIUpdate\AvengerAPI\target\surefire-reports\Screenshots\TC_41_UploadVideos_Teams_AccountAdmin_onevalidandoneinvalidteam_Positive202209258152426.png"><p align="left"><h5>Error screenshot :: TC_41_UploadVideos_Teams_AccountAdmin_onevalidandoneinvalidteam_Positive202209258152426.png</h5></p></a></font><br><br/>
Step-5:Application launch with URL : https://autoapi.rev-qa.vbrick.com/<br><br/>
Step-6:User name has been Entered<br><br/>
Step-7:Password has been entered<br><br/>
Step-8:Submit button Clicked<br><br/>
Step-9:Login SucessFully<br><br/>
Step-10:Avenger Dashboard Page is Clicked<br><br/>
Step-11:Clicked on Media Search Button<br><br/>
</div>
</td>
<td><div><pre>org.openqa.selenium.NoSuchElementException: no such element: Unable to locate element: {&quot;method&quot;:&quot;xpath&quot;,&quot;selector&quot;:&quot;//a[contains(text(),&apos;APIUserUpload_7y41IAGU1X5&apos;)]&quot;}
  (Session info: chrome=105.0.5195.102)
For documentation on this error, please visit: http://seleniumhq.org/exceptions/no_such_element.html
Build info: version: &apos;3.6.0&apos;, revision: &apos;6fbf3ec767&apos;, time: &apos;2017-09-27T15:28:36.4Z&apos;
System info: host: &apos;VA-WIN7QA-01&apos;, ip: &apos;10.10.6.14&apos;, os.name: &apos;Windows 7&apos;, os.arch: &apos;amd64&apos;, os.version: &apos;6.1&apos;, java.version: &apos;1.8.0_101&apos;
Driver info: org.openqa.selenium.chrome.ChromeDriver
Capabilities [{networkConnectionEnabled=false, chrome={chromedriverVersion=105.0.5195.52 (412c95e518836d8a7d97250d62b29c2ae6a26a85-refs/branch-heads/5195@{#853}), userDataDir=C:\Users\ARJUN~1.ABH\AppData\Local\Temp\scoped_dir24676_211214485}, timeouts={implicit=0, pageLoad=300000, script=30000}, pageLoadStrategy=normal, unhandledPromptBehavior=dismiss and notify, strictFileInteractability=false, platform=WINDOWS, proxy=Proxy(), goog:chromeOptions={debuggerAddress=localhost:51624}, webauthn:extension:credBlob=true, acceptInsecureCerts=false, browserVersion=105.0.5195.102, browserName=chrome, javascriptEnabled=true, platformName=WINDOWS, setWindowRect=true, webauthn:extension:largeBlob=true, webauthn:virtualAuthenticators=true}]
Session ID: e44cd8a53f85995748571fc59ef94d12
*** Element info: {Using=xpath, value=//a[contains(text(),&apos;APIUserUpload_7y41IAGU1X5&apos;)]}
	at org.openqa.selenium.remote.http.W3CHttpResponseCodec.createException(W3CHttpResponseCodec.java:185)
	at org.openqa.selenium.remote.http.W3CHttpResponseCodec.decode(W3CHttpResponseCodec.java:120)
	at org.openqa.selenium.remote.http.W3CHttpResponseCodec.decode(W3CHttpResponseCodec.java:49)
	at org.openqa.selenium.remote.HttpCommandExecutor.execute(HttpCommandExecutor.java:164)
	at org.openqa.selenium.remote.service.DriverCommandExecutor.execute(DriverCommandExecutor.java:83)
	at org.openqa.selenium.remote.RemoteWebDriver.execute(RemoteWebDriver.java:586)
	at org.openqa.selenium.remote.RemoteWebDriver.findElement(RemoteWebDriver.java:356)
	at org.openqa.selenium.remote.RemoteWebDriver.findElementByXPath(RemoteWebDriver.java:458)
	at org.openqa.selenium.By$ByXPath.findElement(By.java:361)
	at org.openqa.selenium.remote.RemoteWebDriver.findElement(RemoteWebDriver.java:348)
	at com.vbrick.avenger.funUtil.WebElements.clickusingjavascript(WebElements.java:484)
	at com.vbrick.avenger.pageobjects.AvengerDashboardPage.clickVideo(AvengerDashboardPage.java:295)
	at com.vbrick.avenger.uploadvideoapi_AV_6015_testcases.UploadVideos_AV_6015.TC_41_UploadVideos_Teams_AccountAdmin_onevalidandoneinvalidteam_Positive(UploadVideos_AV_6015.java:2190)
	at java.util.concurrent.ThreadPoolExecutor.runWorker(Unknown Source)
	at java.util.concurrent.ThreadPoolExecutor$Worker.run(Unknown Source)
	at java.lang.Thread.run(Unknown Source)
... Removed 13 stack frames</pre></div><a href='#' onClick='toggleBox("stack-trace1478752031", this, "Click to show all stack frames", "Click to hide stack frames")'>Click to show all stack frames</a>
<div class='stack-trace' id='stack-trace1478752031'><pre>org.openqa.selenium.NoSuchElementException: no such element: Unable to locate element: {&quot;method&quot;:&quot;xpath&quot;,&quot;selector&quot;:&quot;//a[contains(text(),&apos;APIUserUpload_7y41IAGU1X5&apos;)]&quot;}
  (Session info: chrome=105.0.5195.102)
For documentation on this error, please visit: http://seleniumhq.org/exceptions/no_such_element.html
Build info: version: &apos;3.6.0&apos;, revision: &apos;6fbf3ec767&apos;, time: &apos;2017-09-27T15:28:36.4Z&apos;
System info: host: &apos;VA-WIN7QA-01&apos;, ip: &apos;10.10.6.14&apos;, os.name: &apos;Windows 7&apos;, os.arch: &apos;amd64&apos;, os.version: &apos;6.1&apos;, java.version: &apos;1.8.0_101&apos;
Driver info: org.openqa.selenium.chrome.ChromeDriver
Capabilities [{networkConnectionEnabled=false, chrome={chromedriverVersion=105.0.5195.52 (412c95e518836d8a7d97250d62b29c2ae6a26a85-refs/branch-heads/5195@{#853}), userDataDir=C:\Users\ARJUN~1.ABH\AppData\Local\Temp\scoped_dir24676_211214485}, timeouts={implicit=0, pageLoad=300000, script=30000}, pageLoadStrategy=normal, unhandledPromptBehavior=dismiss and notify, strictFileInteractability=false, platform=WINDOWS, proxy=Proxy(), goog:chromeOptions={debuggerAddress=localhost:51624}, webauthn:extension:credBlob=true, acceptInsecureCerts=false, browserVersion=105.0.5195.102, browserName=chrome, javascriptEnabled=true, platformName=WINDOWS, setWindowRect=true, webauthn:extension:largeBlob=true, webauthn:virtualAuthenticators=true}]
Session ID: e44cd8a53f85995748571fc59ef94d12
*** Element info: {Using=xpath, value=//a[contains(text(),&apos;APIUserUpload_7y41IAGU1X5&apos;)]}
	at sun.reflect.GeneratedConstructorAccessor75.newInstance(Unknown Source)
	at sun.reflect.DelegatingConstructorAccessorImpl.newInstance(Unknown Source)
	at java.lang.reflect.Constructor.newInstance(Unknown Source)
	at org.openqa.selenium.remote.http.W3CHttpResponseCodec.createException(W3CHttpResponseCodec.java:185)
	at org.openqa.selenium.remote.http.W3CHttpResponseCodec.decode(W3CHttpResponseCodec.java:120)
	at org.openqa.selenium.remote.http.W3CHttpResponseCodec.decode(W3CHttpResponseCodec.java:49)
	at org.openqa.selenium.remote.HttpCommandExecutor.execute(HttpCommandExecutor.java:164)
	at org.openqa.selenium.remote.service.DriverCommandExecutor.execute(DriverCommandExecutor.java:83)
	at org.openqa.selenium.remote.RemoteWebDriver.execute(RemoteWebDriver.java:586)
	at org.openqa.selenium.remote.RemoteWebDriver.findElement(RemoteWebDriver.java:356)
	at org.openqa.selenium.remote.RemoteWebDriver.findElementByXPath(RemoteWebDriver.java:458)
	at org.openqa.selenium.By$ByXPath.findElement(By.java:361)
	at org.openqa.selenium.remote.RemoteWebDriver.findElement(RemoteWebDriver.java:348)
	at com.vbrick.avenger.funUtil.WebElements.clickusingjavascript(WebElements.java:484)
	at com.vbrick.avenger.pageobjects.AvengerDashboardPage.clickVideo(AvengerDashboardPage.java:295)
	at com.vbrick.avenger.uploadvideoapi_AV_6015_testcases.UploadVideos_AV_6015.TC_41_UploadVideos_Teams_AccountAdmin_onevalidandoneinvalidteam_Positive(UploadVideos_AV_6015.java:2190)
	at sun.reflect.NativeMethodAccessorImpl.invoke0(Native Method)
	at sun.reflect.NativeMethodAccessorImpl.invoke(Unknown Source)
	at sun.reflect.DelegatingMethodAccessorImpl.invoke(Unknown Source)
	at java.lang.reflect.Method.invoke(Unknown Source)
	at org.testng.internal.MethodInvocationHelper.invokeMethod(MethodInvocationHelper.java:85)
	at org.testng.internal.Invoker.invokeMethod(Invoker.java:659)
	at org.testng.internal.Invoker.invokeTestMethod(Invoker.java:845)
	at org.testng.internal.Invoker.invokeTestMethods(Invoker.java:1153)
	at org.testng.internal.TestMethodWorker.invokeTestMethods(TestMethodWorker.java:125)
	at org.testng.internal.TestMethodWorker.run(TestMethodWorker.java:108)
	at java.util.concurrent.ThreadPoolExecutor.runWorker(Unknown Source)
	at java.util.concurrent.ThreadPoolExecutor$Worker.run(Unknown Source)
	at java.lang.Thread.run(Unknown Source)
</pre></div></td>
<td>78</td>
<td>com.vbrick.avenger.uploadvideoapi_AV_6015_testcases.UploadVideos_AV_6015@2ed0fbae</td></tr>
</table><p>
<table width='100%' border='1' class='invocation-passed'>
<tr><td colspan='4' align='center'><b>PASSED TESTS</b></td></tr>
<tr><td><b>Test method</b></td>
<td width="30%"><b>Exception</b></td>
<td width="10%"><b>Time (seconds)</b></td>
<td><b>Instance</b></td>
</tr>
<tr>
<td title='com.vbrick.avenger.mobileappsupport.AssignableCategoriesAPI_AV_28666.TC_01_GET_AssignableCategories_api_check_With_AccountAdmin_Positive()'><b>TC_01_GET_AssignableCategories_api_check_With_AccountAdmin_Positive</b><br>Test class: com.vbrick.avenger.mobileappsupport.AssignableCategoriesAPI_AV_28666<br>Test method: To Verify the AssignableCategories using AssignableCategories API with Account Admin when there are no Restricted Categories <br>Parameters: org.testng.TestRunner@4f133044<br/>
<a href="#Output-1191340124" onClick='toggleBox("Output-1191340124", this, "Show output", "Hide output");'>Show output</a>

<a href="#Output-1191340124" onClick="toggleAllBoxes();">Show all outputs</a>
<div class='log' id="Output-1191340124">
Step-1:Upload Vidoe API TestCase is Runnning.. : https://autoapi.rev-qa.vbrick.com/<br><br/>
Step-2:Expected Value : 200</br>Actual Value :200::PASS<br><br/>
Step-3:Expected Value : HTTP StatusCode :200</br>Actual Value :HTTP StatusCode :200::PASS<br><br/>
Step-4:Expected Value : 200OK</br>Actual Value :200OK::PASS<br><br/>
Step-5:Expected Value : 200</br>Actual Value :200::PASS<br><br/>
Step-6:Application launch with URL : https://autoapi.rev-qa.vbrick.com/<br><br/>
Step-7:User name has been Entered<br><br/>
Step-8:Password has been entered<br><br/>
Step-9:Submit button Clicked<br><br/>
Step-10:Login SucessFully<br><br/>
Step-11:Avenger Dashboard Page is Clicked<br><br/>
Step-12:Clicked on Media Search Button<br><br/>
Step-13:Video ClickedCatcre<br><br/>
Step-14:Video Settings link is visible on the page<br><br/>
Step-15:Clicked on video Settings Link<br><br/>
Step-16:Expected Value : true</br>Actual Value :true::PASS<br><br/>
Step-17:Expected Value : true</br>Actual Value :true::PASS<br><br/>
</div>
</td>
<td></td>
<td>234</td>
<td>com.vbrick.avenger.mobileappsupport.AssignableCategoriesAPI_AV_28666@25a65b77</td></tr>
<tr>
<td title='com.vbrick.avenger.mobileappsupport.AssignableCategoriesAPI_AV_28666.TC_02_GET_AssignableCategories_api_check_With_AccountAdmin_Positive()'><b>TC_02_GET_AssignableCategories_api_check_With_AccountAdmin_Positive</b><br>Test class: com.vbrick.avenger.mobileappsupport.AssignableCategoriesAPI_AV_28666<br>Test method: To Verify the AssignableCategories using AssignableCategories API with Account Admin when THERE IS a Restricted Categories <br>Parameters: org.testng.TestRunner@4f133044<br/>
<a href="#Output-163821508" onClick='toggleBox("Output-163821508", this, "Show output", "Hide output");'>Show output</a>

<a href="#Output-163821508" onClick="toggleAllBoxes();">Show all outputs</a>
<div class='log' id="Output-163821508">
Step-1:Upload Vidoe API TestCase is Runnning.. : https://autoapi.rev-qa.vbrick.com/<br><br/>
Step-2:Expected Value : 200</br>Actual Value :200::PASS<br><br/>
Step-3:Expected Value : HTTP StatusCode :200</br>Actual Value :HTTP StatusCode :200::PASS<br><br/>
Step-4:Expected Value : 200OK</br>Actual Value :200OK::PASS<br><br/>
Step-5:Expected Value : 200</br>Actual Value :200::PASS<br><br/>
Step-6:Application launch with URL : https://autoapi.rev-qa.vbrick.com/<br><br/>
Step-7:User name has been Entered<br><br/>
Step-8:Password has been entered<br><br/>
Step-9:Submit button Clicked<br><br/>
Step-10:Login SucessFully<br><br/>
Step-11:Avenger Dashboard Page is Clicked<br><br/>
Step-12:Clicked on Media Search Button<br><br/>
Step-13:Video ClickedCatcre<br><br/>
Step-14:Video Settings link is visible on the page<br><br/>
Step-15:Clicked on video Settings Link<br><br/>
Step-16:Expected Value : true</br>Actual Value :true::PASS<br><br/>
Step-17:Expected Value : true</br>Actual Value :true::PASS<br><br/>
</div>
</td>
<td></td>
<td>230</td>
<td>com.vbrick.avenger.mobileappsupport.AssignableCategoriesAPI_AV_28666@25a65b77</td></tr>
<tr>
<td title='com.vbrick.avenger.mobileappsupport.CheckForUploadRightsInUserAPI_AV_28488.TC_02_GET_UploadRights_of_a_MediaViewer_with_AccoutAdmin_Positive()'><b>TC_02_GET_UploadRights_of_a_MediaViewer_with_AccoutAdmin_Positive</b><br>Test class: com.vbrick.avenger.mobileappsupport.CheckForUploadRightsInUserAPI_AV_28488<br>Test method: To verify UploadVideo & CreateEvent Rights of a MediaViewer with accountadmin<br/>
<a href="#Output-332819794" onClick='toggleBox("Output-332819794", this, "Show output", "Hide output");'>Show output</a>

<a href="#Output-332819794" onClick="toggleAllBoxes();">Show all outputs</a>
<div class='log' id="Output-332819794">
Step-1:Expected Value : 200</br>Actual Value :200::PASS<br><br/>
Step-2:Expected Value : 200</br>Actual Value :200::PASS<br><br/>
Step-3:Expected Value : 200OK</br>Actual Value :200OK::PASS<br><br/>
Step-4:Expected Value : false</br>Actual Value :false::PASS<br><br/>
Step-5:Expected Value : false</br>Actual Value :false::PASS<br><br/>
</div>
</td>
<td></td>
<td>0</td>
<td>com.vbrick.avenger.mobileappsupport.CheckForUploadRightsInUserAPI_AV_28488@214b199c</td></tr>
<tr>
<td title='com.vbrick.avenger.mobileappsupport.AssignableCategoriesAPI_AV_28666.TC_03_GET_AssignableCategories_api_check_With_MediaContributor_Positive()'><b>TC_03_GET_AssignableCategories_api_check_With_MediaContributor_Positive</b><br>Test class: com.vbrick.avenger.mobileappsupport.AssignableCategoriesAPI_AV_28666<br>Test method: To Verify the AssignableCategories using AssignableCategories API with Media Contributor<br>Parameters: org.testng.TestRunner@4f133044<br/>
<a href="#Output-240887944" onClick='toggleBox("Output-240887944", this, "Show output", "Hide output");'>Show output</a>

<a href="#Output-240887944" onClick="toggleAllBoxes();">Show all outputs</a>
<div class='log' id="Output-240887944">
Step-1:Upload Vidoe API TestCase is Runnning.. : https://autoapi.rev-qa.vbrick.com/<br><br/>
Step-2:Expected Value : 200</br>Actual Value :200::PASS<br><br/>
Step-3:Expected Value : 200OK</br>Actual Value :200OK::PASS<br><br/>
Step-4:Expected Value : 200</br>Actual Value :200::PASS<br><br/>
Step-5:Expected Value : 200</br>Actual Value :200::PASS<br><br/>
Step-6:Expected Value : HTTP StatusCode :200</br>Actual Value :HTTP StatusCode :200::PASS<br><br/>
Step-7:Application launch with URL : https://autoapi.rev-qa.vbrick.com/<br><br/>
Step-8:User name has been Entered<br><br/>
Step-9:Password has been entered<br><br/>
Step-10:Submit button Clicked<br><br/>
Step-11:Login SucessFully<br><br/>
Step-12:Avenger Dashboard Page is Clicked<br><br/>
Step-13:Clicked on Media Search Button<br><br/>
Step-14:Video ClickedAPIIA<br><br/>
Step-15:Video Settings link is visible on the page<br><br/>
Step-16:Clicked on video Settings Link<br><br/>
Step-17:Expected Value : true</br>Actual Value :true::PASS<br><br/>
Step-18:Expected Value : true</br>Actual Value :true::PASS<br><br/>
</div>
</td>
<td></td>
<td>228</td>
<td>com.vbrick.avenger.mobileappsupport.AssignableCategoriesAPI_AV_28666@25a65b77</td></tr>
<tr>
<td title='com.vbrick.avenger.mobileappsupport.AssignableCategoriesAPI_AV_28666.TC_04_GET_AssignableCategories_api_check_With_MediaViewer_Positive()'><b>TC_04_GET_AssignableCategories_api_check_With_MediaViewer_Positive</b><br>Test class: com.vbrick.avenger.mobileappsupport.AssignableCategoriesAPI_AV_28666<br>Test method: To Verify the AssignableCategories using AssignableCategories API with Media Viewer<br>Parameters: org.testng.TestRunner@4f133044<br/>
<a href="#Output-1534891451" onClick='toggleBox("Output-1534891451", this, "Show output", "Hide output");'>Show output</a>

<a href="#Output-1534891451" onClick="toggleAllBoxes();">Show all outputs</a>
<div class='log' id="Output-1534891451">
Step-1:Upload Vidoe API TestCase is Runnning.. : https://autoapi.rev-qa.vbrick.com/<br><br/>
Step-2:Expected Value : 200</br>Actual Value :200::PASS<br><br/>
Step-3:Expected Value : HTTP StatusCode :200</br>Actual Value :HTTP StatusCode :200::PASS<br><br/>
Step-4:Expected Value : 200OK</br>Actual Value :200OK::PASS<br><br/>
Step-5:Expected Value : 200</br>Actual Value :200::PASS<br><br/>
Step-6:Expected Value : 200</br>Actual Value :200::PASS<br><br/>
Step-7:Application launch with URL : https://autoapi.rev-qa.vbrick.com/<br><br/>
Step-8:User name has been Entered<br><br/>
Step-9:Password has been entered<br><br/>
Step-10:Submit button Clicked<br><br/>
Step-11:Login SucessFully<br><br/>
Step-12:Avenger Dashboard Page is Clicked<br><br/>
Step-13:Clicked on Media Search Button<br><br/>
Step-14:Video ClickedAPIUserUpload_nntrMS5okj1<br><br/>
Step-15:Video Settings link is visible on the page<br><br/>
Step-16:Clicked on video Settings Link<br><br/>
Step-17:Expected Value : true</br>Actual Value :true::PASS<br><br/>
Step-18:Expected Value : true</br>Actual Value :true::PASS<br><br/>
</div>
</td>
<td></td>
<td>229</td>
<td>com.vbrick.avenger.mobileappsupport.AssignableCategoriesAPI_AV_28666@25a65b77</td></tr>
<tr>
<td title='com.vbrick.avenger.videocommentapi_AV_9879_testcases.EventListApi_Av_11123.TC_04_GET_EventList_api_check_With_MediaViewer_Positive()'><b>TC_04_GET_EventList_api_check_With_MediaViewer_Positive</b><br>Test class: com.vbrick.avenger.videocommentapi_AV_9879_testcases.EventListApi_Av_11123<br>Test method: To Verify the EventList using EventList API with MediaViewer<br>Parameters: org.testng.TestRunner@4f133044<br/>
<a href="#Output-1893301113" onClick='toggleBox("Output-1893301113", this, "Show output", "Hide output");'>Show output</a>

<a href="#Output-1893301113" onClick="toggleAllBoxes();">Show all outputs</a>
<div class='log' id="Output-1893301113">
Step-1:Expected Value : 200</br>Actual Value :200::PASS<br><br/>
Step-2:Expected Value : 200OK</br>Actual Value :200OK::PASS<br><br/>
Step-3:Application launch with URL : https://autoapi.rev-qa.vbrick.com/<br><br/>
Step-4:User name has been Entered<br><br/>
Step-5:Password has been entered<br><br/>
Step-6:Submit button Clicked<br><br/>
Step-7:Login SucessFully<br><br/>
Step-8:Avenger Dashboard Page is Clicked<br><br/>
Step-9:Events Tab is  Clicked<br><br/>
Step-10:Expected Value : true</br>Actual Value :true::PASS<br><br/>
Step-11:Expected Value : true</br>Actual Value :true::PASS<br><br/>
</div>
</td>
<td></td>
<td>24</td>
<td>com.vbrick.avenger.videocommentapi_AV_9879_testcases.EventListApi_Av_11123@55ca8de8</td></tr>
<tr>
<td title='com.vbrick.avenger.videocommentapi_AV_9879_testcases.SearchAccessEntityApi_Av_10684.TC_05_GET_SearchAccessEntity_using_searchstring_withgroupentity_EventHost_Positive()'><b>TC_05_GET_SearchAccessEntity_using_searchstring_withgroupentity_EventHost_Positive</b><br>Test class: com.vbrick.avenger.videocommentapi_AV_9879_testcases.SearchAccessEntityApi_Av_10684<br>Test method: To Verify the SearchAccessEntity API with Event Host by providing search string for group entity<br>Parameters: org.testng.TestRunner@4f133044<br/>
<a href="#Output-1650927426" onClick='toggleBox("Output-1650927426", this, "Show output", "Hide output");'>Show output</a>

<a href="#Output-1650927426" onClick="toggleAllBoxes();">Show all outputs</a>
<div class='log' id="Output-1650927426">
Step-1:Expected Value : 200</br>Actual Value :200::PASS<br><br/>
Step-2:Expected Value : 200</br>Actual Value :200::PASS<br><br/>
Step-3:Expected Value : 200</br>Actual Value :200::PASS<br><br/>
Step-4:Expected Value : 200OK</br>Actual Value :200OK::PASS<br><br/>
Step-5:Application launch with URL : https://autoapi.rev-qa.vbrick.com/<br><br/>
Step-6:User name has been Entered<br><br/>
Step-7:Password has been entered<br><br/>
Step-8:Submit button Clicked<br><br/>
Step-9:Login SucessFully<br><br/>
Step-10:Groups  link is clicked<br><br/>
Step-11:Expected Value : true</br>Actual Value :true::PASS<br><br/>
</div>
</td>
<td></td>
<td>136</td>
<td>com.vbrick.avenger.videocommentapi_AV_9879_testcases.SearchAccessEntityApi_Av_10684@3c87521</td></tr>
</table><p>
</body>
</html>