<?xml version="1.0" encoding="UTF-8"?>
<!-- Generated by org.testng.reporters.JUnitXMLReporter -->
<testsuite ignored="0" hostname="IN-GudafwRS" failures="0" tests="75" name="API TestSuites..." time="2879.54" errors="0" timestamp="13 Feb 2023 15:54:50 GMT">
  <testcase classname="com.vbrick.apiusercreation.MediaViewer_UserCreation_API_1_40" name="AT_verify_userCreation_1to40" time="35.341"/>
  <testcase classname="com.vbrick.apiusercreation.MediaViewer_UserCreation_API_1_40" name="AT_verify_userCreation_1to40" time="36.271"/>
  <testcase classname="com.vbrick.apiusercreation.MediaViewer_UserCreation_API_1_40" name="AT_verify_userCreation_1to40" time="35.864"/>
  <testcase classname="com.vbrick.apiusercreation.MediaViewer_UserCreation_API_1_40" name="AT_verify_userCreation_1to40" time="36.126"/>
  <testcase classname="com.vbrick.apiusercreation.MediaViewer_UserCreation_API_1_40" name="AT_verify_userCreation_1to40" time="35.794"/>
  <testcase classname="com.vbrick.apiusercreation.MediaViewer_UserCreation_API_1_40" name="AT_verify_userCreation_1to40" time="35.265"/>
  <testcase classname="com.vbrick.apiusercreation.MediaViewer_UserCreation_API_1_40" name="AT_verify_userCreation_1to40" time="35.356"/>
  <testcase classname="com.vbrick.apiusercreation.MediaViewer_UserCreation_API_1_40" name="AT_verify_userCreation_1to40" time="35.701"/>
  <testcase classname="com.vbrick.apiusercreation.MediaViewer_UserCreation_API_1_40" name="AT_verify_userCreation_1to40" time="35.208"/>
  <testcase classname="com.vbrick.apiusercreation.MediaViewer_UserCreation_API_1_40" name="AT_verify_userCreation_1to40" time="35.825"/>
  <testcase classname="com.vbrick.apiusercreation.MediaViewer_UserCreation_API_1_40" name="AT_verify_userCreation_1to40" time="35.328"/>
  <testcase classname="com.vbrick.apiusercreation.MediaViewer_UserCreation_API_1_40" name="AT_verify_userCreation_1to40" time="35.103"/>
  <testcase classname="com.vbrick.apiusercreation.MediaViewer_UserCreation_API_1_40" name="AT_verify_userCreation_1to40" time="35.681"/>
  <testcase classname="com.vbrick.apiusercreation.MediaViewer_UserCreation_API_1_40" name="AT_verify_userCreation_1to40" time="35.302"/>
  <testcase classname="com.vbrick.apiusercreation.MediaViewer_UserCreation_API_1_40" name="AT_verify_userCreation_1to40" time="35.148"/>
  <testcase classname="com.vbrick.apiusercreation.MediaViewer_UserCreation_API_1_40" name="AT_verify_userCreation_1to40" time="36.464"/>
  <testcase classname="com.vbrick.apiusercreation.MediaViewer_UserCreation_API_1_40" name="AT_verify_userCreation_1to40" time="35.166"/>
  <testcase classname="com.vbrick.apiusercreation.MediaViewer_UserCreation_API_1_40" name="AT_verify_userCreation_1to40" time="35.12"/>
  <testcase classname="com.vbrick.apiusercreation.MediaViewer_UserCreation_API_1_40" name="AT_verify_userCreation_1to40" time="36.519"/>
  <testcase classname="com.vbrick.apiusercreation.MediaViewer_UserCreation_API_1_40" name="AT_verify_userCreation_1to40" time="39.875"/>
  <testcase classname="com.vbrick.apiusercreation.MediaViewer_UserCreation_API_1_40" name="AT_verify_userCreation_1to40" time="35.696"/>
  <testcase classname="com.vbrick.apiusercreation.MediaViewer_UserCreation_API_1_40" name="AT_verify_userCreation_1to40" time="35.271"/>
  <testcase classname="com.vbrick.apiusercreation.MediaViewer_UserCreation_API_1_40" name="AT_verify_userCreation_1to40" time="37.223"/>
  <testcase classname="com.vbrick.apiusercreation.MediaViewer_UserCreation_API_1_40" name="AT_verify_userCreation_1to40" time="34.963"/>
  <testcase classname="com.vbrick.apiusercreation.MediaViewer_UserCreation_API_1_40" name="AT_verify_userCreation_1to40" time="35.303"/>
  <testcase classname="com.vbrick.apiusercreation.MediaViewer_UserCreation_API_1_40" name="AT_verify_userCreation_1to40" time="35.892"/>
  <testcase classname="com.vbrick.apiusercreation.MediaViewer_UserCreation_API_1_40" name="AT_verify_userCreation_1to40" time="34.99"/>
  <testcase classname="com.vbrick.apiusercreation.MediaViewer_UserCreation_API_1_40" name="AT_verify_userCreation_1to40" time="35.218"/>
  <testcase classname="com.vbrick.apiusercreation.MediaViewer_UserCreation_API_1_40" name="AT_verify_userCreation_1to40" time="35.656"/>
  <testcase classname="com.vbrick.apiusercreation.MediaViewer_UserCreation_API_1_40" name="AT_verify_userCreation_1to40" time="35.569"/>
  <testcase classname="com.vbrick.apiusercreation.MediaViewer_UserCreation_API_1_40" name="AT_verify_userCreation_1to40" time="35.325"/>
  <testcase classname="com.vbrick.apiusercreation.MediaViewer_UserCreation_API_1_40" name="AT_verify_userCreation_1to40" time="35.975"/>
  <testcase classname="com.vbrick.apiusercreation.MediaViewer_UserCreation_API_1_40" name="AT_verify_userCreation_1to40" time="35.049"/>
  <testcase classname="com.vbrick.apiusercreation.MediaViewer_UserCreation_API_1_40" name="AT_verify_userCreation_1to40" time="34.994"/>
  <testcase classname="com.vbrick.apiusercreation.MediaViewer_UserCreation_API_1_40" name="AT_verify_userCreation_1to40" time="35.321"/>
  <testcase classname="com.vbrick.apiusercreation.MediaViewer_UserCreation_API_1_40" name="AT_verify_userCreation_1to40" time="35.298"/>
  <testcase classname="com.vbrick.apiusercreation.MediaViewer_UserCreation_API_1_40" name="AT_verify_userCreation_1to40" time="36.778"/>
  <testcase classname="com.vbrick.apiusercreation.MediaViewer_UserCreation_API_1_40" name="AT_verify_userCreation_1to40" time="35.649"/>
  <testcase classname="com.vbrick.apiusercreation.MediaViewer_UserCreation_API_1_40" name="AT_verify_userCreation_1to40" time="35.01"/>
  <testcase classname="com.vbrick.apiusercreation.MediaViewer_UserCreation_API_1_40" name="AT_verify_userCreation_1to40" time="35.274"/>
  <testcase classname="com.vbrick.apiusercreation.MediaViewer_UserCreation_API_1_40" name="AT_verify_userCreation_1to40" time="35.218"/>
  <testcase classname="com.vbrick.apiusercreation.MediaViewer_UserCreation_API_1_40" name="AT_verify_userCreation_1to40" time="35.503"/>
  <testcase classname="com.vbrick.apiusercreation.MediaViewer_UserCreation_API_1_40" name="AT_verify_userCreation_1to40" time="35.073"/>
  <testcase classname="com.vbrick.apiusercreation.MediaViewer_UserCreation_API_1_40" name="AT_verify_userCreation_1to40" time="35.237"/>
  <testcase classname="com.vbrick.apiusercreation.MediaViewer_UserCreation_API_1_40" name="AT_verify_userCreation_1to40" time="35.457"/>
  <testcase classname="com.vbrick.apiusercreation.MediaViewer_UserCreation_API_1_40" name="AT_verify_userCreation_1to40" time="35.101"/>
  <testcase classname="com.vbrick.apiusercreation.MediaViewer_UserCreation_API_1_40" name="AT_verify_userCreation_1to40" time="37.109"/>
  <testcase classname="com.vbrick.apiusercreation.MediaViewer_UserCreation_API_1_40" name="AT_verify_userCreation_1to40" time="35.798"/>
  <testcase classname="com.vbrick.apiusercreation.MediaViewer_UserCreation_API_1_40" name="AT_verify_userCreation_1to40" time="35.085"/>
  <testcase classname="com.vbrick.apiusercreation.MediaViewer_UserCreation_API_1_40" name="AT_verify_userCreation_1to40" time="35.885"/>
  <testcase classname="com.vbrick.apiusercreation.MediaViewer_UserCreation_API_1_40" name="AT_verify_userCreation_1to40" time="35.419"/>
  <testcase classname="com.vbrick.apiusercreation.MediaViewer_UserCreation_API_1_40" name="AT_verify_userCreation_1to40" time="35.079"/>
  <testcase classname="com.vbrick.apiusercreation.MediaViewer_UserCreation_API_1_40" name="AT_verify_userCreation_1to40" time="35.635"/>
  <testcase classname="com.vbrick.apiusercreation.MediaViewer_UserCreation_API_1_40" name="AT_verify_userCreation_1to40" time="35.569"/>
  <testcase classname="com.vbrick.apiusercreation.MediaViewer_UserCreation_API_1_40" name="AT_verify_userCreation_1to40" time="35.322"/>
  <testcase classname="com.vbrick.apiusercreation.MediaViewer_UserCreation_API_1_40" name="AT_verify_userCreation_1to40" time="35.155"/>
  <testcase classname="com.vbrick.apiusercreation.MediaViewer_UserCreation_API_1_40" name="AT_verify_userCreation_1to40" time="36.129"/>
  <testcase classname="com.vbrick.apiusercreation.MediaViewer_UserCreation_API_1_40" name="AT_verify_userCreation_1to40" time="35.413"/>
  <testcase classname="com.vbrick.apiusercreation.MediaViewer_UserCreation_API_1_40" name="AT_verify_userCreation_1to40" time="35.29"/>
  <testcase classname="com.vbrick.apiusercreation.MediaViewer_UserCreation_API_1_40" name="AT_verify_userCreation_1to40" time="35.403"/>
  <testcase classname="com.vbrick.apiusercreation.MediaViewer_UserCreation_API_1_40" name="AT_verify_userCreation_1to40" time="35.204"/>
  <testcase classname="com.vbrick.apiusercreation.MediaViewer_UserCreation_API_1_40" name="AT_verify_userCreation_1to40" time="35.747"/>
  <testcase classname="com.vbrick.apiusercreation.MediaViewer_UserCreation_API_1_40" name="AT_verify_userCreation_1to40" time="35.46"/>
  <testcase classname="com.vbrick.apiusercreation.MediaViewer_UserCreation_API_1_40" name="AT_verify_userCreation_1to40" time="35.262"/>
  <testcase classname="com.vbrick.apiusercreation.MediaViewer_UserCreation_API_1_40" name="AT_verify_userCreation_1to40" time="35.231"/>
  <testcase classname="com.vbrick.apiusercreation.MediaViewer_UserCreation_API_1_40" name="AT_verify_userCreation_1to40" time="35.512"/>
  <testcase classname="com.vbrick.apiusercreation.MediaViewer_UserCreation_API_1_40" name="AT_verify_userCreation_1to40" time="35.196"/>
  <testcase classname="com.vbrick.apiusercreation.MediaViewer_UserCreation_API_1_40" name="AT_verify_userCreation_1to40" time="35.981"/>
  <testcase classname="com.vbrick.apiusercreation.MediaViewer_UserCreation_API_1_40" name="AT_verify_userCreation_1to40" time="35.681"/>
  <testcase classname="com.vbrick.apiusercreation.MediaViewer_UserCreation_API_1_40" name="AT_verify_userCreation_1to40" time="35.218"/>
  <testcase classname="com.vbrick.apiusercreation.MediaViewer_UserCreation_API_1_40" name="AT_verify_userCreation_1to40" time="35.281"/>
  <testcase classname="com.vbrick.apiusercreation.MediaViewer_UserCreation_API_1_40" name="AT_verify_userCreation_1to40" time="35.26"/>
  <testcase classname="com.vbrick.apiusercreation.MediaViewer_UserCreation_API_1_40" name="AT_verify_userCreation_1to40" time="36.754"/>
  <testcase classname="com.vbrick.apiusercreation.MediaViewer_UserCreation_API_1_40" name="AT_verify_userCreation_1to40" time="35.812"/>
  <testcase classname="com.vbrick.apiusercreation.MediaViewer_UserCreation_API_1_40" name="AT_verify_userCreation_1to40" time="35.927"/>
</testsuite> <!-- API TestSuites... -->
