<?xml version="1.0" encoding="UTF-8"?>
<testsuite name="API TestSuites..."
           tests="5"
           failures="0"
           errors="0"
           skipped="0"
           time="1.329">
  <properties />
  
  
            <testcase name="TC_05_GET_DMEdevicelist_api_check_With_MediaViewer_Positive" time="0.265" classname="com.vbrick.avenger.videocommentapi_AV_9879_testcases.DMEdeviceslistAPI_Av_9655" />
                <testcase name="TC_02_GET_DMEdevicelist_api_check_With_MediaAdmin_Positive" time="0.300" classname="com.vbrick.avenger.videocommentapi_AV_9879_testcases.DMEdeviceslistAPI_Av_9655" />
                <testcase name="TC_04_GET_DMEdevicelist_api_check_With_MediaContributor_Positive" time="0.288" classname="com.vbrick.avenger.videocommentapi_AV_9879_testcases.DMEdeviceslistAPI_Av_9655" />
                <testcase name="TC_01_GET_DMEdevicelist_api_check_With_AccountAdmin_Positive" time="0.251" classname="com.vbrick.avenger.videocommentapi_AV_9879_testcases.DMEdeviceslistAPI_Av_9655" />
                <testcase name="TC_03_GET_DMEdevicelist_api_check_With_EventAdmin_Positive" time="0.225" classname="com.vbrick.avenger.videocommentapi_AV_9879_testcases.DMEdeviceslistAPI_Av_9655" />
      
</testsuite>
