<?xml version="1.0" encoding="UTF-8"?>
<testsuite name="API TestSuites..."
           tests="4"
           failures="0"
           errors="0"
           skipped="0"
           time="684.586">
  <properties />
  
  
            <testcase name="TC_01_PUT_ApproveVideopendingforapproval_api_check_With_MediaContributor_Positive" time="154.323" classname="com.vbrick.avenger.videocommentapi_AV_9879_testcases.ApproveVideoAPI" />
                <testcase name="TC_03_PUT_ApproveVideopendingforapproval_api_check_With_MediaAdmin_Positive" time="183.879" classname="com.vbrick.avenger.videocommentapi_AV_9879_testcases.ApproveVideoAPI" />
                <testcase name="TC_02_PUT_ApproveVideopendingforapproval_api_check_With_MediaViewer_Positive" time="177.428" classname="com.vbrick.avenger.videocommentapi_AV_9879_testcases.ApproveVideoAPI" />
                <testcase name="TC_04_PUT_ApproveVideopendingforapproval_api_check_With_EventAdmin_Positive" time="168.956" classname="com.vbrick.avenger.videocommentapi_AV_9879_testcases.ApproveVideoAPI" />
      
</testsuite>
