<?xml version="1.0" encoding="UTF-8"?>
<testsuite name="API TestSuites..."
           tests="4"
           failures="0"
           errors="0"
           skipped="0"
           time="5.513">
  <properties />
  
  
            <testcase name="TC_02_GET_canEditValue_Using_GetVideoDetailsAPI_api_check_with_MediaViewer_Negative" time="1.228" classname="com.vbrick.avenger.mobileappsupport.AddPermissions_GetVideoDetails_GetChannels_GetCategories_AV_28487" />
                <testcase name="TC_04_GET_canEditValue_Using_GetVideoDetailsAPI_api_check_with_MediaViewer_Negative" time="0.973" classname="com.vbrick.avenger.mobileappsupport.AddPermissions_GetVideoDetails_GetChannels_GetCategories_AV_28487" />
                <testcase name="TC_03_GET_canEditValue_Using_GetVideoDetailsAPI_api_check_with_MediaViewer_Positive" time="1.744" classname="com.vbrick.avenger.mobileappsupport.AddPermissions_GetVideoDetails_GetChannels_GetCategories_AV_28487" />
                <testcase name="TC_01_GET_canEditValue_Using_GetVideoDetailsAPI_api_check_with_AccountAdmin_Positive" time="1.568" classname="com.vbrick.avenger.mobileappsupport.AddPermissions_GetVideoDetails_GetChannels_GetCategories_AV_28487" />
      
</testsuite>
