<?xml version="1.0" encoding="UTF-8"?>
<testsuite name="API TestSuites...(failed)(failed)"
           tests="2"
           failures="2"
           errors="0"
           skipped="0"
           time="6.947">
  <properties />
            <testcase name="TC_01_GET_TranscriptionFile_OfaVideo_AccountAdmin" time="5.845" classname="com.vbrick.avenger.videocommentapi_AV_9879_testcases.GetVideoTranscriptionFiles">
                <failure type="java.lang.AssertionError"
                  message="expected [200] but found [null]"
              >
<![CDATA[java.lang.AssertionError: expected [200] but found [null]
  org.testng.Assert.fail(Assert.java:94)
  org.testng.Assert.failNotEquals(Assert.java:496)
  org.testng.Assert.assertEquals(Assert.java:116)
  org.testng.Assert.assertEquals(Assert.java:178)
  org.testng.Assert.assertEquals(Assert.java:188)
  com.vbricks.avenger.api.verifications.AssertionAPIResponse.verifyAssert_httpCode(AssertionAPIResponse.java:15)
  com.vbrick.avenger.videocommentapi_AV_9879_testcases.GetVideoTranscriptionFiles.TC_01_GET_TranscriptionFile_OfaVideo_AccountAdmin(GetVideoTranscriptionFiles.java:163)
  sun.reflect.NativeMethodAccessorImpl.invoke0(Native Method)
  sun.reflect.NativeMethodAccessorImpl.invoke(Unknown Source)
  sun.reflect.DelegatingMethodAccessorImpl.invoke(Unknown Source)
  java.lang.reflect.Method.invoke(Unknown Source)
  org.testng.internal.MethodInvocationHelper.invokeMethod(MethodInvocationHelper.java:85)
  org.testng.internal.Invoker.invokeMethod(Invoker.java:659)
  org.testng.internal.Invoker.invokeTestMethod(Invoker.java:845)
  org.testng.internal.Invoker.invokeTestMethods(Invoker.java:1153)
  org.testng.internal.TestMethodWorker.invokeTestMethods(TestMethodWorker.java:125)
  org.testng.internal.TestMethodWorker.run(TestMethodWorker.java:108)
  java.util.concurrent.ThreadPoolExecutor.runWorker(Unknown Source)
  java.util.concurrent.ThreadPoolExecutor$Worker.run(Unknown Source)
  java.lang.Thread.run(Unknown Source)
]]>
      </failure>

          </testcase>
            <testcase name="TC_05_GET_Multiple_TranscriptionFile_AccountAdmin" time="1.102" classname="com.vbrick.avenger.videocommentapi_AV_9879_testcases.GetVideoTranscriptionFiles">
                <failure type="java.lang.AssertionError"
                  message="expected [200] but found [null]"
              >
<![CDATA[java.lang.AssertionError: expected [200] but found [null]
  org.testng.Assert.fail(Assert.java:94)
  org.testng.Assert.failNotEquals(Assert.java:496)
  org.testng.Assert.assertEquals(Assert.java:116)
  org.testng.Assert.assertEquals(Assert.java:178)
  org.testng.Assert.assertEquals(Assert.java:188)
  com.vbricks.avenger.api.verifications.AssertionAPIResponse.verifyAssert_httpCode(AssertionAPIResponse.java:15)
  com.vbrick.avenger.videocommentapi_AV_9879_testcases.GetVideoTranscriptionFiles.TC_05_GET_Multiple_TranscriptionFile_AccountAdmin(GetVideoTranscriptionFiles.java:355)
  sun.reflect.NativeMethodAccessorImpl.invoke0(Native Method)
  sun.reflect.NativeMethodAccessorImpl.invoke(Unknown Source)
  sun.reflect.DelegatingMethodAccessorImpl.invoke(Unknown Source)
  java.lang.reflect.Method.invoke(Unknown Source)
  org.testng.internal.MethodInvocationHelper.invokeMethod(MethodInvocationHelper.java:85)
  org.testng.internal.Invoker.invokeMethod(Invoker.java:659)
  org.testng.internal.Invoker.invokeTestMethod(Invoker.java:845)
  org.testng.internal.Invoker.invokeTestMethods(Invoker.java:1153)
  org.testng.internal.TestMethodWorker.invokeTestMethods(TestMethodWorker.java:125)
  org.testng.internal.TestMethodWorker.run(TestMethodWorker.java:108)
  java.util.concurrent.ThreadPoolExecutor.runWorker(Unknown Source)
  java.util.concurrent.ThreadPoolExecutor$Worker.run(Unknown Source)
  java.lang.Thread.run(Unknown Source)
]]>
      </failure>

          </testcase>
  
  
  
</testsuite>
