<?xml version="1.0" encoding="UTF-8"?>
<testsuite name="API TestSuites..."
           tests="64"
           failures="0"
           errors="0"
           skipped="0"
           time="2598.564">
  <properties />
  
  
            <testcase name="AT_verify_userCreation_1to40" time="71.212" classname="com.vbrick.apiusercreation.EventHost_UserCreation_API_1_40" />
                <testcase name="AT_verify_userCreation_1to40" time="36.415" classname="com.vbrick.apiusercreation.EventHost_UserCreation_API_1_40" />
                <testcase name="AT_verify_userCreation_1to40" time="37.527" classname="com.vbrick.apiusercreation.EventHost_UserCreation_API_1_40" />
                <testcase name="AT_verify_userCreation_1to40" time="36.785" classname="com.vbrick.apiusercreation.EventHost_UserCreation_API_1_40" />
                <testcase name="AT_verify_userCreation_1to40" time="37.250" classname="com.vbrick.apiusercreation.EventHost_UserCreation_API_1_40" />
                <testcase name="AT_verify_userCreation_1to40" time="35.557" classname="com.vbrick.apiusercreation.EventHost_UserCreation_API_1_40" />
                <testcase name="AT_verify_userCreation_1to40" time="38.947" classname="com.vbrick.apiusercreation.EventHost_UserCreation_API_1_40" />
                <testcase name="AT_verify_userCreation_1to40" time="36.177" classname="com.vbrick.apiusercreation.EventHost_UserCreation_API_1_40" />
                <testcase name="AT_verify_userCreation_1to40" time="37.819" classname="com.vbrick.apiusercreation.EventHost_UserCreation_API_1_40" />
                <testcase name="AT_verify_userCreation_1to40" time="36.003" classname="com.vbrick.apiusercreation.EventHost_UserCreation_API_1_40" />
                <testcase name="AT_verify_userCreation_1to40" time="38.022" classname="com.vbrick.apiusercreation.EventHost_UserCreation_API_1_40" />
                <testcase name="AT_verify_userCreation_1to40" time="37.437" classname="com.vbrick.apiusercreation.EventHost_UserCreation_API_1_40" />
                <testcase name="AT_verify_userCreation_1to40" time="42.336" classname="com.vbrick.apiusercreation.EventHost_UserCreation_API_1_40" />
                <testcase name="AT_verify_userCreation_1to40" time="36.051" classname="com.vbrick.apiusercreation.EventHost_UserCreation_API_1_40" />
                <testcase name="AT_verify_userCreation_1to40" time="38.378" classname="com.vbrick.apiusercreation.EventHost_UserCreation_API_1_40" />
                <testcase name="AT_verify_userCreation_1to40" time="36.140" classname="com.vbrick.apiusercreation.EventHost_UserCreation_API_1_40" />
                <testcase name="AT_verify_userCreation_1to40" time="38.141" classname="com.vbrick.apiusercreation.EventHost_UserCreation_API_1_40" />
                <testcase name="AT_verify_userCreation_1to40" time="36.950" classname="com.vbrick.apiusercreation.EventHost_UserCreation_API_1_40" />
                <testcase name="AT_verify_userCreation_1to40" time="39.313" classname="com.vbrick.apiusercreation.EventHost_UserCreation_API_1_40" />
                <testcase name="AT_verify_userCreation_1to40" time="37.247" classname="com.vbrick.apiusercreation.EventHost_UserCreation_API_1_40" />
                <testcase name="AT_verify_userCreation_1to40" time="41.095" classname="com.vbrick.apiusercreation.EventHost_UserCreation_API_1_40" />
                <testcase name="AT_verify_userCreation_1to40" time="42.208" classname="com.vbrick.apiusercreation.EventHost_UserCreation_API_1_40" />
                <testcase name="AT_verify_userCreation_1to40" time="39.119" classname="com.vbrick.apiusercreation.EventHost_UserCreation_API_1_40" />
                <testcase name="AT_verify_userCreation_1to40" time="44.540" classname="com.vbrick.apiusercreation.EventHost_UserCreation_API_1_40" />
                <testcase name="AT_verify_userCreation_1to40" time="36.445" classname="com.vbrick.apiusercreation.EventHost_UserCreation_API_1_40" />
                <testcase name="AT_verify_userCreation_1to40" time="37.172" classname="com.vbrick.apiusercreation.EventHost_UserCreation_API_1_40" />
                <testcase name="AT_verify_userCreation_1to40" time="49.253" classname="com.vbrick.apiusercreation.EventHost_UserCreation_API_1_40" />
                <testcase name="AT_verify_userCreation_1to40" time="37.623" classname="com.vbrick.apiusercreation.EventHost_UserCreation_API_1_40" />
                <testcase name="AT_verify_userCreation_1to40" time="42.483" classname="com.vbrick.apiusercreation.EventHost_UserCreation_API_1_40" />
                <testcase name="AT_verify_userCreation_1to40" time="72.708" classname="com.vbrick.apiusercreation.EventHost_UserCreation_API_1_40" />
                <testcase name="AT_verify_userCreation_1to40" time="40.392" classname="com.vbrick.apiusercreation.EventHost_UserCreation_API_1_40" />
                <testcase name="AT_verify_userCreation_1to40" time="36.624" classname="com.vbrick.apiusercreation.EventHost_UserCreation_API_1_40" />
                <testcase name="AT_verify_userCreation_1to40" time="39.687" classname="com.vbrick.apiusercreation.EventHost_UserCreation_API_1_40" />
                <testcase name="AT_verify_userCreation_1to40" time="42.594" classname="com.vbrick.apiusercreation.EventHost_UserCreation_API_1_40" />
                <testcase name="AT_verify_userCreation_1to40" time="37.243" classname="com.vbrick.apiusercreation.EventHost_UserCreation_API_1_40" />
                <testcase name="AT_verify_userCreation_1to40" time="37.372" classname="com.vbrick.apiusercreation.EventHost_UserCreation_API_1_40" />
                <testcase name="AT_verify_userCreation_1to40" time="36.586" classname="com.vbrick.apiusercreation.EventHost_UserCreation_API_1_40" />
                <testcase name="AT_verify_userCreation_1to40" time="42.284" classname="com.vbrick.apiusercreation.EventHost_UserCreation_API_1_40" />
                <testcase name="AT_verify_userCreation_1to40" time="36.997" classname="com.vbrick.apiusercreation.EventHost_UserCreation_API_1_40" />
                <testcase name="AT_verify_userCreation_1to40" time="36.027" classname="com.vbrick.apiusercreation.EventHost_UserCreation_API_1_40" />
                <testcase name="AT_verify_userCreation_1to40" time="41.183" classname="com.vbrick.apiusercreation.EventHost_UserCreation_API_1_40" />
                <testcase name="AT_verify_userCreation_1to40" time="37.411" classname="com.vbrick.apiusercreation.EventHost_UserCreation_API_1_40" />
                <testcase name="AT_verify_userCreation_1to40" time="38.718" classname="com.vbrick.apiusercreation.EventHost_UserCreation_API_1_40" />
                <testcase name="AT_verify_userCreation_1to40" time="38.464" classname="com.vbrick.apiusercreation.EventHost_UserCreation_API_1_40" />
                <testcase name="AT_verify_userCreation_1to40" time="43.747" classname="com.vbrick.apiusercreation.EventHost_UserCreation_API_1_40" />
                <testcase name="AT_verify_userCreation_1to40" time="36.824" classname="com.vbrick.apiusercreation.EventHost_UserCreation_API_1_40" />
                <testcase name="AT_verify_userCreation_1to40" time="39.257" classname="com.vbrick.apiusercreation.EventHost_UserCreation_API_1_40" />
                <testcase name="AT_verify_userCreation_1to40" time="43.835" classname="com.vbrick.apiusercreation.EventHost_UserCreation_API_1_40" />
                <testcase name="AT_verify_userCreation_1to40" time="51.278" classname="com.vbrick.apiusercreation.EventHost_UserCreation_API_1_40" />
                <testcase name="AT_verify_userCreation_1to40" time="38.541" classname="com.vbrick.apiusercreation.EventHost_UserCreation_API_1_40" />
                <testcase name="AT_verify_userCreation_1to40" time="36.628" classname="com.vbrick.apiusercreation.EventHost_UserCreation_API_1_40" />
                <testcase name="AT_verify_userCreation_1to40" time="36.802" classname="com.vbrick.apiusercreation.EventHost_UserCreation_API_1_40" />
                <testcase name="AT_verify_userCreation_1to40" time="40.310" classname="com.vbrick.apiusercreation.EventHost_UserCreation_API_1_40" />
                <testcase name="AT_verify_userCreation_1to40" time="37.125" classname="com.vbrick.apiusercreation.EventHost_UserCreation_API_1_40" />
                <testcase name="AT_verify_userCreation_1to40" time="39.819" classname="com.vbrick.apiusercreation.EventHost_UserCreation_API_1_40" />
                <testcase name="AT_verify_userCreation_1to40" time="36.249" classname="com.vbrick.apiusercreation.EventHost_UserCreation_API_1_40" />
                <testcase name="AT_verify_userCreation_1to40" time="42.382" classname="com.vbrick.apiusercreation.EventHost_UserCreation_API_1_40" />
                <testcase name="AT_verify_userCreation_1to40" time="67.242" classname="com.vbrick.apiusercreation.EventHost_UserCreation_API_1_40" />
                <testcase name="AT_verify_userCreation_1to40" time="42.267" classname="com.vbrick.apiusercreation.EventHost_UserCreation_API_1_40" />
                <testcase name="AT_verify_userCreation_1to40" time="41.964" classname="com.vbrick.apiusercreation.EventHost_UserCreation_API_1_40" />
                <testcase name="AT_verify_userCreation_1to40" time="36.914" classname="com.vbrick.apiusercreation.EventHost_UserCreation_API_1_40" />
                <testcase name="AT_verify_userCreation_1to40" time="41.792" classname="com.vbrick.apiusercreation.EventHost_UserCreation_API_1_40" />
                <testcase name="AT_verify_userCreation_1to40" time="37.829" classname="com.vbrick.apiusercreation.EventHost_UserCreation_API_1_40" />
                <testcase name="AT_verify_userCreation_1to40" time="39.824" classname="com.vbrick.apiusercreation.EventHost_UserCreation_API_1_40" />
      
</testsuite>
