<?xml version="1.0" encoding="UTF-8"?>
<testsuite name="API TestSuites..."
           tests="14"
           failures="0"
           errors="0"
           skipped="0"
           time="508.657">
  <properties />
  
  
            <testcase name="TC_11_PUT_EditTeam_api_check_With_AccountAdmin_withoutmandatoryfields_Negative" time="0.411" classname="com.vbrick.avenger.videocommentapi_AV_9879_testcases.EditTeamAPI_AV" />
                <testcase name="TC_04_PUT_EditTeam_api_check_With_EventAdmin_Negative" time="1.441" classname="com.vbrick.avenger.videocommentapi_AV_9879_testcases.EditTeamAPI_AV" />
                <testcase name="TC_13_PUT_EditTeam_api_check_With_AccountAdmin_Update_Description_Positive" time="25.741" classname="com.vbrick.avenger.videocommentapi_AV_9879_testcases.EditTeamAPI_AV" />
                <testcase name="TC_15_PUT_EditTeam_api_check_With_MediaAdmin_Update_invalidgroupandvaliduserid_Negative" time="42.979" classname="com.vbrick.avenger.videocommentapi_AV_9879_testcases.EditTeamAPI_AV" />
                <testcase name="TC_03_PUT_EditTeam_api_check_With_MediaAdmin_Update_assigneduserandgroup_Positive" time="123.446" classname="com.vbrick.avenger.videocommentapi_AV_9879_testcases.EditTeamAPI_AV" />
                <testcase name="TC_05_PUT_EditTeam_api_check_With_EventHost_Update_assignedtoAAgroup_Positive" time="36.538" classname="com.vbrick.avenger.videocommentapi_AV_9879_testcases.EditTeamAPI_AV" />
                <testcase name="TC_08_PUT_EditTeam_api_check_With_AccountAdmin_updateteamname_withexistingteamname_Negative" time="0.457" classname="com.vbrick.avenger.videocommentapi_AV_9879_testcases.EditTeamAPI_AV" />
                <testcase name="TC_07_PUT_EditTeam_api_check_With_MediaViewer_Negative" time="0.487" classname="com.vbrick.avenger.videocommentapi_AV_9879_testcases.EditTeamAPI_AV" />
                <testcase name="TC_10_PUT_EditTeam_api_check_With_AccountAdmin_withinvalidteamid_Negative" time="0.557" classname="com.vbrick.avenger.videocommentapi_AV_9879_testcases.EditTeamAPI_AV" />
                <testcase name="TC_12_PUT_EditTeam_api_check_With_AccountAdmin_withonlymandatoryfields_Update" time="27.628" classname="com.vbrick.avenger.videocommentapi_AV_9879_testcases.EditTeamAPI_AV" />
                <testcase name="TC_09_PUT_EditTeam_api_check_With_MediaAdmin_Update_assigneduserandgroup_Positive" time="114.565" classname="com.vbrick.avenger.videocommentapi_AV_9879_testcases.EditTeamAPI_AV" />
                <testcase name="TC_01_PUT_EditTeam_api_check_With_AccountAdmin_withonlymandatoryfields_Update" time="43.697" classname="com.vbrick.avenger.videocommentapi_AV_9879_testcases.EditTeamAPI_AV" />
                <testcase name="TC_02_PUT_EditTeam_api_check_With_AccountAdmin_Update_assigneduserupdate_Positive" time="90.211" classname="com.vbrick.avenger.videocommentapi_AV_9879_testcases.EditTeamAPI_AV" />
                <testcase name="TC_06_PUT_EditTeam_api_check_With_MediaContributor_Negative" time="0.499" classname="com.vbrick.avenger.videocommentapi_AV_9879_testcases.EditTeamAPI_AV" />
      
</testsuite>
