<?xml version="1.0" encoding="UTF-8"?>
<testsuite name="API TestSuites...(failed)(failed)"
           tests="3"
           failures="3"
           errors="0"
           skipped="0"
           time="512.502">
  <properties />
            <testcase name="TC_02_Get_VideoCount_For_MultipleVideos_With_GetChannelForUser_api_check_with_AccountAdmins_Positive" time="186.696" classname="com.vbrick.avenger.videocommentapi_AV_9879_testcases.GetVideoCount_AV_28357">
                <failure type="com.vbrick.Exception.Reasons"
                  message="FAIL"
              >
<![CDATA[com.vbrick.Exception.Reasons: FAIL
  com.vbrick.Exception.CustomReport.checkinglist(CustomReport.java:390)
  com.vbrick.avenger.videocommentapi_AV_9879_testcases.GetVideoCount_AV_28357.TC_02_Get_VideoCount_For_MultipleVideos_With_GetChannelForUser_api_check_with_AccountAdmins_Positive(GetVideoCount_AV_28357.java:284)
  sun.reflect.NativeMethodAccessorImpl.invoke0(Native Method)
  sun.reflect.NativeMethodAccessorImpl.invoke(Unknown Source)
  sun.reflect.DelegatingMethodAccessorImpl.invoke(Unknown Source)
  java.lang.reflect.Method.invoke(Unknown Source)
  org.testng.internal.MethodInvocationHelper.invokeMethod(MethodInvocationHelper.java:85)
  org.testng.internal.Invoker.invokeMethod(Invoker.java:659)
  org.testng.internal.Invoker.invokeTestMethod(Invoker.java:845)
  org.testng.internal.Invoker.invokeTestMethods(Invoker.java:1153)
  org.testng.internal.TestMethodWorker.invokeTestMethods(TestMethodWorker.java:125)
  org.testng.internal.TestMethodWorker.run(TestMethodWorker.java:108)
  java.util.concurrent.ThreadPoolExecutor.runWorker(Unknown Source)
  java.util.concurrent.ThreadPoolExecutor$Worker.run(Unknown Source)
  java.lang.Thread.run(Unknown Source)
]]>
      </failure>

          </testcase>
            <testcase name="TC_03_Get_VideoCount_With_GetChannelForUser_api_check_with_MediaViewer_HavingOnlyViewAccess_Positive" time="203.671" classname="com.vbrick.avenger.videocommentapi_AV_9879_testcases.GetVideoCount_AV_28357">
                <failure type="com.vbrick.Exception.Reasons"
                  message="FAIL"
              >
<![CDATA[com.vbrick.Exception.Reasons: FAIL
  com.vbrick.Exception.CustomReport.checkinglist(CustomReport.java:390)
  com.vbrick.avenger.videocommentapi_AV_9879_testcases.GetVideoCount_AV_28357.TC_03_Get_VideoCount_With_GetChannelForUser_api_check_with_MediaViewer_HavingOnlyViewAccess_Positive(GetVideoCount_AV_28357.java:354)
  sun.reflect.NativeMethodAccessorImpl.invoke0(Native Method)
  sun.reflect.NativeMethodAccessorImpl.invoke(Unknown Source)
  sun.reflect.DelegatingMethodAccessorImpl.invoke(Unknown Source)
  java.lang.reflect.Method.invoke(Unknown Source)
  org.testng.internal.MethodInvocationHelper.invokeMethod(MethodInvocationHelper.java:85)
  org.testng.internal.Invoker.invokeMethod(Invoker.java:659)
  org.testng.internal.Invoker.invokeTestMethod(Invoker.java:845)
  org.testng.internal.Invoker.invokeTestMethods(Invoker.java:1153)
  org.testng.internal.TestMethodWorker.invokeTestMethods(TestMethodWorker.java:125)
  org.testng.internal.TestMethodWorker.run(TestMethodWorker.java:108)
  java.util.concurrent.ThreadPoolExecutor.runWorker(Unknown Source)
  java.util.concurrent.ThreadPoolExecutor$Worker.run(Unknown Source)
  java.lang.Thread.run(Unknown Source)
]]>
      </failure>

          </testcase>
            <testcase name="TC_01_Get_VideoCount_With_GetChannelForUser_api_check_with_AccountAdmins_Positive" time="122.135" classname="com.vbrick.avenger.videocommentapi_AV_9879_testcases.GetVideoCount_AV_28357">
                <failure type="com.vbrick.Exception.Reasons"
                  message="FAIL"
              >
<![CDATA[com.vbrick.Exception.Reasons: FAIL
  com.vbrick.Exception.CustomReport.checkinglist(CustomReport.java:390)
  com.vbrick.avenger.videocommentapi_AV_9879_testcases.GetVideoCount_AV_28357.TC_01_Get_VideoCount_With_GetChannelForUser_api_check_with_AccountAdmins_Positive(GetVideoCount_AV_28357.java:228)
  sun.reflect.NativeMethodAccessorImpl.invoke0(Native Method)
  sun.reflect.NativeMethodAccessorImpl.invoke(Unknown Source)
  sun.reflect.DelegatingMethodAccessorImpl.invoke(Unknown Source)
  java.lang.reflect.Method.invoke(Unknown Source)
  org.testng.internal.MethodInvocationHelper.invokeMethod(MethodInvocationHelper.java:85)
  org.testng.internal.Invoker.invokeMethod(Invoker.java:659)
  org.testng.internal.Invoker.retryFailed(Invoker.java:991)
  org.testng.internal.Invoker.invokeTestMethods(Invoker.java:1171)
  org.testng.internal.TestMethodWorker.invokeTestMethods(TestMethodWorker.java:125)
  org.testng.internal.TestMethodWorker.run(TestMethodWorker.java:108)
  java.util.concurrent.ThreadPoolExecutor.runWorker(Unknown Source)
  java.util.concurrent.ThreadPoolExecutor$Worker.run(Unknown Source)
  java.lang.Thread.run(Unknown Source)
]]>
      </failure>

          </testcase>
  
  
  
</testsuite>
