# JRE version: Java(TM) SE Runtime Environment (8.0_101-b13) (build 1.8.0_101-b13)
# Java VM: Java HotSpot(TM) 64-Bit Server VM (25.101-b13 mixed mode windows-amd64 compressed oops)
Heap:
 PSYoungGen      total 69632K, used 4171K [0x00000000d5580000, 0x00000000e2780000, 0x0000000100000000)
  eden space 66560K, 2% used [0x00000000d5580000,0x00000000d56f2b90,0x00000000d9680000)
  from space 3072K, 87% used [0x00000000e2480000,0x00000000e2720150,0x00000000e2780000)
  to   space 3584K, 0% used [0x00000000e2080000,0x00000000e2080000,0x00000000e2400000)
 ParOldGen       total 96768K, used 60540K [0x0000000080000000, 0x0000000085e80000, 0x00000000d5580000)
  object space 96768K, 62% used [0x0000000080000000,0x0000000083b1f0d0,0x0000000085e80000)
 Metaspace       used 31176K, capacity 31860K, committed 32128K, reserved 1077248K
  class space    used 3453K, capacity 3612K, committed 3712K, reserved 1048576K
GC Heap History (10 events):
Event: 4306.419 GC heap before
{Heap before GC invocations=168 (full 2):
 PSYoungGen      total 70656K, used 70463K [0x00000000d5580000, 0x00000000e2d80000, 0x0000000100000000)
  eden space 68096K, 100% used [0x00000000d5580000,0x00000000d9800000,0x00000000d9800000)
  from space 2560K, 92% used [0x00000000e2800000,0x00000000e2a4fd90,0x00000000e2a80000)
  to   space 3072K, 0% used [0x00000000e2a80000,0x00000000e2a80000,0x00000000e2d80000)
 ParOldGen       total 96768K, used 60532K [0x0000000080000000, 0x0000000085e80000, 0x00000000d5580000)
  object space 96768K, 62% used [0x0000000080000000,0x0000000083b1d0d0,0x0000000085e80000)
 Metaspace       used 31069K, capacity 31656K, committed 31872K, reserved 1077248K
  class space    used 3450K, capacity 3610K, committed 3712K, reserved 1048576K
Event: 4306.423 GC heap after
Heap after GC invocations=168 (full 2):
 PSYoungGen      total 77312K, used 2050K [0x00000000d5580000, 0x00000000e2d00000, 0x0000000100000000)
  eden space 74752K, 0% used [0x00000000d5580000,0x00000000d5580000,0x00000000d9e80000)
  from space 2560K, 80% used [0x00000000e2a80000,0x00000000e2c80a00,0x00000000e2d00000)
  to   space 3584K, 0% used [0x00000000e2600000,0x00000000e2600000,0x00000000e2980000)
 ParOldGen       total 96768K, used 60532K [0x0000000080000000, 0x0000000085e80000, 0x00000000d5580000)
  object space 96768K, 62% used [0x0000000080000000,0x0000000083b1d0d0,0x0000000085e80000)
 Metaspace       used 31069K, capacity 31656K, committed 31872K, reserved 1077248K
  class space    used 3450K, capacity 3610K, committed 3712K, reserved 1048576K
}
Event: 4320.483 GC heap before
{Heap before GC invocations=169 (full 2):
 PSYoungGen      total 77312K, used 76802K [0x00000000d5580000, 0x00000000e2d00000, 0x0000000100000000)
  eden space 74752K, 100% used [0x00000000d5580000,0x00000000d9e80000,0x00000000d9e80000)
  from space 2560K, 80% used [0x00000000e2a80000,0x00000000e2c80a00,0x00000000e2d00000)
  to   space 3584K, 0% used [0x00000000e2600000,0x00000000e2600000,0x00000000e2980000)
 ParOldGen       total 96768K, used 60532K [0x0000000080000000, 0x0000000085e80000, 0x00000000d5580000)
  object space 96768K, 62% used [0x0000000080000000,0x0000000083b1d0d0,0x0000000085e80000)
 Metaspace       used 31070K, capacity 31656K, committed 31872K, reserved 1077248K
  class space    used 3450K, capacity 3610K, committed 3712K, reserved 1048576K
Event: 4320.486 GC heap after
Heap after GC invocations=169 (full 2):
 PSYoungGen      total 73728K, used 897K [0x00000000d5580000, 0x00000000e2b00000, 0x0000000100000000)
  eden space 72704K, 0% used [0x00000000d5580000,0x00000000d5580000,0x00000000d9c80000)
  from space 1024K, 87% used [0x00000000e2600000,0x00000000e26e04d0,0x00000000e2700000)
  to   space 3584K, 0% used [0x00000000e2780000,0x00000000e2780000,0x00000000e2b00000)
 ParOldGen       total 96768K, used 60532K [0x0000000080000000, 0x0000000085e80000, 0x00000000d5580000)
  object space 96768K, 62% used [0x0000000080000000,0x0000000083b1d0d0,0x0000000085e80000)
 Metaspace       used 31070K, capacity 31656K, committed 31872K, reserved 1077248K
  class space    used 3450K, capacity 3610K, committed 3712K, reserved 1048576K
}
Event: 4321.680 GC heap before
{Heap before GC invocations=170 (full 2):
 PSYoungGen      total 73728K, used 71596K [0x00000000d5580000, 0x00000000e2b00000, 0x0000000100000000)
  eden space 72704K, 97% used [0x00000000d5580000,0x00000000d9a8ad58,0x00000000d9c80000)
  from space 1024K, 87% used [0x00000000e2600000,0x00000000e26e04d0,0x00000000e2700000)
  to   space 3584K, 0% used [0x00000000e2780000,0x00000000e2780000,0x00000000e2b00000)
 ParOldGen       total 96768K, used 60532K [0x0000000080000000, 0x0000000085e80000, 0x00000000d5580000)
  object space 96768K, 62% used [0x0000000080000000,0x0000000083b1d0d0,0x0000000085e80000)
 Metaspace       used 31071K, capacity 31656K, committed 31872K, reserved 1077248K
  class space    used 3450K, capacity 3610K, committed 3712K, reserved 1048576K
Event: 4321.687 GC heap after
Heap after GC invocations=170 (full 2):
 PSYoungGen      total 73216K, used 2334K [0x00000000d5580000, 0x00000000e2a00000, 0x0000000100000000)
  eden space 70656K, 0% used [0x00000000d5580000,0x00000000d5580000,0x00000000d9a80000)
  from space 2560K, 91% used [0x00000000e2780000,0x00000000e29c78b0,0x00000000e2a00000)
  to   space 3584K, 0% used [0x00000000e2300000,0x00000000e2300000,0x00000000e2680000)
 ParOldGen       total 96768K, used 60532K [0x0000000080000000, 0x0000000085e80000, 0x00000000d5580000)
  object space 96768K, 62% used [0x0000000080000000,0x0000000083b1d0d0,0x0000000085e80000)
 Metaspace       used 31071K, capacity 31656K, committed 31872K, reserved 1077248K
  class space    used 3450K, capacity 3610K, committed 3712K, reserved 1048576K
}
Event: 4471.107 GC heap before
{Heap before GC invocations=171 (full 2):
 PSYoungGen      total 73216K, used 72990K [0x00000000d5580000, 0x00000000e2a00000, 0x0000000100000000)
  eden space 70656K, 100% used [0x00000000d5580000,0x00000000d9a80000,0x00000000d9a80000)
  from space 2560K, 91% used [0x00000000e2780000,0x00000000e29c78b0,0x00000000e2a00000)
  to   space 3584K, 0% used [0x00000000e2300000,0x00000000e2300000,0x00000000e2680000)
 ParOldGen       total 96768K, used 60532K [0x0000000080000000, 0x0000000085e80000, 0x00000000d5580000)
  object space 96768K, 62% used [0x0000000080000000,0x0000000083b1d0d0,0x0000000085e80000)
 Metaspace       used 31084K, capacity 31720K, committed 32128K, reserved 1077248K
  class space    used 3451K, capacity 3610K, committed 3712K, reserved 1048576K
Event: 4471.116 GC heap after
Heap after GC invocations=171 (full 2):
 PSYoungGen      total 70144K, used 1392K [0x00000000d5580000, 0x00000000e2800000, 0x0000000100000000)
  eden space 68608K, 0% used [0x00000000d5580000,0x00000000d5580000,0x00000000d9880000)
  from space 1536K, 90% used [0x00000000e2300000,0x00000000e245c0b0,0x00000000e2480000)
  to   space 3584K, 0% used [0x00000000e2480000,0x00000000e2480000,0x00000000e2800000)
 ParOldGen       total 96768K, used 60532K [0x0000000080000000, 0x0000000085e80000, 0x00000000d5580000)
  object space 96768K, 62% used [0x0000000080000000,0x0000000083b1d0d0,0x0000000085e80000)
 Metaspace       used 31084K, capacity 31720K, committed 32128K, reserved 1077248K
  class space    used 3451K, capacity 3610K, committed 3712K, reserved 1048576K
}
Event: 4913.273 GC heap before
{Heap before GC invocations=172 (full 2):
 PSYoungGen      total 70144K, used 70000K [0x00000000d5580000, 0x00000000e2800000, 0x0000000100000000)
  eden space 68608K, 100% used [0x00000000d5580000,0x00000000d9880000,0x00000000d9880000)
  from space 1536K, 90% used [0x00000000e2300000,0x00000000e245c0b0,0x00000000e2480000)
  to   space 3584K, 0% used [0x00000000e2480000,0x00000000e2480000,0x00000000e2800000)
 ParOldGen       total 96768K, used 60532K [0x0000000080000000, 0x0000000085e80000, 0x00000000d5580000)
  object space 96768K, 62% used [0x0000000080000000,0x0000000083b1d0d0,0x0000000085e80000)
 Metaspace       used 31176K, capacity 31860K, committed 32128K, reserved 1077248K
  class space    used 3453K, capacity 3612K, committed 3712K, reserved 1048576K
Event: 4913.359 GC heap after
Heap after GC invocations=172 (full 2):
 PSYoungGen      total 69632K, used 2688K [0x00000000d5580000, 0x00000000e2780000, 0x0000000100000000)
  eden space 66560K, 0% used [0x00000000d5580000,0x00000000d5580000,0x00000000d9680000)
  from space 3072K, 87% used [0x00000000e2480000,0x00000000e2720150,0x00000000e2780000)
  to   space 3584K, 0% used [0x00000000e2080000,0x00000000e2080000,0x00000000e2400000)
 ParOldGen       total 96768K, used 60540K [0x0000000080000000, 0x0000000085e80000, 0x00000000d5580000)
  object space 96768K, 62% used [0x0000000080000000,0x0000000083b1f0d0,0x0000000085e80000)
 Metaspace       used 31176K, capacity 31860K, committed 32128K, reserved 1077248K
  class space    used 3453K, capacity 3612K, committed 3712K, reserved 1048576K
}

