<html>
<head>
<title>TestNG:  API TestSuites...(failed)(failed)</title>
<link href="../testng.css" rel="stylesheet" type="text/css" />
<link href="../my-testng.css" rel="stylesheet" type="text/css" />

<style type="text/css">
.log { display: none;} 
.stack-trace { display: none;} 
</style>
<script type="text/javascript">
<!--
function flip(e) {
  current = e.style.display;
  if (current == 'block') {
    e.style.display = 'none';
    return 0;
  }
  else {
    e.style.display = 'block';
    return 1;
  }
}

function toggleBox(szDivId, elem, msg1, msg2)
{
  var res = -1;  if (document.getElementById) {
    res = flip(document.getElementById(szDivId));
  }
  else if (document.all) {
    // this is the way old msie versions work
    res = flip(document.all[szDivId]);
  }
  if(elem) {
    if(res == 0) elem.innerHTML = msg1; else elem.innerHTML = msg2;
  }

}

function toggleAllBoxes() {
  if (document.getElementsByTagName) {
    d = document.getElementsByTagName('div');
    for (i = 0; i < d.length; i++) {
      if (d[i].className == 'log') {
        flip(d[i]);
      }
    }
  }
}

// -->
</script>

</head>
<body>
<h2 align='center'>API TestSuites...(failed)(failed)</h2><table border='1' align="center">
<tr>
<td>Tests passed/Failed/Skipped:</td><td>7/23/0</td>
</tr><tr>
<td>Started on:</td><td>Tue Sep 20 12:53:16 IST 2022</td>
</tr>
<tr><td>Total time:</td><td>4694 seconds (4694151 ms)</td>
</tr><tr>
<td>Included groups:</td><td></td>
</tr><tr>
<td>Excluded groups:</td><td></td>
</tr>
</table><p/>
<small><i>(Hover the method name to see the test class name)</i></small><p/>
<table width='100%' border='1' class='invocation-failed'>
<tr><td colspan='4' align='center'><b>FAILED TESTS</b></td></tr>
<tr><td><b>Test method</b></td>
<td width="30%"><b>Exception</b></td>
<td width="10%"><b>Time (seconds)</b></td>
<td><b>Instance</b></td>
</tr>
<tr>
<td title='com.vbrick.avenger.videocommentapi_AV_9879_testcases.EventListApi_Av_11123.TC_01_GET_EventList_api_check_With_AccountAdmin_Positive()'><b>TC_01_GET_EventList_api_check_With_AccountAdmin_Positive</b><br>Test class: com.vbrick.avenger.videocommentapi_AV_9879_testcases.EventListApi_Av_11123<br>Test method: To Verify the EventList using EventList API with Account Admin<br>Parameters: org.testng.TestRunner@636de04<br/>
<a href="#Output-1992095686" onClick='toggleBox("Output-1992095686", this, "Show output", "Hide output");'>Show output</a>

<a href="#Output-1992095686" onClick="toggleAllBoxes();">Show all outputs</a>
<div class='log' id="Output-1992095686">
Step-1:User name has been Entered<br><br/>
Step-2:Password has been entered<br><br/>
Step-3:Submit button Clicked<br><br/>
Step-4:Login SucessFully<br><br/>
Step-5:Devices Link is clicked<br><br/>
Step-6:All Devices is clicked<br><br/>
Step-7:Devices Page is Displayed Successfully<br><br/>
Step-8:Add Device Button is Clicked<br><br/>
Step-9:Custom Device link  is Clicked<br><br/>
Step-10:Entered device nameQwlcn<br><br/>
Step-11:Entered ip address18.10.35.35<br><br/>
Step-12:Entered stream nameStream199366<br><br/>
Step-13:Entered stream urlhttp://qa199366<br><br/>
Step-14:Selected encoding type isMpeg4<br><br/>
Step-15:Devices Link is clicked<br><br/>
Step-16:Presentation Profile is clicked<br><br/>
Step-17:Add Presentation Profile  Button is Clicked<br><br/>
Step-18:Added presentation profile data<br><br/>
Step-19:Create button is clicked<br><br/>
Step-20:Clicked on User Log Out Button<br><br/>
Step-21:Clicked on Log Out Button<br><br/>
Step-22:Application launch with URL : https://autoapi.rev-qa.vbrick.com/<br><br/>
Step-23:User name has been Entered<br><br/>
Step-24:Password has been entered<br><br/>
Step-25:Submit button Clicked<br><br/>
Step-26:Login SucessFully<br><br/>
Step-27:Groups  link is clicked<br><br/>
Step-28:Create Group Button Locator is Clicked<br><br/>
Step-29:Group Created Successfully with Group NameaNYEM<br><br/>
Step-30:New Group link is ClickedaNYEM<br><br/>
Step-31:Clicked on User Log Out Button<br><br/>
Step-32:Clicked on Log Out Button<br><br/>
Step-33:Expected Value : 200</br>Actual Value :200::PASS<br><br/>
Step-34:Expected Value : 200OK</br>Actual Value :200OK::PASS<br><br/>
Step-35:Expected Value : 200OK</br>Actual Value :200OK::PASS<br><br/>
Step-36:Application launch with URL : https://autoapi.rev-qa.vbrick.com/<br><br/>
Step-37:User name has been Entered<br><br/>
Step-38:Password has been entered<br><br/>
Step-39:Submit button Clicked<br><br/>
Step-40:Login SucessFully<br><br/>
Step-41:Avenger Dashboard Page is Clicked<br><br/>
Step-42:Events Tab is  Clicked<br><br/>
Step-43:Expected Value : true</br>Actual Value :true::PASS<br><br/>
Step-44:<font color='red'>Expected Value trueActual Valuefalse::Fail<a href="C:\Users\arjun.abhesheke\git\AvengerAPIUpdate\AvengerAPI\target\surefire-reports\Screenshots\TC_01_GET_EventList_api_check_With_AccountAdmin_Positive202209263133615.png"><p align="left"><h5>Error screenshot :: TC_01_GET_EventList_api_check_With_AccountAdmin_Positive202209263133615.png</h5></p></a></font><br><br/>
</div>
</td>
<td><div><pre>com.vbrick.Exception.Reasons: FAIL
	at com.vbrick.Exception.CustomReport.checkinglist(CustomReport.java:390)
	at com.vbrick.avenger.videocommentapi_AV_9879_testcases.EventListApi_Av_11123.TC_01_GET_EventList_api_check_With_AccountAdmin_Positive(EventListApi_Av_11123.java:228)
	at java.util.concurrent.ThreadPoolExecutor.runWorker(Unknown Source)
	at java.util.concurrent.ThreadPoolExecutor$Worker.run(Unknown Source)
	at java.lang.Thread.run(Unknown Source)
... Removed 10 stack frames</pre></div><a href='#' onClick='toggleBox("stack-trace1992095686", this, "Click to show all stack frames", "Click to hide stack frames")'>Click to show all stack frames</a>
<div class='stack-trace' id='stack-trace1992095686'><pre>com.vbrick.Exception.Reasons: FAIL
	at com.vbrick.Exception.CustomReport.checkinglist(CustomReport.java:390)
	at com.vbrick.avenger.videocommentapi_AV_9879_testcases.EventListApi_Av_11123.TC_01_GET_EventList_api_check_With_AccountAdmin_Positive(EventListApi_Av_11123.java:228)
	at sun.reflect.NativeMethodAccessorImpl.invoke0(Native Method)
	at sun.reflect.NativeMethodAccessorImpl.invoke(Unknown Source)
	at sun.reflect.DelegatingMethodAccessorImpl.invoke(Unknown Source)
	at java.lang.reflect.Method.invoke(Unknown Source)
	at org.testng.internal.MethodInvocationHelper.invokeMethod(MethodInvocationHelper.java:85)
	at org.testng.internal.Invoker.invokeMethod(Invoker.java:659)
	at org.testng.internal.Invoker.invokeTestMethod(Invoker.java:845)
	at org.testng.internal.Invoker.invokeTestMethods(Invoker.java:1153)
	at org.testng.internal.TestMethodWorker.invokeTestMethods(TestMethodWorker.java:125)
	at org.testng.internal.TestMethodWorker.run(TestMethodWorker.java:108)
	at java.util.concurrent.ThreadPoolExecutor.runWorker(Unknown Source)
	at java.util.concurrent.ThreadPoolExecutor$Worker.run(Unknown Source)
	at java.lang.Thread.run(Unknown Source)
</pre></div></td>
<td>125</td>
<td>com.vbrick.avenger.videocommentapi_AV_9879_testcases.EventListApi_Av_11123@7f1302d6</td></tr>
<tr>
<td title='com.vbrick.avenger.videocommentapi_AV_9879_testcases.Get_SubscriptionsAPI_AV_28410.TC_01_GET_Subscriptions_api_check_With_AccontAdmin_Positive()'><b>TC_01_GET_Subscriptions_api_check_With_AccontAdmin_Positive</b><br>Test class: com.vbrick.avenger.videocommentapi_AV_9879_testcases.Get_SubscriptionsAPI_AV_28410<br>Test method: To Verify GET Subscription API with Account Admin when subscribed only to a channel<br>Parameters: org.testng.TestRunner@636de04<br/>
<a href="#Output-1024607986" onClick='toggleBox("Output-1024607986", this, "Show output", "Hide output");'>Show output</a>

<a href="#Output-1024607986" onClick="toggleAllBoxes();">Show all outputs</a>
<div class='log' id="Output-1024607986">
Step-1:Expected Value : 200</br>Actual Value :200::PASS<br><br/>
Step-2:Expected Value : 200</br>Actual Value :200::PASS<br><br/>
Step-3:Expected Value : 200</br>Actual Value :200::PASS<br><br/>
Step-4:Expected Value : 200</br>Actual Value :200::PASS<br><br/>
Step-5:Expected Value : 200</br>Actual Value :200::PASS<br><br/>
Step-6:Application launch with URL : https://autoapi.rev-qa.vbrick.com/<br><br/>
Step-7:User name has been Entered<br><br/>
Step-8:Password has been entered<br><br/>
Step-9:Submit button Clicked<br><br/>
Step-10:Login SucessFully<br><br/>
Step-11:<font color='red'>Expected Value 33
Actual Value16::Fail<a href="C:\Users\arjun.abhesheke\git\AvengerAPIUpdate\AvengerAPI\target\surefire-reports\Screenshots\TC_01_GET_Subscriptions_api_check_With_AccontAdmin_Positive202209263133149.png"><p align="left"><h5>Error screenshot :: TC_01_GET_Subscriptions_api_check_With_AccontAdmin_Positive202209263133149.png</h5></p></a></font><br><br/>
Step-12:Expected Value : 4</br>Actual Value :4::PASS<br><br/>
Step-13:<font color='red'>Expected Value 37
Actual Value20::Fail<a href="C:\Users\arjun.abhesheke\git\AvengerAPIUpdate\AvengerAPI\target\surefire-reports\Screenshots\TC_01_GET_Subscriptions_api_check_With_AccontAdmin_Positive202209263133149.png"><p align="left"><h5>Error screenshot :: TC_01_GET_Subscriptions_api_check_With_AccontAdmin_Positive202209263133149.png</h5></p></a></font><br><br/>
</div>
</td>
<td><div><pre>com.vbrick.Exception.Reasons: FAIL
	at com.vbrick.Exception.CustomReport.checkinglist(CustomReport.java:390)
	at com.vbrick.avenger.videocommentapi_AV_9879_testcases.Get_SubscriptionsAPI_AV_28410.TC_01_GET_Subscriptions_api_check_With_AccontAdmin_Positive(Get_SubscriptionsAPI_AV_28410.java:218)
	at java.util.concurrent.ThreadPoolExecutor.runWorker(Unknown Source)
	at java.util.concurrent.ThreadPoolExecutor$Worker.run(Unknown Source)
	at java.lang.Thread.run(Unknown Source)
... Removed 10 stack frames</pre></div><a href='#' onClick='toggleBox("stack-trace1024607986", this, "Click to show all stack frames", "Click to hide stack frames")'>Click to show all stack frames</a>
<div class='stack-trace' id='stack-trace1024607986'><pre>com.vbrick.Exception.Reasons: FAIL
	at com.vbrick.Exception.CustomReport.checkinglist(CustomReport.java:390)
	at com.vbrick.avenger.videocommentapi_AV_9879_testcases.Get_SubscriptionsAPI_AV_28410.TC_01_GET_Subscriptions_api_check_With_AccontAdmin_Positive(Get_SubscriptionsAPI_AV_28410.java:218)
	at sun.reflect.NativeMethodAccessorImpl.invoke0(Native Method)
	at sun.reflect.NativeMethodAccessorImpl.invoke(Unknown Source)
	at sun.reflect.DelegatingMethodAccessorImpl.invoke(Unknown Source)
	at java.lang.reflect.Method.invoke(Unknown Source)
	at org.testng.internal.MethodInvocationHelper.invokeMethod(MethodInvocationHelper.java:85)
	at org.testng.internal.Invoker.invokeMethod(Invoker.java:659)
	at org.testng.internal.Invoker.invokeTestMethod(Invoker.java:845)
	at org.testng.internal.Invoker.invokeTestMethods(Invoker.java:1153)
	at org.testng.internal.TestMethodWorker.invokeTestMethods(TestMethodWorker.java:125)
	at org.testng.internal.TestMethodWorker.run(TestMethodWorker.java:108)
	at java.util.concurrent.ThreadPoolExecutor.runWorker(Unknown Source)
	at java.util.concurrent.ThreadPoolExecutor$Worker.run(Unknown Source)
	at java.lang.Thread.run(Unknown Source)
</pre></div></td>
<td>11</td>
<td>com.vbrick.avenger.videocommentapi_AV_9879_testcases.Get_SubscriptionsAPI_AV_28410@75f32542</td></tr>
<tr>
<td title='com.vbrick.avenger.videocommentapi_AV_9879_testcases.GetVideoTranscriptionFiles.TC_01_GET_TranscriptionFile_OfaVideo_AccountAdmin()'><b>TC_01_GET_TranscriptionFile_OfaVideo_AccountAdmin</b><br>Test class: com.vbrick.avenger.videocommentapi_AV_9879_testcases.GetVideoTranscriptionFiles<br>Test method:  To Get Transcription File of a specific video using GET Transcription Files API by accountadmin<br/>
<a href="#Output-1924760959" onClick='toggleBox("Output-1924760959", this, "Show output", "Hide output");'>Show output</a>

<a href="#Output-1924760959" onClick="toggleAllBoxes();">Show all outputs</a>
<div class='log' id="Output-1924760959">
Step-1:Upload Vidoe API TestCase is Runnning.. : https://autoapi.rev-qa.vbrick.com/<br><br/>
Step-2:Expected Value : 200</br>Actual Value :200::PASS<br><br/>
Step-3:Expected Value : HTTP StatusCode :200</br>Actual Value :HTTP StatusCode :200::PASS<br><br/>
Step-4:Expected Value : HTTP StatusCode :200</br>Actual Value :HTTP StatusCode :200::PASS<br><br/>
</div>
</td>
<td><div><pre>java.lang.AssertionError: expected [200] but found [null]
	at com.vbricks.avenger.api.verifications.AssertionAPIResponse.verifyAssert_httpCode(AssertionAPIResponse.java:15)
	at com.vbrick.avenger.videocommentapi_AV_9879_testcases.GetVideoTranscriptionFiles.TC_01_GET_TranscriptionFile_OfaVideo_AccountAdmin(GetVideoTranscriptionFiles.java:163)
	at java.util.concurrent.ThreadPoolExecutor.runWorker(Unknown Source)
	at java.util.concurrent.ThreadPoolExecutor$Worker.run(Unknown Source)
	at java.lang.Thread.run(Unknown Source)
... Removed 15 stack frames</pre></div><a href='#' onClick='toggleBox("stack-trace1924760959", this, "Click to show all stack frames", "Click to hide stack frames")'>Click to show all stack frames</a>
<div class='stack-trace' id='stack-trace1924760959'><pre>java.lang.AssertionError: expected [200] but found [null]
	at org.testng.Assert.fail(Assert.java:94)
	at org.testng.Assert.failNotEquals(Assert.java:496)
	at org.testng.Assert.assertEquals(Assert.java:116)
	at org.testng.Assert.assertEquals(Assert.java:178)
	at org.testng.Assert.assertEquals(Assert.java:188)
	at com.vbricks.avenger.api.verifications.AssertionAPIResponse.verifyAssert_httpCode(AssertionAPIResponse.java:15)
	at com.vbrick.avenger.videocommentapi_AV_9879_testcases.GetVideoTranscriptionFiles.TC_01_GET_TranscriptionFile_OfaVideo_AccountAdmin(GetVideoTranscriptionFiles.java:163)
	at sun.reflect.NativeMethodAccessorImpl.invoke0(Native Method)
	at sun.reflect.NativeMethodAccessorImpl.invoke(Unknown Source)
	at sun.reflect.DelegatingMethodAccessorImpl.invoke(Unknown Source)
	at java.lang.reflect.Method.invoke(Unknown Source)
	at org.testng.internal.MethodInvocationHelper.invokeMethod(MethodInvocationHelper.java:85)
	at org.testng.internal.Invoker.invokeMethod(Invoker.java:659)
	at org.testng.internal.Invoker.invokeTestMethod(Invoker.java:845)
	at org.testng.internal.Invoker.invokeTestMethods(Invoker.java:1153)
	at org.testng.internal.TestMethodWorker.invokeTestMethods(TestMethodWorker.java:125)
	at org.testng.internal.TestMethodWorker.run(TestMethodWorker.java:108)
	at java.util.concurrent.ThreadPoolExecutor.runWorker(Unknown Source)
	at java.util.concurrent.ThreadPoolExecutor$Worker.run(Unknown Source)
	at java.lang.Thread.run(Unknown Source)
</pre></div></td>
<td>5</td>
<td>com.vbrick.avenger.videocommentapi_AV_9879_testcases.GetVideoTranscriptionFiles@2805c96b</td></tr>
<tr>
<td title='com.vbrick.avenger.videocommentapi_AV_9879_testcases.GetVideoCount_AV_28357.TC_01_Get_VideoCount_With_GetChannelForUser_api_check_with_AccountAdmins_Positive()'><b>TC_01_Get_VideoCount_With_GetChannelForUser_api_check_with_AccountAdmins_Positive</b><br>Test class: com.vbrick.avenger.videocommentapi_AV_9879_testcases.GetVideoCount_AV_28357<br>Test method: Get Video Count Via Get Channel API For User by Account Admin<br>Parameters: org.testng.TestRunner@636de04<br/>
<a href="#Output-1365166040" onClick='toggleBox("Output-1365166040", this, "Show output", "Hide output");'>Show output</a>

<a href="#Output-1365166040" onClick="toggleAllBoxes();">Show all outputs</a>
<div class='log' id="Output-1365166040">
Step-1:User name has been Entered<br><br/>
Step-2:Password has been entered<br><br/>
Step-3:Submit button Clicked<br><br/>
Step-4:Login SucessFully<br><br/>
Step-5:Avenger Dashboard Page is Clicked<br><br/>
Step-6:Media Tab is clicked<br><br/>
Step-7:Library Name Entered AszzhCg<br><br/>
Step-8:User added to library isapiaau72<br><br/>
Step-9:Create Library Button is Clicked on library information page<br><br/>
Step-10:Media Tab is clicked<br><br/>
The Element is not visible after wait for 120 sec:TimeoutExceptionVbrick Rev™ with locatorBy.xpath: (//*[contains(text(),'zzhCg')])[last()]<br/>
</div>
</td>
<td><div><pre>
	at com.vbrick.avenger.funUtil.WaitForElements.waitForElementEnable(WaitForElements.java:256)
	at com.vbrick.avenger.funUtil.WebElements.clickUsingSwitch(WebElements.java:436)
	at com.vbrick.avenger.pageobjects.AvengerMediaPage.click_Createdlibrary(AvengerMediaPage.java:93)
	at com.vbrick.avenger.videocommentapi_AV_9879_testcases.GetVideoCount_AV_28357.TC_01_Get_VideoCount_With_GetChannelForUser_api_check_with_AccountAdmins_Positive(GetVideoCount_AV_28357.java:206)
	at java.util.concurrent.ThreadPoolExecutor.runWorker(Unknown Source)
	at java.util.concurrent.ThreadPoolExecutor$Worker.run(Unknown Source)
	at java.lang.Thread.run(Unknown Source)
... Removed 10 stack frames</pre></div><a href='#' onClick='toggleBox("stack-trace1365166040", this, "Click to show all stack frames", "Click to hide stack frames")'>Click to show all stack frames</a>
<div class='stack-trace' id='stack-trace1365166040'><pre>
	at com.vbrick.avenger.funUtil.WaitForElements.waitForElementEnable(WaitForElements.java:256)
	at com.vbrick.avenger.funUtil.WebElements.clickUsingSwitch(WebElements.java:436)
	at com.vbrick.avenger.pageobjects.AvengerMediaPage.click_Createdlibrary(AvengerMediaPage.java:93)
	at com.vbrick.avenger.videocommentapi_AV_9879_testcases.GetVideoCount_AV_28357.TC_01_Get_VideoCount_With_GetChannelForUser_api_check_with_AccountAdmins_Positive(GetVideoCount_AV_28357.java:206)
	at sun.reflect.NativeMethodAccessorImpl.invoke0(Native Method)
	at sun.reflect.NativeMethodAccessorImpl.invoke(Unknown Source)
	at sun.reflect.DelegatingMethodAccessorImpl.invoke(Unknown Source)
	at java.lang.reflect.Method.invoke(Unknown Source)
	at org.testng.internal.MethodInvocationHelper.invokeMethod(MethodInvocationHelper.java:85)
	at org.testng.internal.Invoker.invokeMethod(Invoker.java:659)
	at org.testng.internal.Invoker.invokeTestMethod(Invoker.java:845)
	at org.testng.internal.Invoker.invokeTestMethods(Invoker.java:1153)
	at org.testng.internal.TestMethodWorker.invokeTestMethods(TestMethodWorker.java:125)
	at org.testng.internal.TestMethodWorker.run(TestMethodWorker.java:108)
	at java.util.concurrent.ThreadPoolExecutor.runWorker(Unknown Source)
	at java.util.concurrent.ThreadPoolExecutor$Worker.run(Unknown Source)
	at java.lang.Thread.run(Unknown Source)
</pre></div></td>
<td>95</td>
<td>com.vbrick.avenger.videocommentapi_AV_9879_testcases.GetVideoCount_AV_28357@4fe767f3</td></tr>
<tr>
<td title='com.vbrick.avenger.videocommentapi_AV_9879_testcases.GetVideoCount_AV_28357.TC_01_Get_VideoCount_With_GetChannelForUser_api_check_with_AccountAdmins_Positive()'><b>TC_01_Get_VideoCount_With_GetChannelForUser_api_check_with_AccountAdmins_Positive</b><br>Test class: com.vbrick.avenger.videocommentapi_AV_9879_testcases.GetVideoCount_AV_28357<br>Test method: Get Video Count Via Get Channel API For User by Account Admin<br>Parameters: org.testng.TestRunner@636de04<br/>
<a href="#Output-117044257" onClick='toggleBox("Output-117044257", this, "Show output", "Hide output");'>Show output</a>

<a href="#Output-117044257" onClick="toggleAllBoxes();">Show all outputs</a>
<div class='log' id="Output-117044257">
Step-1:User name has been Entered<br><br/>
Step-2:Password has been entered<br><br/>
Step-3:Submit button Clicked<br><br/>
Step-4:Login SucessFully<br><br/>
Step-5:Avenger Dashboard Page is Clicked<br><br/>
Step-6:Media Tab is clicked<br><br/>
Step-7:Library Name Entered AsbVMqP<br><br/>
Step-8:User added to library isapiaau72<br><br/>
Step-9:Create Library Button is Clicked on library information page<br><br/>
Step-10:Media Tab is clicked<br><br/>
Step-11:Clicked on Created TeamsbVMqP<br><br/>
Step-12:File Uploaded Successfullynotification2<br><br/>
Step-13:Expected Value : 200</br>Actual Value :200::PASS<br><br/>
Step-14:Expected Value : 200</br>Actual Value :200::PASS<br><br/>
Step-15:<font color='red'>Expected Value trueActual Valuefalse::Fail<a href="C:\Users\arjun.abhesheke\git\AvengerAPIUpdate\AvengerAPI\target\surefire-reports\Screenshots\TC_01_Get_VideoCount_With_GetChannelForUser_api_check_with_AccountAdmins_Positive202209263125804.png"><p align="left"><h5>Error screenshot :: TC_01_Get_VideoCount_With_GetChannelForUser_api_check_with_AccountAdmins_Positive202209263125804.png</h5></p></a></font><br><br/>
</div>
</td>
<td><div><pre>com.vbrick.Exception.Reasons: FAIL
	at com.vbrick.Exception.CustomReport.checkinglist(CustomReport.java:390)
	at com.vbrick.avenger.videocommentapi_AV_9879_testcases.GetVideoCount_AV_28357.TC_01_Get_VideoCount_With_GetChannelForUser_api_check_with_AccountAdmins_Positive(GetVideoCount_AV_28357.java:228)
	at java.util.concurrent.ThreadPoolExecutor.runWorker(Unknown Source)
	at java.util.concurrent.ThreadPoolExecutor$Worker.run(Unknown Source)
	at java.lang.Thread.run(Unknown Source)
... Removed 10 stack frames</pre></div><a href='#' onClick='toggleBox("stack-trace117044257", this, "Click to show all stack frames", "Click to hide stack frames")'>Click to show all stack frames</a>
<div class='stack-trace' id='stack-trace117044257'><pre>com.vbrick.Exception.Reasons: FAIL
	at com.vbrick.Exception.CustomReport.checkinglist(CustomReport.java:390)
	at com.vbrick.avenger.videocommentapi_AV_9879_testcases.GetVideoCount_AV_28357.TC_01_Get_VideoCount_With_GetChannelForUser_api_check_with_AccountAdmins_Positive(GetVideoCount_AV_28357.java:228)
	at sun.reflect.NativeMethodAccessorImpl.invoke0(Native Method)
	at sun.reflect.NativeMethodAccessorImpl.invoke(Unknown Source)
	at sun.reflect.DelegatingMethodAccessorImpl.invoke(Unknown Source)
	at java.lang.reflect.Method.invoke(Unknown Source)
	at org.testng.internal.MethodInvocationHelper.invokeMethod(MethodInvocationHelper.java:85)
	at org.testng.internal.Invoker.invokeMethod(Invoker.java:659)
	at org.testng.internal.Invoker.retryFailed(Invoker.java:991)
	at org.testng.internal.Invoker.invokeTestMethods(Invoker.java:1171)
	at org.testng.internal.TestMethodWorker.invokeTestMethods(TestMethodWorker.java:125)
	at org.testng.internal.TestMethodWorker.run(TestMethodWorker.java:108)
	at java.util.concurrent.ThreadPoolExecutor.runWorker(Unknown Source)
	at java.util.concurrent.ThreadPoolExecutor$Worker.run(Unknown Source)
	at java.lang.Thread.run(Unknown Source)
</pre></div></td>
<td>122</td>
<td>com.vbrick.avenger.videocommentapi_AV_9879_testcases.GetVideoCount_AV_28357@4fe767f3</td></tr>
<tr>
<td title='com.vbrick.avenger.videocommentapi_AV_9879_testcases.EventListApi_Av_11123.TC_02_GET_EventList_api_check_With_MediaAdmin_Positive()'><b>TC_02_GET_EventList_api_check_With_MediaAdmin_Positive</b><br>Test class: com.vbrick.avenger.videocommentapi_AV_9879_testcases.EventListApi_Av_11123<br>Test method: To Verify the EventList using EventList API with mediaadmin<br>Parameters: org.testng.TestRunner@636de04<br/>
<a href="#Output-233979104" onClick='toggleBox("Output-233979104", this, "Show output", "Hide output");'>Show output</a>

<a href="#Output-233979104" onClick="toggleAllBoxes();">Show all outputs</a>
<div class='log' id="Output-233979104">
Step-1:Expected Value : 200</br>Actual Value :200::PASS<br><br/>
Step-2:Expected Value : 200OK</br>Actual Value :200OK::PASS<br><br/>
Step-3:Application launch with URL : https://autoapi.rev-qa.vbrick.com/<br><br/>
Step-4:User name has been Entered<br><br/>
Step-5:Password has been entered<br><br/>
Step-6:Submit button Clicked<br><br/>
Step-7:Login SucessFully<br><br/>
Step-8:Avenger Dashboard Page is Clicked<br><br/>
Step-9:Events Tab is  Clicked<br><br/>
Step-10:Expected Value : true</br>Actual Value :true::PASS<br><br/>
Step-11:<font color='red'>Expected Value trueActual Valuefalse::Fail<a href="C:\Users\arjun.abhesheke\git\AvengerAPIUpdate\AvengerAPI\target\surefire-reports\Screenshots\TC_02_GET_EventList_api_check_With_MediaAdmin_Positive202209263133719.png"><p align="left"><h5>Error screenshot :: TC_02_GET_EventList_api_check_With_MediaAdmin_Positive202209263133719.png</h5></p></a></font><br><br/>
</div>
</td>
<td><div><pre>com.vbrick.Exception.Reasons: FAIL
	at com.vbrick.Exception.CustomReport.checkinglist(CustomReport.java:390)
	at com.vbrick.avenger.videocommentapi_AV_9879_testcases.EventListApi_Av_11123.TC_02_GET_EventList_api_check_With_MediaAdmin_Positive(EventListApi_Av_11123.java:262)
	at java.util.concurrent.ThreadPoolExecutor.runWorker(Unknown Source)
	at java.util.concurrent.ThreadPoolExecutor$Worker.run(Unknown Source)
	at java.lang.Thread.run(Unknown Source)
... Removed 10 stack frames</pre></div><a href='#' onClick='toggleBox("stack-trace233979104", this, "Click to show all stack frames", "Click to hide stack frames")'>Click to show all stack frames</a>
<div class='stack-trace' id='stack-trace233979104'><pre>com.vbrick.Exception.Reasons: FAIL
	at com.vbrick.Exception.CustomReport.checkinglist(CustomReport.java:390)
	at com.vbrick.avenger.videocommentapi_AV_9879_testcases.EventListApi_Av_11123.TC_02_GET_EventList_api_check_With_MediaAdmin_Positive(EventListApi_Av_11123.java:262)
	at sun.reflect.NativeMethodAccessorImpl.invoke0(Native Method)
	at sun.reflect.NativeMethodAccessorImpl.invoke(Unknown Source)
	at sun.reflect.DelegatingMethodAccessorImpl.invoke(Unknown Source)
	at java.lang.reflect.Method.invoke(Unknown Source)
	at org.testng.internal.MethodInvocationHelper.invokeMethod(MethodInvocationHelper.java:85)
	at org.testng.internal.Invoker.invokeMethod(Invoker.java:659)
	at org.testng.internal.Invoker.invokeTestMethod(Invoker.java:845)
	at org.testng.internal.Invoker.invokeTestMethods(Invoker.java:1153)
	at org.testng.internal.TestMethodWorker.invokeTestMethods(TestMethodWorker.java:125)
	at org.testng.internal.TestMethodWorker.run(TestMethodWorker.java:108)
	at java.util.concurrent.ThreadPoolExecutor.runWorker(Unknown Source)
	at java.util.concurrent.ThreadPoolExecutor$Worker.run(Unknown Source)
	at java.lang.Thread.run(Unknown Source)
</pre></div></td>
<td>27</td>
<td>com.vbrick.avenger.videocommentapi_AV_9879_testcases.EventListApi_Av_11123@7f1302d6</td></tr>
<tr>
<td title='com.vbrick.avenger.videocommentapi_AV_9879_testcases.GetEventStatus.TC_02_GET_EventStatus_Inprogress_withpreproductionEnabled_AccoutAdmin_Positive()'><b>TC_02_GET_EventStatus_Inprogress_withpreproductionEnabled_AccoutAdmin_Positive</b><br>Test class: com.vbrick.avenger.videocommentapi_AV_9879_testcases.GetEventStatus<br>Test method: To verify Inprogress event status with Account Admin <br/>
<a href="#Output-159113988" onClick='toggleBox("Output-159113988", this, "Show output", "Hide output");'>Show output</a>

<a href="#Output-159113988" onClick="toggleAllBoxes();">Show all outputs</a>
<div class='log' id="Output-159113988">
Step-1:User name has been Entered<br><br/>
Step-2:Password has been entered<br><br/>
Step-3:Submit button Clicked<br><br/>
Step-4:Login SucessFully<br><br/>
Step-5:Devices Link is clicked<br><br/>
Step-6:All Devices is clicked<br><br/>
Step-7:Devices Page is Displayed Successfully<br><br/>
Step-8:Add Device Button is Clicked<br><br/>
Step-9:Custom Device link  is Clicked<br><br/>
Step-10:Entered device nameshMEv<br><br/>
Step-11:Entered ip address13.25.22.33<br><br/>
Step-12:Entered stream nameStream297363<br><br/>
Step-13:Entered stream urlhttp://qa297363<br><br/>
Step-14:Selected encoding type isMpeg4<br><br/>
Step-15:Devices Link is clicked<br><br/>
Step-16:Presentation Profile is clicked<br><br/>
Step-17:Add Presentation Profile  Button is Clicked<br><br/>
Step-18:Added presentation profile data<br><br/>
Step-19:Create button is clicked<br><br/>
Step-20:Clicked on User Log Out Button<br><br/>
Step-21:Clicked on Log Out Button<br><br/>
Step-22:Expected Value : 200</br>Actual Value :200::PASS<br><br/>
Step-23:Expected Value : 200OK</br>Actual Value :200OK::PASS<br><br/>
Step-24:Application launch with URL : https://autoapi.rev-qa.vbrick.com/<br><br/>
Step-25:User name has been Entered<br><br/>
Step-26:Password has been entered<br><br/>
Step-27:Submit button Clicked<br><br/>
Step-28:Login SucessFully<br><br/>
Step-29:Avenger Dashboard Page is Clicked<br><br/>
Step-30:Events Tab is  Clicked<br><br/>
Step-31:Events Tab is  Clicked<br><br/>
Step-32:Expected Value : API CREATEEVENT_gTd9k6eiy3Q</br>Actual Value :API CREATEEVENT_gTd9k6eiy3Q::PASS<br><br/>
Step-33:Expected Value : 10fbea28-0b18-4f82-921b-3b20d120759a</br>Actual Value :10fbea28-0b18-4f82-921b-3b20d120759a::PASS<br><br/>
Step-34:Expected Value : true</br>Actual Value :true::PASS<br><br/>
Step-35:Expected Value : true</br>Actual Value :true::PASS<br><br/>
Step-36:Expected Value : true</br>Actual Value :true::PASS<br><br/>
Step-37:Expected Value : Presentation</br>Actual Value :Presentation::PASS<br><br/>
Step-38:Clicked on Event Submit Button<br><br/>
Step-39:Save button is clicked<br><br/>
<font color='red'>1.Automation Team will Address it:TimeOutException<br>2.The Object Properties have been Modified<br>In PageEvents with locatorBy.xpath: //*[contains(@ng-if,'$ctrl.canJoinPreProduction')]</font><br/>
</div>
</td>
<td><div><pre>
	at com.vbrick.avenger.funUtil.WaitForElements.waitForElementPresent(WaitForElements.java:140)
	at com.vbrick.avenger.funUtil.WebElements.click(WebElements.java:342)
	at com.vbrick.avenger.pageobjects.AvengerEventDetailsPage.enablepreproduction(AvengerEventDetailsPage.java:1199)
	at com.vbrick.avenger.videocommentapi_AV_9879_testcases.GetEventStatus.TC_02_GET_EventStatus_Inprogress_withpreproductionEnabled_AccoutAdmin_Positive(GetEventStatus.java:290)
	at java.util.concurrent.ThreadPoolExecutor.runWorker(Unknown Source)
	at java.util.concurrent.ThreadPoolExecutor$Worker.run(Unknown Source)
	at java.lang.Thread.run(Unknown Source)
... Removed 10 stack frames</pre></div><a href='#' onClick='toggleBox("stack-trace159113988", this, "Click to show all stack frames", "Click to hide stack frames")'>Click to show all stack frames</a>
<div class='stack-trace' id='stack-trace159113988'><pre>
	at com.vbrick.avenger.funUtil.WaitForElements.waitForElementPresent(WaitForElements.java:140)
	at com.vbrick.avenger.funUtil.WebElements.click(WebElements.java:342)
	at com.vbrick.avenger.pageobjects.AvengerEventDetailsPage.enablepreproduction(AvengerEventDetailsPage.java:1199)
	at com.vbrick.avenger.videocommentapi_AV_9879_testcases.GetEventStatus.TC_02_GET_EventStatus_Inprogress_withpreproductionEnabled_AccoutAdmin_Positive(GetEventStatus.java:290)
	at sun.reflect.NativeMethodAccessorImpl.invoke0(Native Method)
	at sun.reflect.NativeMethodAccessorImpl.invoke(Unknown Source)
	at sun.reflect.DelegatingMethodAccessorImpl.invoke(Unknown Source)
	at java.lang.reflect.Method.invoke(Unknown Source)
	at org.testng.internal.MethodInvocationHelper.invokeMethod(MethodInvocationHelper.java:85)
	at org.testng.internal.Invoker.invokeMethod(Invoker.java:659)
	at org.testng.internal.Invoker.invokeTestMethod(Invoker.java:845)
	at org.testng.internal.Invoker.invokeTestMethods(Invoker.java:1153)
	at org.testng.internal.TestMethodWorker.invokeTestMethods(TestMethodWorker.java:125)
	at org.testng.internal.TestMethodWorker.run(TestMethodWorker.java:108)
	at java.util.concurrent.ThreadPoolExecutor.runWorker(Unknown Source)
	at java.util.concurrent.ThreadPoolExecutor$Worker.run(Unknown Source)
	at java.lang.Thread.run(Unknown Source)
</pre></div></td>
<td>384</td>
<td>com.vbrick.avenger.videocommentapi_AV_9879_testcases.GetEventStatus@7d3a22a9</td></tr>
<tr>
<td title='com.vbrick.avenger.videocommentapi_AV_9879_testcases.Get_SubscriptionsAPI_AV_28410.TC_02_GET_Subscriptions_api_check_With_AccontAdmin_with_NO_Subscriptions()'><b>TC_02_GET_Subscriptions_api_check_With_AccontAdmin_with_NO_Subscriptions</b><br>Test class: com.vbrick.avenger.videocommentapi_AV_9879_testcases.Get_SubscriptionsAPI_AV_28410<br>Test method: To Verify GET Subscription API with Account Admin when there are NO Subscriptions <br>Parameters: org.testng.TestRunner@636de04<br/>
<a href="#Output-688502264" onClick='toggleBox("Output-688502264", this, "Show output", "Hide output");'>Show output</a>

<a href="#Output-688502264" onClick="toggleAllBoxes();">Show all outputs</a>
<div class='log' id="Output-688502264">
Step-1:Expected Value : 200</br>Actual Value :200::PASS<br><br/>
Step-2:Expected Value : 200</br>Actual Value :200::PASS<br><br/>
Step-3:Expected Value : 200</br>Actual Value :200::PASS<br><br/>
Step-4:Application launch with URL : https://autoapi.rev-qa.vbrick.com/<br><br/>
Step-5:User name has been Entered<br><br/>
Step-6:Password has been entered<br><br/>
Step-7:Submit button Clicked<br><br/>
Step-8:Login SucessFully<br><br/>
Step-9:<font color='red'>Expected Value 1
Actual Value0::Fail<a href="C:\Users\arjun.abhesheke\git\AvengerAPIUpdate\AvengerAPI\target\surefire-reports\Screenshots\TC_02_GET_Subscriptions_api_check_With_AccontAdmin_with_NO_Subscriptions202209263133135.png"><p align="left"><h5>Error screenshot :: TC_02_GET_Subscriptions_api_check_With_AccontAdmin_with_NO_Subscriptions202209263133135.png</h5></p></a></font><br><br/>
Step-10:<font color='red'>Expected Value 1
Actual Value0::Fail<a href="C:\Users\arjun.abhesheke\git\AvengerAPIUpdate\AvengerAPI\target\surefire-reports\Screenshots\TC_02_GET_Subscriptions_api_check_With_AccontAdmin_with_NO_Subscriptions202209263133135.png"><p align="left"><h5>Error screenshot :: TC_02_GET_Subscriptions_api_check_With_AccontAdmin_with_NO_Subscriptions202209263133135.png</h5></p></a></font><br><br/>
Step-11:<font color='red'>Expected Value 2
Actual Value0::Fail<a href="C:\Users\arjun.abhesheke\git\AvengerAPIUpdate\AvengerAPI\target\surefire-reports\Screenshots\TC_02_GET_Subscriptions_api_check_With_AccontAdmin_with_NO_Subscriptions202209263133135.png"><p align="left"><h5>Error screenshot :: TC_02_GET_Subscriptions_api_check_With_AccontAdmin_with_NO_Subscriptions202209263133135.png</h5></p></a></font><br><br/>
</div>
</td>
<td><div><pre>com.vbrick.Exception.Reasons: FAIL
	at com.vbrick.Exception.CustomReport.checkinglist(CustomReport.java:390)
	at com.vbrick.avenger.videocommentapi_AV_9879_testcases.Get_SubscriptionsAPI_AV_28410.TC_02_GET_Subscriptions_api_check_With_AccontAdmin_with_NO_Subscriptions(Get_SubscriptionsAPI_AV_28410.java:270)
	at java.util.concurrent.ThreadPoolExecutor.runWorker(Unknown Source)
	at java.util.concurrent.ThreadPoolExecutor$Worker.run(Unknown Source)
	at java.lang.Thread.run(Unknown Source)
... Removed 10 stack frames</pre></div><a href='#' onClick='toggleBox("stack-trace688502264", this, "Click to show all stack frames", "Click to hide stack frames")'>Click to show all stack frames</a>
<div class='stack-trace' id='stack-trace688502264'><pre>com.vbrick.Exception.Reasons: FAIL
	at com.vbrick.Exception.CustomReport.checkinglist(CustomReport.java:390)
	at com.vbrick.avenger.videocommentapi_AV_9879_testcases.Get_SubscriptionsAPI_AV_28410.TC_02_GET_Subscriptions_api_check_With_AccontAdmin_with_NO_Subscriptions(Get_SubscriptionsAPI_AV_28410.java:270)
	at sun.reflect.NativeMethodAccessorImpl.invoke0(Native Method)
	at sun.reflect.NativeMethodAccessorImpl.invoke(Unknown Source)
	at sun.reflect.DelegatingMethodAccessorImpl.invoke(Unknown Source)
	at java.lang.reflect.Method.invoke(Unknown Source)
	at org.testng.internal.MethodInvocationHelper.invokeMethod(MethodInvocationHelper.java:85)
	at org.testng.internal.Invoker.invokeMethod(Invoker.java:659)
	at org.testng.internal.Invoker.invokeTestMethod(Invoker.java:845)
	at org.testng.internal.Invoker.invokeTestMethods(Invoker.java:1153)
	at org.testng.internal.TestMethodWorker.invokeTestMethods(TestMethodWorker.java:125)
	at org.testng.internal.TestMethodWorker.run(TestMethodWorker.java:108)
	at java.util.concurrent.ThreadPoolExecutor.runWorker(Unknown Source)
	at java.util.concurrent.ThreadPoolExecutor$Worker.run(Unknown Source)
	at java.lang.Thread.run(Unknown Source)
</pre></div></td>
<td>135</td>
<td>com.vbrick.avenger.videocommentapi_AV_9879_testcases.Get_SubscriptionsAPI_AV_28410@75f32542</td></tr>
<tr>
<td title='com.vbrick.avenger.videocommentapi_AV_9879_testcases.UserDetailsWithUserIDApi_AV_9873.TC_02_GET_UserDetail_api_check_UserDetail_with_MediaAdmin_Positive()'><b>TC_02_GET_UserDetail_api_check_UserDetail_with_MediaAdmin_Positive</b><br>Test class: com.vbrick.avenger.videocommentapi_AV_9879_testcases.UserDetailsWithUserIDApi_AV_9873<br>Test method: To verify UserDetail   to spicific user using UserDetail API with Mediaadmin<br/>
<a href="#Output-1622148821" onClick='toggleBox("Output-1622148821", this, "Show output", "Hide output");'>Show output</a>

<a href="#Output-1622148821" onClick="toggleAllBoxes();">Show all outputs</a>
<div class='log' id="Output-1622148821">
Step-1:User name has been Entered<br><br/>
Step-2:Password has been entered<br><br/>
Step-3:Submit button Clicked<br><br/>
Step-4:Login SucessFully<br><br/>
Step-5:Users  link is clicked<br><br/>
Step-6:Clicked on User Log Out Button<br><br/>
Step-7:Clicked on Log Out Button<br><br/>
Step-8:Expected Value : 200</br>Actual Value :200::PASS<br><br/>
Step-9:Expected Value : 200</br>Actual Value :200::PASS<br><br/>
Step-10:Expected Value : 200</br>Actual Value :200::PASS<br><br/>
Step-11:Expected Value : 200</br>Actual Value :200::PASS<br><br/>
Step-12:Expected Value : 200OK</br>Actual Value :200OK::PASS<br><br/>
Step-13:User name has been Entered<br><br/>
Step-14:Password has been entered<br><br/>
Step-15:Submit button Clicked<br><br/>
Step-16:Login SucessFully<br><br/>
Step-17:Users  link is clicked<br><br/>
Step-18:Expected Value : apimau29</br>Actual Value :apimau29::PASS<br><br/>
Step-19:Expected Value : apimau29</br>Actual Value :apimau29::PASS<br><br/>
Step-20:Expected Value : apimau29@gmail.com</br>Actual Value :apimau29@gmail.com::PASS<br><br/>
Step-21:Expected Value : apimau29</br>Actual Value :APIMAU29::PASS<br><br/>
Step-22:Expected Value : true</br>Actual Value :true::PASS<br><br/>
Step-23:<font color='red'>Expected Value 1
Actual Value2::Fail<a href="C:\Users\arjun.abhesheke\git\AvengerAPIUpdate\AvengerAPI\target\surefire-reports\Screenshots\TC_02_GET_UserDetail_api_check_UserDetail_with_MediaAdmin_Positive202209263133932.png"><p align="left"><h5>Error screenshot :: TC_02_GET_UserDetail_api_check_UserDetail_with_MediaAdmin_Positive202209263133932.png</h5></p></a></font><br><br/>
Step-24:Expected Value : 200OK</br>Actual Value :200OK::PASS<br><br/>
Step-25:Expected Value : 200OK</br>Actual Value :200OK::PASS<br><br/>
</div>
</td>
<td><div><pre>com.vbrick.Exception.Reasons: FAIL
	at com.vbrick.Exception.CustomReport.checkinglist(CustomReport.java:390)
	at com.vbrick.avenger.videocommentapi_AV_9879_testcases.UserDetailsWithUserIDApi_AV_9873.TC_02_GET_UserDetail_api_check_UserDetail_with_MediaAdmin_Positive(UserDetailsWithUserIDApi_AV_9873.java:289)
	at java.util.concurrent.ThreadPoolExecutor.runWorker(Unknown Source)
	at java.util.concurrent.ThreadPoolExecutor$Worker.run(Unknown Source)
	at java.lang.Thread.run(Unknown Source)
... Removed 10 stack frames</pre></div><a href='#' onClick='toggleBox("stack-trace1622148821", this, "Click to show all stack frames", "Click to hide stack frames")'>Click to show all stack frames</a>
<div class='stack-trace' id='stack-trace1622148821'><pre>com.vbrick.Exception.Reasons: FAIL
	at com.vbrick.Exception.CustomReport.checkinglist(CustomReport.java:390)
	at com.vbrick.avenger.videocommentapi_AV_9879_testcases.UserDetailsWithUserIDApi_AV_9873.TC_02_GET_UserDetail_api_check_UserDetail_with_MediaAdmin_Positive(UserDetailsWithUserIDApi_AV_9873.java:289)
	at sun.reflect.NativeMethodAccessorImpl.invoke0(Native Method)
	at sun.reflect.NativeMethodAccessorImpl.invoke(Unknown Source)
	at sun.reflect.DelegatingMethodAccessorImpl.invoke(Unknown Source)
	at java.lang.reflect.Method.invoke(Unknown Source)
	at org.testng.internal.MethodInvocationHelper.invokeMethod(MethodInvocationHelper.java:85)
	at org.testng.internal.Invoker.invokeMethod(Invoker.java:659)
	at org.testng.internal.Invoker.invokeTestMethod(Invoker.java:845)
	at org.testng.internal.Invoker.invokeTestMethods(Invoker.java:1153)
	at org.testng.internal.TestMethodWorker.invokeTestMethods(TestMethodWorker.java:125)
	at org.testng.internal.TestMethodWorker.run(TestMethodWorker.java:108)
	at java.util.concurrent.ThreadPoolExecutor.runWorker(Unknown Source)
	at java.util.concurrent.ThreadPoolExecutor$Worker.run(Unknown Source)
	at java.lang.Thread.run(Unknown Source)
</pre></div></td>
<td>129</td>
<td>com.vbrick.avenger.videocommentapi_AV_9879_testcases.UserDetailsWithUserIDApi_AV_9873@70be0a2b</td></tr>
<tr>
<td title='com.vbrick.avenger.videocommentapi_AV_9879_testcases.GetVideoCount_AV_28357.TC_02_Get_VideoCount_For_MultipleVideos_With_GetChannelForUser_api_check_with_AccountAdmins_Positive()'><b>TC_02_Get_VideoCount_For_MultipleVideos_With_GetChannelForUser_api_check_with_AccountAdmins_Positive</b><br>Test class: com.vbrick.avenger.videocommentapi_AV_9879_testcases.GetVideoCount_AV_28357<br>Test method: Get Video Count Via Get Channel API For User when multiple videos are uploaded in the channel by Account Admin<br>Parameters: org.testng.TestRunner@636de04<br/>
<a href="#Output-1301681146" onClick='toggleBox("Output-1301681146", this, "Show output", "Hide output");'>Show output</a>

<a href="#Output-1301681146" onClick="toggleAllBoxes();">Show all outputs</a>
<div class='log' id="Output-1301681146">
Step-1:User name has been Entered<br><br/>
Step-2:Password has been entered<br><br/>
Step-3:Submit button Clicked<br><br/>
Step-4:Login SucessFully<br><br/>
Step-5:Avenger Dashboard Page is Clicked<br><br/>
Step-6:Media Tab is clicked<br><br/>
Step-7:Library Name Entered AsiTyYU<br><br/>
Step-8:User added to library isapiaau72<br><br/>
Step-9:Create Library Button is Clicked on library information page<br><br/>
Step-10:Media Tab is clicked<br><br/>
Step-11:Clicked on Created TeamsiTyYU<br><br/>
Step-12:File Uploaded Successfullynotification2<br><br/>
Step-13:File Uploaded Successfullynotification2<br><br/>
Step-14:Expected Value : 200</br>Actual Value :200::PASS<br><br/>
Step-15:Expected Value : 200</br>Actual Value :200::PASS<br><br/>
Step-16:<font color='red'>Expected Value trueActual Valuefalse::Fail<a href="C:\Users\arjun.abhesheke\git\AvengerAPIUpdate\AvengerAPI\target\surefire-reports\Screenshots\TC_02_Get_VideoCount_For_MultipleVideos_With_GetChannelForUser_api_check_with_AccountAdmins_Positive202209263130642.png"><p align="left"><h5>Error screenshot :: TC_02_Get_VideoCount_For_MultipleVideos_With_GetChannelForUser_api_check_with_AccountAdmins_Positive202209263130642.png</h5></p></a></font><br><br/>
</div>
</td>
<td><div><pre>com.vbrick.Exception.Reasons: FAIL
	at com.vbrick.Exception.CustomReport.checkinglist(CustomReport.java:390)
	at com.vbrick.avenger.videocommentapi_AV_9879_testcases.GetVideoCount_AV_28357.TC_02_Get_VideoCount_For_MultipleVideos_With_GetChannelForUser_api_check_with_AccountAdmins_Positive(GetVideoCount_AV_28357.java:284)
	at java.util.concurrent.ThreadPoolExecutor.runWorker(Unknown Source)
	at java.util.concurrent.ThreadPoolExecutor$Worker.run(Unknown Source)
	at java.lang.Thread.run(Unknown Source)
... Removed 10 stack frames</pre></div><a href='#' onClick='toggleBox("stack-trace1301681146", this, "Click to show all stack frames", "Click to hide stack frames")'>Click to show all stack frames</a>
<div class='stack-trace' id='stack-trace1301681146'><pre>com.vbrick.Exception.Reasons: FAIL
	at com.vbrick.Exception.CustomReport.checkinglist(CustomReport.java:390)
	at com.vbrick.avenger.videocommentapi_AV_9879_testcases.GetVideoCount_AV_28357.TC_02_Get_VideoCount_For_MultipleVideos_With_GetChannelForUser_api_check_with_AccountAdmins_Positive(GetVideoCount_AV_28357.java:284)
	at sun.reflect.NativeMethodAccessorImpl.invoke0(Native Method)
	at sun.reflect.NativeMethodAccessorImpl.invoke(Unknown Source)
	at sun.reflect.DelegatingMethodAccessorImpl.invoke(Unknown Source)
	at java.lang.reflect.Method.invoke(Unknown Source)
	at org.testng.internal.MethodInvocationHelper.invokeMethod(MethodInvocationHelper.java:85)
	at org.testng.internal.Invoker.invokeMethod(Invoker.java:659)
	at org.testng.internal.Invoker.invokeTestMethod(Invoker.java:845)
	at org.testng.internal.Invoker.invokeTestMethods(Invoker.java:1153)
	at org.testng.internal.TestMethodWorker.invokeTestMethods(TestMethodWorker.java:125)
	at org.testng.internal.TestMethodWorker.run(TestMethodWorker.java:108)
	at java.util.concurrent.ThreadPoolExecutor.runWorker(Unknown Source)
	at java.util.concurrent.ThreadPoolExecutor$Worker.run(Unknown Source)
	at java.lang.Thread.run(Unknown Source)
</pre></div></td>
<td>186</td>
<td>com.vbrick.avenger.videocommentapi_AV_9879_testcases.GetVideoCount_AV_28357@4fe767f3</td></tr>
<tr>
<td title='com.vbrick.avenger.videocommentapi_AV_9879_testcases.GetVideoCount_AV_28357.TC_03_Get_VideoCount_With_GetChannelForUser_api_check_with_MediaViewer_HavingOnlyViewAccess_Positive()'><b>TC_03_Get_VideoCount_With_GetChannelForUser_api_check_with_MediaViewer_HavingOnlyViewAccess_Positive</b><br>Test class: com.vbrick.avenger.videocommentapi_AV_9879_testcases.GetVideoCount_AV_28357<br>Test method: Get Video Count Via Get Channel API For User by Media Viewer who has only view access to the channel<br>Parameters: org.testng.TestRunner@636de04<br/>
<a href="#Output-508390938" onClick='toggleBox("Output-508390938", this, "Show output", "Hide output");'>Show output</a>

<a href="#Output-508390938" onClick="toggleAllBoxes();">Show all outputs</a>
<div class='log' id="Output-508390938">
Step-1:User name has been Entered<br><br/>
Step-2:Password has been entered<br><br/>
Step-3:Submit button Clicked<br><br/>
Step-4:Login SucessFully<br><br/>
Step-5:Avenger Dashboard Page is Clicked<br><br/>
Step-6:Media Tab is clicked<br><br/>
Step-7:Library Name Entered AsDkbIY<br><br/>
Step-8:User added to library isapiaau72<br><br/>
Step-9:User added to library isapimvu21<br><br/>
Step-10:Create Library Button is Clicked on library information page<br><br/>
Step-11:Media Tab is clicked<br><br/>
Step-12:Clicked on Created TeamsDkbIY<br><br/>
Step-13:File Uploaded Successfullynotification2<br><br/>
Step-14:File Uploaded Successfullynotification2<br><br/>
Step-15:Edit Settings Link is Clicked<br><br/>
Step-16:Edit Video Settings Page is Displayed<br><br/>
Step-17:Clicked on active Video Button<br><br/>
Step-18:video save button is visible on the page<br><br/>
Step-19:Save and Exit Button is Clicked<br><br/>
Step-20:Video Settings Saved Successfully<br><br/>
Step-21:Expected Value : 200</br>Actual Value :200::PASS<br><br/>
Step-22:Expected Value : 200</br>Actual Value :200::PASS<br><br/>
Step-23:<font color='red'>Expected Value trueActual Valuefalse::Fail<a href="C:\Users\arjun.abhesheke\git\AvengerAPIUpdate\AvengerAPI\target\surefire-reports\Screenshots\TC_03_Get_VideoCount_With_GetChannelForUser_api_check_with_MediaViewer_HavingOnlyViewAccess_Positive202209263130231.png"><p align="left"><h5>Error screenshot :: TC_03_Get_VideoCount_With_GetChannelForUser_api_check_with_MediaViewer_HavingOnlyViewAccess_Positive202209263130231.png</h5></p></a></font><br><br/>
</div>
</td>
<td><div><pre>com.vbrick.Exception.Reasons: FAIL
	at com.vbrick.Exception.CustomReport.checkinglist(CustomReport.java:390)
	at com.vbrick.avenger.videocommentapi_AV_9879_testcases.GetVideoCount_AV_28357.TC_03_Get_VideoCount_With_GetChannelForUser_api_check_with_MediaViewer_HavingOnlyViewAccess_Positive(GetVideoCount_AV_28357.java:354)
	at java.util.concurrent.ThreadPoolExecutor.runWorker(Unknown Source)
	at java.util.concurrent.ThreadPoolExecutor$Worker.run(Unknown Source)
	at java.lang.Thread.run(Unknown Source)
... Removed 10 stack frames</pre></div><a href='#' onClick='toggleBox("stack-trace508390938", this, "Click to show all stack frames", "Click to hide stack frames")'>Click to show all stack frames</a>
<div class='stack-trace' id='stack-trace508390938'><pre>com.vbrick.Exception.Reasons: FAIL
	at com.vbrick.Exception.CustomReport.checkinglist(CustomReport.java:390)
	at com.vbrick.avenger.videocommentapi_AV_9879_testcases.GetVideoCount_AV_28357.TC_03_Get_VideoCount_With_GetChannelForUser_api_check_with_MediaViewer_HavingOnlyViewAccess_Positive(GetVideoCount_AV_28357.java:354)
	at sun.reflect.NativeMethodAccessorImpl.invoke0(Native Method)
	at sun.reflect.NativeMethodAccessorImpl.invoke(Unknown Source)
	at sun.reflect.DelegatingMethodAccessorImpl.invoke(Unknown Source)
	at java.lang.reflect.Method.invoke(Unknown Source)
	at org.testng.internal.MethodInvocationHelper.invokeMethod(MethodInvocationHelper.java:85)
	at org.testng.internal.Invoker.invokeMethod(Invoker.java:659)
	at org.testng.internal.Invoker.invokeTestMethod(Invoker.java:845)
	at org.testng.internal.Invoker.invokeTestMethods(Invoker.java:1153)
	at org.testng.internal.TestMethodWorker.invokeTestMethods(TestMethodWorker.java:125)
	at org.testng.internal.TestMethodWorker.run(TestMethodWorker.java:108)
	at java.util.concurrent.ThreadPoolExecutor.runWorker(Unknown Source)
	at java.util.concurrent.ThreadPoolExecutor$Worker.run(Unknown Source)
	at java.lang.Thread.run(Unknown Source)
</pre></div></td>
<td>203</td>
<td>com.vbrick.avenger.videocommentapi_AV_9879_testcases.GetVideoCount_AV_28357@4fe767f3</td></tr>
<tr>
<td title='com.vbrick.avenger.videocommentapi_AV_9879_testcases.EventListApi_Av_11123.TC_04_GET_EventList_api_check_With_MediaViewer_Positive()'><b>TC_04_GET_EventList_api_check_With_MediaViewer_Positive</b><br>Test class: com.vbrick.avenger.videocommentapi_AV_9879_testcases.EventListApi_Av_11123<br>Test method: To Verify the EventList using EventList API with MediaViewer<br>Parameters: org.testng.TestRunner@636de04<br/>
<a href="#Output-1326237118" onClick='toggleBox("Output-1326237118", this, "Show output", "Hide output");'>Show output</a>

<a href="#Output-1326237118" onClick="toggleAllBoxes();">Show all outputs</a>
<div class='log' id="Output-1326237118">
Step-1:Expected Value : 200</br>Actual Value :200::PASS<br><br/>
Step-2:Expected Value : 200OK</br>Actual Value :200OK::PASS<br><br/>
Step-3:Application launch with URL : https://autoapi.rev-qa.vbrick.com/<br><br/>
Step-4:User name has been Entered<br><br/>
Step-5:Password has been entered<br><br/>
Step-6:Submit button Clicked<br><br/>
Step-7:Login SucessFully<br><br/>
Step-8:Avenger Dashboard Page is Clicked<br><br/>
Step-9:Events Tab is  Clicked<br><br/>
Step-10:Expected Value : true</br>Actual Value :true::PASS<br><br/>
Step-11:<font color='red'>Expected Value trueActual Valuefalse::Fail<a href="C:\Users\arjun.abhesheke\git\AvengerAPIUpdate\AvengerAPI\target\surefire-reports\Screenshots\TC_04_GET_EventList_api_check_With_MediaViewer_Positive202209263133647.png"><p align="left"><h5>Error screenshot :: TC_04_GET_EventList_api_check_With_MediaViewer_Positive202209263133647.png</h5></p></a></font><br><br/>
</div>
</td>
<td><div><pre>com.vbrick.Exception.Reasons: FAIL
	at com.vbrick.Exception.CustomReport.checkinglist(CustomReport.java:390)
	at com.vbrick.avenger.videocommentapi_AV_9879_testcases.EventListApi_Av_11123.TC_04_GET_EventList_api_check_With_MediaViewer_Positive(EventListApi_Av_11123.java:315)
	at java.util.concurrent.ThreadPoolExecutor.runWorker(Unknown Source)
	at java.util.concurrent.ThreadPoolExecutor$Worker.run(Unknown Source)
	at java.lang.Thread.run(Unknown Source)
... Removed 10 stack frames</pre></div><a href='#' onClick='toggleBox("stack-trace1326237118", this, "Click to show all stack frames", "Click to hide stack frames")'>Click to show all stack frames</a>
<div class='stack-trace' id='stack-trace1326237118'><pre>com.vbrick.Exception.Reasons: FAIL
	at com.vbrick.Exception.CustomReport.checkinglist(CustomReport.java:390)
	at com.vbrick.avenger.videocommentapi_AV_9879_testcases.EventListApi_Av_11123.TC_04_GET_EventList_api_check_With_MediaViewer_Positive(EventListApi_Av_11123.java:315)
	at sun.reflect.NativeMethodAccessorImpl.invoke0(Native Method)
	at sun.reflect.NativeMethodAccessorImpl.invoke(Unknown Source)
	at sun.reflect.DelegatingMethodAccessorImpl.invoke(Unknown Source)
	at java.lang.reflect.Method.invoke(Unknown Source)
	at org.testng.internal.MethodInvocationHelper.invokeMethod(MethodInvocationHelper.java:85)
	at org.testng.internal.Invoker.invokeMethod(Invoker.java:659)
	at org.testng.internal.Invoker.invokeTestMethod(Invoker.java:845)
	at org.testng.internal.Invoker.invokeTestMethods(Invoker.java:1153)
	at org.testng.internal.TestMethodWorker.invokeTestMethods(TestMethodWorker.java:125)
	at org.testng.internal.TestMethodWorker.run(TestMethodWorker.java:108)
	at java.util.concurrent.ThreadPoolExecutor.runWorker(Unknown Source)
	at java.util.concurrent.ThreadPoolExecutor$Worker.run(Unknown Source)
	at java.lang.Thread.run(Unknown Source)
</pre></div></td>
<td>28</td>
<td>com.vbrick.avenger.videocommentapi_AV_9879_testcases.EventListApi_Av_11123@7f1302d6</td></tr>
<tr>
<td title='com.vbrick.avenger.videocommentapi_AV_9879_testcases.UserDetailsWithUserNameApi_AV_9873.TC_04_GET_UserName_api_check_UserName_with_Eventadmin_Positive()'><b>TC_04_GET_UserName_api_check_UserName_with_Eventadmin_Positive</b><br>Test class: com.vbrick.avenger.videocommentapi_AV_9879_testcases.UserDetailsWithUserNameApi_AV_9873<br>Test method: To verify UserName  to specific Event Admin user using UserName API with Account Admin<br/>
<a href="#Output-1963468007" onClick='toggleBox("Output-1963468007", this, "Show output", "Hide output");'>Show output</a>

<a href="#Output-1963468007" onClick="toggleAllBoxes();">Show all outputs</a>
<div class='log' id="Output-1963468007">
Step-1:User name has been Entered<br><br/>
Step-2:Password has been entered<br><br/>
Step-3:Submit button Clicked<br><br/>
Step-4:Login SucessFully<br><br/>
Step-5:Users  link is clicked<br><br/>
Step-6:Clicked on User Log Out Button<br><br/>
Step-7:Clicked on Log Out Button<br><br/>
Step-8:Expected Value : 200</br>Actual Value :200::PASS<br><br/>
Step-9:Expected Value : 200</br>Actual Value :200::PASS<br><br/>
Step-10:Expected Value : 200</br>Actual Value :200::PASS<br><br/>
Step-11:Expected Value : 200</br>Actual Value :200::PASS<br><br/>
Step-12:Expected Value : 200OK</br>Actual Value :200OK::PASS<br><br/>
Step-13:User name has been Entered<br><br/>
Step-14:Password has been entered<br><br/>
Step-15:Submit button Clicked<br><br/>
Step-16:Login SucessFully<br><br/>
Step-17:Users  link is clicked<br><br/>
Step-18:Expected Value : apieau40</br>Actual Value :apieau40::PASS<br><br/>
Step-19:Expected Value : apieau40</br>Actual Value :apieau40::PASS<br><br/>
Step-20:Expected Value : apieau40</br>Actual Value :APIEAU40::PASS<br><br/>
Step-21:Expected Value : apieau40@gmail.com</br>Actual Value :apieau40@gmail.com::PASS<br><br/>
Step-22:<font color='red'>Expected Value trueActual Valuefalse::Fail<a href="C:\Users\arjun.abhesheke\git\AvengerAPIUpdate\AvengerAPI\target\surefire-reports\Screenshots\TC_04_GET_UserName_api_check_UserName_with_Eventadmin_Positive202209263140319.png"><p align="left"><h5>Error screenshot :: TC_04_GET_UserName_api_check_UserName_with_Eventadmin_Positive202209263140319.png</h5></p></a></font><br><br/>
Step-23:Expected Value : 1</br>Actual Value :1::PASS<br><br/>
Step-24:Expected Value : 200OK</br>Actual Value :200OK::PASS<br><br/>
Step-25:Expected Value : 200OK</br>Actual Value :200OK::PASS<br><br/>
</div>
</td>
<td><div><pre>com.vbrick.Exception.Reasons: FAIL
	at com.vbrick.Exception.CustomReport.checkinglist(CustomReport.java:390)
	at com.vbrick.avenger.videocommentapi_AV_9879_testcases.UserDetailsWithUserNameApi_AV_9873.TC_04_GET_UserName_api_check_UserName_with_Eventadmin_Positive(UserDetailsWithUserNameApi_AV_9873.java:386)
	at java.util.concurrent.ThreadPoolExecutor.runWorker(Unknown Source)
	at java.util.concurrent.ThreadPoolExecutor$Worker.run(Unknown Source)
	at java.lang.Thread.run(Unknown Source)
... Removed 10 stack frames</pre></div><a href='#' onClick='toggleBox("stack-trace1963468007", this, "Click to show all stack frames", "Click to hide stack frames")'>Click to show all stack frames</a>
<div class='stack-trace' id='stack-trace1963468007'><pre>com.vbrick.Exception.Reasons: FAIL
	at com.vbrick.Exception.CustomReport.checkinglist(CustomReport.java:390)
	at com.vbrick.avenger.videocommentapi_AV_9879_testcases.UserDetailsWithUserNameApi_AV_9873.TC_04_GET_UserName_api_check_UserName_with_Eventadmin_Positive(UserDetailsWithUserNameApi_AV_9873.java:386)
	at sun.reflect.NativeMethodAccessorImpl.invoke0(Native Method)
	at sun.reflect.NativeMethodAccessorImpl.invoke(Unknown Source)
	at sun.reflect.DelegatingMethodAccessorImpl.invoke(Unknown Source)
	at java.lang.reflect.Method.invoke(Unknown Source)
	at org.testng.internal.MethodInvocationHelper.invokeMethod(MethodInvocationHelper.java:85)
	at org.testng.internal.Invoker.invokeMethod(Invoker.java:659)
	at org.testng.internal.Invoker.invokeTestMethod(Invoker.java:845)
	at org.testng.internal.Invoker.invokeTestMethods(Invoker.java:1153)
	at org.testng.internal.TestMethodWorker.invokeTestMethods(TestMethodWorker.java:125)
	at org.testng.internal.TestMethodWorker.run(TestMethodWorker.java:108)
	at java.util.concurrent.ThreadPoolExecutor.runWorker(Unknown Source)
	at java.util.concurrent.ThreadPoolExecutor$Worker.run(Unknown Source)
	at java.lang.Thread.run(Unknown Source)
</pre></div></td>
<td>125</td>
<td>com.vbrick.avenger.videocommentapi_AV_9879_testcases.UserDetailsWithUserNameApi_AV_9873@1d082e88</td></tr>
<tr>
<td title='com.vbrick.avenger.videocommentapi_AV_9879_testcases.GetVideoDetails_AV_10175.TC_05_GET_GetTeamsVideoDetailsAPI_api_check_with_MediaContributor_Negative()'><b>TC_05_GET_GetTeamsVideoDetailsAPI_api_check_with_MediaContributor_Negative</b><br>Test class: com.vbrick.avenger.videocommentapi_AV_9879_testcases.GetVideoDetails_AV_10175<br>Test method: To Verify the VideoDetails using VideoDetails API with Media Contributor for All Teams video<br/>
<a href="#Output-179618154" onClick='toggleBox("Output-179618154", this, "Show output", "Hide output");'>Show output</a>

<a href="#Output-179618154" onClick="toggleAllBoxes();">Show all outputs</a>
<div class='log' id="Output-179618154">
Step-1:Expected Value : 200</br>Actual Value :200::PASS<br><br/>
Step-2:Expected Value : 200</br>Actual Value :200::PASS<br><br/>
Step-3:Expected Value : HTTP StatusCode :200</br>Actual Value :HTTP StatusCode :200::PASS<br><br/>
Step-4:Expected Value : 200</br>Actual Value :200::PASS<br><br/>
</div>
</td>
<td><div><pre>java.lang.AssertionError: expected [401] but found [200]
	at com.vbricks.avenger.api.verifications.AssertionAPIResponse.verifyAssert_httpCode(AssertionAPIResponse.java:15)
	at com.vbrick.avenger.videocommentapi_AV_9879_testcases.GetVideoDetails_AV_10175.TC_05_GET_GetTeamsVideoDetailsAPI_api_check_with_MediaContributor_Negative(GetVideoDetails_AV_10175.java:440)
	at java.util.concurrent.ThreadPoolExecutor.runWorker(Unknown Source)
	at java.util.concurrent.ThreadPoolExecutor$Worker.run(Unknown Source)
	at java.lang.Thread.run(Unknown Source)
... Removed 15 stack frames</pre></div><a href='#' onClick='toggleBox("stack-trace179618154", this, "Click to show all stack frames", "Click to hide stack frames")'>Click to show all stack frames</a>
<div class='stack-trace' id='stack-trace179618154'><pre>java.lang.AssertionError: expected [401] but found [200]
	at org.testng.Assert.fail(Assert.java:94)
	at org.testng.Assert.failNotEquals(Assert.java:496)
	at org.testng.Assert.assertEquals(Assert.java:125)
	at org.testng.Assert.assertEquals(Assert.java:178)
	at org.testng.Assert.assertEquals(Assert.java:188)
	at com.vbricks.avenger.api.verifications.AssertionAPIResponse.verifyAssert_httpCode(AssertionAPIResponse.java:15)
	at com.vbrick.avenger.videocommentapi_AV_9879_testcases.GetVideoDetails_AV_10175.TC_05_GET_GetTeamsVideoDetailsAPI_api_check_with_MediaContributor_Negative(GetVideoDetails_AV_10175.java:440)
	at sun.reflect.NativeMethodAccessorImpl.invoke0(Native Method)
	at sun.reflect.NativeMethodAccessorImpl.invoke(Unknown Source)
	at sun.reflect.DelegatingMethodAccessorImpl.invoke(Unknown Source)
	at java.lang.reflect.Method.invoke(Unknown Source)
	at org.testng.internal.MethodInvocationHelper.invokeMethod(MethodInvocationHelper.java:85)
	at org.testng.internal.Invoker.invokeMethod(Invoker.java:659)
	at org.testng.internal.Invoker.invokeTestMethod(Invoker.java:845)
	at org.testng.internal.Invoker.invokeTestMethods(Invoker.java:1153)
	at org.testng.internal.TestMethodWorker.invokeTestMethods(TestMethodWorker.java:125)
	at org.testng.internal.TestMethodWorker.run(TestMethodWorker.java:108)
	at java.util.concurrent.ThreadPoolExecutor.runWorker(Unknown Source)
	at java.util.concurrent.ThreadPoolExecutor$Worker.run(Unknown Source)
	at java.lang.Thread.run(Unknown Source)
</pre></div></td>
<td>0</td>
<td>com.vbrick.avenger.videocommentapi_AV_9879_testcases.GetVideoDetails_AV_10175@2133814f</td></tr>
<tr>
<td title='com.vbrick.avenger.videocommentapi_AV_9879_testcases.GetVideoTranscriptionFiles.TC_05_GET_Multiple_TranscriptionFile_AccountAdmin()'><b>TC_05_GET_Multiple_TranscriptionFile_AccountAdmin</b><br>Test class: com.vbrick.avenger.videocommentapi_AV_9879_testcases.GetVideoTranscriptionFiles<br>Test method:  To GET Transcription File of a specific video GET Transcription Files API by accountadmin<br/>
<a href="#Output-1546221443" onClick='toggleBox("Output-1546221443", this, "Show output", "Hide output");'>Show output</a>

<a href="#Output-1546221443" onClick="toggleAllBoxes();">Show all outputs</a>
<div class='log' id="Output-1546221443">
Step-1:Upload Vidoe API TestCase is Runnning.. : https://autoapi.rev-qa.vbrick.com/<br><br/>
Step-2:Expected Value : 200</br>Actual Value :200::PASS<br><br/>
Step-3:Expected Value : HTTP StatusCode :200</br>Actual Value :HTTP StatusCode :200::PASS<br><br/>
Step-4:Expected Value : HTTP StatusCode :200</br>Actual Value :HTTP StatusCode :200::PASS<br><br/>
Step-5:Expected Value : HTTP StatusCode :200</br>Actual Value :HTTP StatusCode :200::PASS<br><br/>
Step-6:Expected Value : HTTP StatusCode :200</br>Actual Value :HTTP StatusCode :200::PASS<br><br/>
</div>
</td>
<td><div><pre>java.lang.AssertionError: expected [200] but found [null]
	at com.vbricks.avenger.api.verifications.AssertionAPIResponse.verifyAssert_httpCode(AssertionAPIResponse.java:15)
	at com.vbrick.avenger.videocommentapi_AV_9879_testcases.GetVideoTranscriptionFiles.TC_05_GET_Multiple_TranscriptionFile_AccountAdmin(GetVideoTranscriptionFiles.java:355)
	at java.util.concurrent.ThreadPoolExecutor.runWorker(Unknown Source)
	at java.util.concurrent.ThreadPoolExecutor$Worker.run(Unknown Source)
	at java.lang.Thread.run(Unknown Source)
... Removed 15 stack frames</pre></div><a href='#' onClick='toggleBox("stack-trace1546221443", this, "Click to show all stack frames", "Click to hide stack frames")'>Click to show all stack frames</a>
<div class='stack-trace' id='stack-trace1546221443'><pre>java.lang.AssertionError: expected [200] but found [null]
	at org.testng.Assert.fail(Assert.java:94)
	at org.testng.Assert.failNotEquals(Assert.java:496)
	at org.testng.Assert.assertEquals(Assert.java:116)
	at org.testng.Assert.assertEquals(Assert.java:178)
	at org.testng.Assert.assertEquals(Assert.java:188)
	at com.vbricks.avenger.api.verifications.AssertionAPIResponse.verifyAssert_httpCode(AssertionAPIResponse.java:15)
	at com.vbrick.avenger.videocommentapi_AV_9879_testcases.GetVideoTranscriptionFiles.TC_05_GET_Multiple_TranscriptionFile_AccountAdmin(GetVideoTranscriptionFiles.java:355)
	at sun.reflect.NativeMethodAccessorImpl.invoke0(Native Method)
	at sun.reflect.NativeMethodAccessorImpl.invoke(Unknown Source)
	at sun.reflect.DelegatingMethodAccessorImpl.invoke(Unknown Source)
	at java.lang.reflect.Method.invoke(Unknown Source)
	at org.testng.internal.MethodInvocationHelper.invokeMethod(MethodInvocationHelper.java:85)
	at org.testng.internal.Invoker.invokeMethod(Invoker.java:659)
	at org.testng.internal.Invoker.invokeTestMethod(Invoker.java:845)
	at org.testng.internal.Invoker.invokeTestMethods(Invoker.java:1153)
	at org.testng.internal.TestMethodWorker.invokeTestMethods(TestMethodWorker.java:125)
	at org.testng.internal.TestMethodWorker.run(TestMethodWorker.java:108)
	at java.util.concurrent.ThreadPoolExecutor.runWorker(Unknown Source)
	at java.util.concurrent.ThreadPoolExecutor$Worker.run(Unknown Source)
	at java.lang.Thread.run(Unknown Source)
</pre></div></td>
<td>1</td>
<td>com.vbrick.avenger.videocommentapi_AV_9879_testcases.GetVideoTranscriptionFiles@2805c96b</td></tr>
<tr>
<td title='com.vbrick.avenger.videocommentapi_AV_9879_testcases.Get_SubscriptionsAPI_AV_28410.TC_05_GET_Subscriptions_api_check_With_AccontAdmin_Positive()'><b>TC_05_GET_Subscriptions_api_check_With_AccontAdmin_Positive</b><br>Test class: com.vbrick.avenger.videocommentapi_AV_9879_testcases.Get_SubscriptionsAPI_AV_28410<br>Test method: To Verify GET Subscription API with Account Admin when subscribed only to a category<br>Parameters: org.testng.TestRunner@636de04<br/>
<a href="#Output-1772010284" onClick='toggleBox("Output-1772010284", this, "Show output", "Hide output");'>Show output</a>

<a href="#Output-1772010284" onClick="toggleAllBoxes();">Show all outputs</a>
<div class='log' id="Output-1772010284">
Step-1:Expected Value : 200</br>Actual Value :200::PASS<br><br/>
Step-2:Expected Value : 200OK</br>Actual Value :200OK::PASS<br><br/>
Step-3:Expected Value : 200</br>Actual Value :200::PASS<br><br/>
Step-4:Expected Value : 200</br>Actual Value :200::PASS<br><br/>
Step-5:Expected Value : 200</br>Actual Value :200::PASS<br><br/>
Step-6:Application launch with URL : https://autoapi.rev-qa.vbrick.com/<br><br/>
Step-7:User name has been Entered<br><br/>
Step-8:Password has been entered<br><br/>
Step-9:Submit button Clicked<br><br/>
Step-10:Login SucessFully<br><br/>
Step-11:<font color='red'>Expected Value 34
Actual Value17::Fail<a href="C:\Users\arjun.abhesheke\git\AvengerAPIUpdate\AvengerAPI\target\surefire-reports\Screenshots\TC_05_GET_Subscriptions_api_check_With_AccontAdmin_Positive202209263133220.png"><p align="left"><h5>Error screenshot :: TC_05_GET_Subscriptions_api_check_With_AccontAdmin_Positive202209263133220.png</h5></p></a></font><br><br/>
Step-12:Expected Value : 6</br>Actual Value :6::PASS<br><br/>
Step-13:<font color='red'>Expected Value 40
Actual Value23::Fail<a href="C:\Users\arjun.abhesheke\git\AvengerAPIUpdate\AvengerAPI\target\surefire-reports\Screenshots\TC_05_GET_Subscriptions_api_check_With_AccontAdmin_Positive202209263133220.png"><p align="left"><h5>Error screenshot :: TC_05_GET_Subscriptions_api_check_With_AccontAdmin_Positive202209263133220.png</h5></p></a></font><br><br/>
</div>
</td>
<td><div><pre>com.vbrick.Exception.Reasons: FAIL
	at com.vbrick.Exception.CustomReport.checkinglist(CustomReport.java:390)
	at com.vbrick.avenger.videocommentapi_AV_9879_testcases.Get_SubscriptionsAPI_AV_28410.TC_05_GET_Subscriptions_api_check_With_AccontAdmin_Positive(Get_SubscriptionsAPI_AV_28410.java:429)
	at java.util.concurrent.ThreadPoolExecutor.runWorker(Unknown Source)
	at java.util.concurrent.ThreadPoolExecutor$Worker.run(Unknown Source)
	at java.lang.Thread.run(Unknown Source)
... Removed 10 stack frames</pre></div><a href='#' onClick='toggleBox("stack-trace1772010284", this, "Click to show all stack frames", "Click to hide stack frames")'>Click to show all stack frames</a>
<div class='stack-trace' id='stack-trace1772010284'><pre>com.vbrick.Exception.Reasons: FAIL
	at com.vbrick.Exception.CustomReport.checkinglist(CustomReport.java:390)
	at com.vbrick.avenger.videocommentapi_AV_9879_testcases.Get_SubscriptionsAPI_AV_28410.TC_05_GET_Subscriptions_api_check_With_AccontAdmin_Positive(Get_SubscriptionsAPI_AV_28410.java:429)
	at sun.reflect.NativeMethodAccessorImpl.invoke0(Native Method)
	at sun.reflect.NativeMethodAccessorImpl.invoke(Unknown Source)
	at sun.reflect.DelegatingMethodAccessorImpl.invoke(Unknown Source)
	at java.lang.reflect.Method.invoke(Unknown Source)
	at org.testng.internal.MethodInvocationHelper.invokeMethod(MethodInvocationHelper.java:85)
	at org.testng.internal.Invoker.invokeMethod(Invoker.java:659)
	at org.testng.internal.Invoker.invokeTestMethod(Invoker.java:845)
	at org.testng.internal.Invoker.invokeTestMethods(Invoker.java:1153)
	at org.testng.internal.TestMethodWorker.invokeTestMethods(TestMethodWorker.java:125)
	at org.testng.internal.TestMethodWorker.run(TestMethodWorker.java:108)
	at java.util.concurrent.ThreadPoolExecutor.runWorker(Unknown Source)
	at java.util.concurrent.ThreadPoolExecutor$Worker.run(Unknown Source)
	at java.lang.Thread.run(Unknown Source)
</pre></div></td>
<td>11</td>
<td>com.vbrick.avenger.videocommentapi_AV_9879_testcases.Get_SubscriptionsAPI_AV_28410@75f32542</td></tr>
<tr>
<td title='com.vbrick.avenger.videocommentapi_AV_9879_testcases.GetVideoThumbnail_AV_28062.TC_06_GET_GetVideoThumbnailAPI_api_check_when_Sharing_of_metadata_is_Checked_at_Account_Level_Positive()'><b>TC_06_GET_GetVideoThumbnailAPI_api_check_when_Sharing_of_metadata_is_Checked_at_Account_Level_Positive</b><br>Test class: com.vbrick.avenger.videocommentapi_AV_9879_testcases.GetVideoThumbnail_AV_28062<br>Test method: To Get the VideoThumbnail using VideosThumbnail API when "Allow Sharing of Metadata for Private Videos" (in System Settings–>Security) is enabled in the account<br/>
<a href="#Output-1847699404" onClick='toggleBox("Output-1847699404", this, "Show output", "Hide output");'>Show output</a>

<a href="#Output-1847699404" onClick="toggleAllBoxes();">Show all outputs</a>
<div class='log' id="Output-1847699404">
Step-1:Application launch with URL : https://autoapi.rev-qa.vbrick.com/<br><br/>
Step-2:User name has been Entered<br><br/>
Step-3:Password has been entered<br><br/>
Step-4:Submit button Clicked<br><br/>
Step-5:Login SucessFully<br><br/>
Step-6:Clicked on Security link<br><br/>
<font color='red'>1.Automation Team will Address it:TimeOutException<br>2.The Object Properties have been Modified<br>In PageSystem Settings - User Security with locatorBy.xpath: //*[contains(@name,'sharingAndEmbeddingSettingsEnabled')]</font><br/>
</div>
</td>
<td><div><pre>
	at com.vbrick.avenger.funUtil.WaitForElements.waitForElementPresent(WaitForElements.java:140)
	at com.vbrick.avenger.funUtil.WebElements.check_Checkbox(WebElements.java:536)
	at com.vbrick.avenger.pageobjects.AvengerUserPasswordParametersPage.checkAllowSharingofmetadataprivateVideos(AvengerUserPasswordParametersPage.java:503)
	at com.vbrick.avenger.videocommentapi_AV_9879_testcases.GetVideoThumbnail_AV_28062.TC_06_GET_GetVideoThumbnailAPI_api_check_when_Sharing_of_metadata_is_Checked_at_Account_Level_Positive(GetVideoThumbnail_AV_28062.java:310)
	at java.util.concurrent.ThreadPoolExecutor.runWorker(Unknown Source)
	at java.util.concurrent.ThreadPoolExecutor$Worker.run(Unknown Source)
	at java.lang.Thread.run(Unknown Source)
... Removed 10 stack frames</pre></div><a href='#' onClick='toggleBox("stack-trace1847699404", this, "Click to show all stack frames", "Click to hide stack frames")'>Click to show all stack frames</a>
<div class='stack-trace' id='stack-trace1847699404'><pre>
	at com.vbrick.avenger.funUtil.WaitForElements.waitForElementPresent(WaitForElements.java:140)
	at com.vbrick.avenger.funUtil.WebElements.check_Checkbox(WebElements.java:536)
	at com.vbrick.avenger.pageobjects.AvengerUserPasswordParametersPage.checkAllowSharingofmetadataprivateVideos(AvengerUserPasswordParametersPage.java:503)
	at com.vbrick.avenger.videocommentapi_AV_9879_testcases.GetVideoThumbnail_AV_28062.TC_06_GET_GetVideoThumbnailAPI_api_check_when_Sharing_of_metadata_is_Checked_at_Account_Level_Positive(GetVideoThumbnail_AV_28062.java:310)
	at sun.reflect.NativeMethodAccessorImpl.invoke0(Native Method)
	at sun.reflect.NativeMethodAccessorImpl.invoke(Unknown Source)
	at sun.reflect.DelegatingMethodAccessorImpl.invoke(Unknown Source)
	at java.lang.reflect.Method.invoke(Unknown Source)
	at org.testng.internal.MethodInvocationHelper.invokeMethod(MethodInvocationHelper.java:85)
	at org.testng.internal.Invoker.invokeMethod(Invoker.java:659)
	at org.testng.internal.Invoker.invokeTestMethod(Invoker.java:845)
	at org.testng.internal.Invoker.invokeTestMethods(Invoker.java:1153)
	at org.testng.internal.TestMethodWorker.invokeTestMethods(TestMethodWorker.java:125)
	at org.testng.internal.TestMethodWorker.run(TestMethodWorker.java:108)
	at java.util.concurrent.ThreadPoolExecutor.runWorker(Unknown Source)
	at java.util.concurrent.ThreadPoolExecutor$Worker.run(Unknown Source)
	at java.lang.Thread.run(Unknown Source)
</pre></div></td>
<td>263</td>
<td>com.vbrick.avenger.videocommentapi_AV_9879_testcases.GetVideoThumbnail_AV_28062@1e730495</td></tr>
<tr>
<td title='com.vbrick.avenger.videocommentapi_AV_9879_testcases.Get_SubscriptionsAPI_AV_28410.TC_06_GET_Subscriptions_api_check_With_AccontAdmin_Positive()'><b>TC_06_GET_Subscriptions_api_check_With_AccontAdmin_Positive</b><br>Test class: com.vbrick.avenger.videocommentapi_AV_9879_testcases.Get_SubscriptionsAPI_AV_28410<br>Test method: To Verify GET Subscription API with Account Admin when subscribed both channel & category<br>Parameters: org.testng.TestRunner@636de04<br/>
<a href="#Output-1388120975" onClick='toggleBox("Output-1388120975", this, "Show output", "Hide output");'>Show output</a>

<a href="#Output-1388120975" onClick="toggleAllBoxes();">Show all outputs</a>
<div class='log' id="Output-1388120975">
Step-1:Expected Value : 200</br>Actual Value :200::PASS<br><br/>
Step-2:Expected Value : 200</br>Actual Value :200::PASS<br><br/>
Step-3:Expected Value : 200</br>Actual Value :200::PASS<br><br/>
Step-4:Expected Value : 200OK</br>Actual Value :200OK::PASS<br><br/>
Step-5:Expected Value : 200</br>Actual Value :200::PASS<br><br/>
Step-6:Expected Value : 200</br>Actual Value :200::PASS<br><br/>
Step-7:Expected Value : 200</br>Actual Value :200::PASS<br><br/>
Step-8:Application launch with URL : https://autoapi.rev-qa.vbrick.com/<br><br/>
Step-9:User name has been Entered<br><br/>
Step-10:Password has been entered<br><br/>
Step-11:Submit button Clicked<br><br/>
Step-12:Login SucessFully<br><br/>
Step-13:<font color='red'>Expected Value 34
Actual Value17::Fail<a href="C:\Users\arjun.abhesheke\git\AvengerAPIUpdate\AvengerAPI\target\surefire-reports\Screenshots\TC_06_GET_Subscriptions_api_check_With_AccontAdmin_Positive202209263133205.png"><p align="left"><h5>Error screenshot :: TC_06_GET_Subscriptions_api_check_With_AccontAdmin_Positive202209263133205.png</h5></p></a></font><br><br/>
Step-14:Expected Value : 5</br>Actual Value :5::PASS<br><br/>
Step-15:<font color='red'>Expected Value 39
Actual Value22::Fail<a href="C:\Users\arjun.abhesheke\git\AvengerAPIUpdate\AvengerAPI\target\surefire-reports\Screenshots\TC_06_GET_Subscriptions_api_check_With_AccontAdmin_Positive202209263133205.png"><p align="left"><h5>Error screenshot :: TC_06_GET_Subscriptions_api_check_With_AccontAdmin_Positive202209263133205.png</h5></p></a></font><br><br/>
</div>
</td>
<td><div><pre>com.vbrick.Exception.Reasons: FAIL
	at com.vbrick.Exception.CustomReport.checkinglist(CustomReport.java:390)
	at com.vbrick.avenger.videocommentapi_AV_9879_testcases.Get_SubscriptionsAPI_AV_28410.TC_06_GET_Subscriptions_api_check_With_AccontAdmin_Positive(Get_SubscriptionsAPI_AV_28410.java:514)
	at java.util.concurrent.ThreadPoolExecutor.runWorker(Unknown Source)
	at java.util.concurrent.ThreadPoolExecutor$Worker.run(Unknown Source)
	at java.lang.Thread.run(Unknown Source)
... Removed 10 stack frames</pre></div><a href='#' onClick='toggleBox("stack-trace1388120975", this, "Click to show all stack frames", "Click to hide stack frames")'>Click to show all stack frames</a>
<div class='stack-trace' id='stack-trace1388120975'><pre>com.vbrick.Exception.Reasons: FAIL
	at com.vbrick.Exception.CustomReport.checkinglist(CustomReport.java:390)
	at com.vbrick.avenger.videocommentapi_AV_9879_testcases.Get_SubscriptionsAPI_AV_28410.TC_06_GET_Subscriptions_api_check_With_AccontAdmin_Positive(Get_SubscriptionsAPI_AV_28410.java:514)
	at sun.reflect.NativeMethodAccessorImpl.invoke0(Native Method)
	at sun.reflect.NativeMethodAccessorImpl.invoke(Unknown Source)
	at sun.reflect.DelegatingMethodAccessorImpl.invoke(Unknown Source)
	at java.lang.reflect.Method.invoke(Unknown Source)
	at org.testng.internal.MethodInvocationHelper.invokeMethod(MethodInvocationHelper.java:85)
	at org.testng.internal.Invoker.invokeMethod(Invoker.java:659)
	at org.testng.internal.Invoker.invokeTestMethod(Invoker.java:845)
	at org.testng.internal.Invoker.invokeTestMethods(Invoker.java:1153)
	at org.testng.internal.TestMethodWorker.invokeTestMethods(TestMethodWorker.java:125)
	at org.testng.internal.TestMethodWorker.run(TestMethodWorker.java:108)
	at java.util.concurrent.ThreadPoolExecutor.runWorker(Unknown Source)
	at java.util.concurrent.ThreadPoolExecutor$Worker.run(Unknown Source)
	at java.lang.Thread.run(Unknown Source)
</pre></div></td>
<td>12</td>
<td>com.vbrick.avenger.videocommentapi_AV_9879_testcases.Get_SubscriptionsAPI_AV_28410@75f32542</td></tr>
<tr>
<td title='com.vbrick.avenger.mobileappsupport.SearchSuggestionsAPI_AV_27524.TC_06_POST_SearchSuggestions_api_Verifying_when_User_Not_Authenticated()'><b>TC_06_POST_SearchSuggestions_api_Verifying_when_User_Not_Authenticated</b><br>Test class: com.vbrick.avenger.mobileappsupport.SearchSuggestionsAPI_AV_27524<br>Test method: To verify if Search Suggestions when user not authenticated with accountadmin<br/>
<a href="#Output-701505850" onClick='toggleBox("Output-701505850", this, "Show output", "Hide output");'>Show output</a>

<a href="#Output-701505850" onClick="toggleAllBoxes();">Show all outputs</a>
<div class='log' id="Output-701505850">
Step-1:Expected Value : 200</br>Actual Value :200::PASS<br><br/>
Step-2:Expected Value : HTTP StatusCode :200</br>Actual Value :HTTP StatusCode :200::PASS<br><br/>
Step-3:Expected Value : HTTP StatusCode :200</br>Actual Value :HTTP StatusCode :200::PASS<br><br/>
Step-4:Expected Value : HTTP StatusCode :200</br>Actual Value :HTTP StatusCode :200::PASS<br><br/>
Step-5:Expected Value : HTTP StatusCode :200</br>Actual Value :HTTP StatusCode :200::PASS<br><br/>
Step-6:Expected Value : HTTP StatusCode :200</br>Actual Value :HTTP StatusCode :200::PASS<br><br/>
Step-7:Expected Value : HTTP StatusCode :200</br>Actual Value :HTTP StatusCode :200::PASS<br><br/>
Step-8:Expected Value : HTTP StatusCode :200</br>Actual Value :HTTP StatusCode :200::PASS<br><br/>
Step-9:Expected Value : HTTP StatusCode :200</br>Actual Value :HTTP StatusCode :200::PASS<br><br/>
Step-10:Expected Value : HTTP StatusCode :200</br>Actual Value :HTTP StatusCode :200::PASS<br><br/>
Step-11:Expected Value : HTTP StatusCode :200</br>Actual Value :HTTP StatusCode :200::PASS<br><br/>
Step-12:Expected Value : 200</br>Actual Value :200::PASS<br><br/>
Step-13:Application launch with URL : https://autoapi.rev-qa.vbrick.com/<br><br/>
Step-14:User name has been Entered<br><br/>
Step-15:Password has been entered<br><br/>
Step-16:Submit button Clicked<br><br/>
Step-17:Login SucessFully<br><br/>
Step-18:Avenger Dashboard Page is Clicked<br><br/>
Step-19:<font color='red'>Expected Value trueActual Valuefalse::Fail<a href="C:\Users\arjun.abhesheke\git\AvengerAPIUpdate\AvengerAPI\target\surefire-reports\Screenshots\TC_06_POST_SearchSuggestions_api_Verifying_when_User_Not_Authenticated202209263134200.png"><p align="left"><h5>Error screenshot :: TC_06_POST_SearchSuggestions_api_Verifying_when_User_Not_Authenticated202209263134200.png</h5></p></a></font><br><br/>
</div>
</td>
<td><div><pre>com.vbrick.Exception.Reasons: FAIL
	at com.vbrick.Exception.CustomReport.checkinglist(CustomReport.java:390)
	at com.vbrick.avenger.mobileappsupport.SearchSuggestionsAPI_AV_27524.TC_06_POST_SearchSuggestions_api_Verifying_when_User_Not_Authenticated(SearchSuggestionsAPI_AV_27524.java:374)
	at java.util.concurrent.ThreadPoolExecutor.runWorker(Unknown Source)
	at java.util.concurrent.ThreadPoolExecutor$Worker.run(Unknown Source)
	at java.lang.Thread.run(Unknown Source)
... Removed 10 stack frames</pre></div><a href='#' onClick='toggleBox("stack-trace701505850", this, "Click to show all stack frames", "Click to hide stack frames")'>Click to show all stack frames</a>
<div class='stack-trace' id='stack-trace701505850'><pre>com.vbrick.Exception.Reasons: FAIL
	at com.vbrick.Exception.CustomReport.checkinglist(CustomReport.java:390)
	at com.vbrick.avenger.mobileappsupport.SearchSuggestionsAPI_AV_27524.TC_06_POST_SearchSuggestions_api_Verifying_when_User_Not_Authenticated(SearchSuggestionsAPI_AV_27524.java:374)
	at sun.reflect.NativeMethodAccessorImpl.invoke0(Native Method)
	at sun.reflect.NativeMethodAccessorImpl.invoke(Unknown Source)
	at sun.reflect.DelegatingMethodAccessorImpl.invoke(Unknown Source)
	at java.lang.reflect.Method.invoke(Unknown Source)
	at org.testng.internal.MethodInvocationHelper.invokeMethod(MethodInvocationHelper.java:85)
	at org.testng.internal.Invoker.invokeMethod(Invoker.java:659)
	at org.testng.internal.Invoker.invokeTestMethod(Invoker.java:845)
	at org.testng.internal.Invoker.invokeTestMethods(Invoker.java:1153)
	at org.testng.internal.TestMethodWorker.invokeTestMethods(TestMethodWorker.java:125)
	at org.testng.internal.TestMethodWorker.run(TestMethodWorker.java:108)
	at java.util.concurrent.ThreadPoolExecutor.runWorker(Unknown Source)
	at java.util.concurrent.ThreadPoolExecutor$Worker.run(Unknown Source)
	at java.lang.Thread.run(Unknown Source)
</pre></div></td>
<td>85</td>
<td>com.vbrick.avenger.mobileappsupport.SearchSuggestionsAPI_AV_27524@23529fee</td></tr>
<tr>
<td title='com.vbrick.avenger.videocommentapi_AV_9879_testcases.DeleteVideoComments.TC_07_Delete_MultipleVideoCommentsAPI_api_check_with_AccountAdmins_Positive()'><b>TC_07_Delete_MultipleVideoCommentsAPI_api_check_with_AccountAdmins_Positive</b><br>Test class: com.vbrick.avenger.videocommentapi_AV_9879_testcases.DeleteVideoComments<br>Test method: DeleteVideo Comment API - Verify API to Delete ‘All comments’ by Account Admin<br>Parameters: org.testng.TestRunner@636de04<br/>
<a href="#Output-956091810" onClick='toggleBox("Output-956091810", this, "Show output", "Hide output");'>Show output</a>

<a href="#Output-956091810" onClick="toggleAllBoxes();">Show all outputs</a>
<div class='log' id="Output-956091810">
Step-1:Expected Value : 200</br>Actual Value :200::PASS<br><br/>
Step-2:Expected Value : HTTP StatusCode :200</br>Actual Value :HTTP StatusCode :200::PASS<br><br/>
Step-3:Expected Value : 200OK</br>Actual Value :200OK::PASS<br><br/>
Step-4:Expected Value : 200OK</br>Actual Value :200OK::PASS<br><br/>
Step-5:Expected Value : 200OK</br>Actual Value :200OK::PASS<br><br/>
Step-6:Expected Value : 200OK</br>Actual Value :200OK::PASS<br><br/>
Step-7:Expected Value : 200OK</br>Actual Value :200OK::PASS<br><br/>
Step-8:Expected Value : 200OK</br>Actual Value :200OK::PASS<br><br/>
Step-9:Application launch with URL : https://autoapi.rev-qa.vbrick.com/<br><br/>
Step-10:User name has been Entered<br><br/>
Step-11:Password has been entered<br><br/>
Step-12:Submit button Clicked<br><br/>
Step-13:Login SucessFully<br><br/>
Step-14:Avenger Dashboard Page is Clicked<br><br/>
Step-15:Clicked on Media Search Button<br><br/>
Step-16:Video ClickedAPIUserUpload_7BTEbzSUZLk<br><br/>
Step-17:Expected Value : true</br>Actual Value :true::PASS<br><br/>
Step-18:Video Settings link is visible on the page<br><br/>
Step-19:Clicked on video Settings Link<br><br/>
</div>
</td>
<td><div><pre>org.openqa.selenium.ElementClickInterceptedException: element click intercepted: Element &lt;button type=&quot;button&quot; role=&quot;menuitem&quot; container=&quot;body&quot; aria-label=&quot;Comments (3)&quot; class=&quot;t1diw__sidebarButton theme-accent-btn dSSnE__sidebarButtonFixedColor&quot;&gt;...&lt;/button&gt; is not clickable at point (1896, 184). Other element would receive the click: &lt;li role=&quot;menuitem&quot; class=&quot;WKY6S__menuListItem&quot;&gt;...&lt;/li&gt;
  (Session info: chrome=105.0.5195.127)
Build info: version: &apos;3.6.0&apos;, revision: &apos;6fbf3ec767&apos;, time: &apos;2017-09-27T15:28:36.4Z&apos;
System info: host: &apos;VA-WIN7QA-01&apos;, ip: &apos;10.10.6.14&apos;, os.name: &apos;Windows 7&apos;, os.arch: &apos;amd64&apos;, os.version: &apos;6.1&apos;, java.version: &apos;1.8.0_101&apos;
Driver info: org.openqa.selenium.chrome.ChromeDriver
Capabilities [{networkConnectionEnabled=false, chrome={chromedriverVersion=105.0.5195.52 (412c95e518836d8a7d97250d62b29c2ae6a26a85-refs/branch-heads/5195@{#853}), userDataDir=C:\Users\ARJUN~1.ABH\AppData\Local\Temp\scoped_dir24344_573837916}, timeouts={implicit=0, pageLoad=300000, script=30000}, pageLoadStrategy=normal, unhandledPromptBehavior=dismiss and notify, strictFileInteractability=false, platform=WINDOWS, proxy=Proxy(), goog:chromeOptions={debuggerAddress=localhost:64258}, webauthn:extension:credBlob=true, acceptInsecureCerts=false, browserVersion=105.0.5195.127, browserName=chrome, javascriptEnabled=true, platformName=WINDOWS, setWindowRect=true, webauthn:extension:largeBlob=true, webauthn:virtualAuthenticators=true}]
Session ID: e5a3f4ab3c119e27b9dee2af9ab98cf0
	at org.openqa.selenium.remote.http.W3CHttpResponseCodec.createException(W3CHttpResponseCodec.java:185)
	at org.openqa.selenium.remote.http.W3CHttpResponseCodec.decode(W3CHttpResponseCodec.java:120)
	at org.openqa.selenium.remote.http.W3CHttpResponseCodec.decode(W3CHttpResponseCodec.java:49)
	at org.openqa.selenium.remote.HttpCommandExecutor.execute(HttpCommandExecutor.java:164)
	at org.openqa.selenium.remote.service.DriverCommandExecutor.execute(DriverCommandExecutor.java:83)
	at org.openqa.selenium.remote.RemoteWebDriver.execute(RemoteWebDriver.java:586)
	at org.openqa.selenium.remote.RemoteWebElement.execute(RemoteWebElement.java:279)
	at org.openqa.selenium.remote.RemoteWebElement.click(RemoteWebElement.java:83)
	at com.vbrick.avenger.funUtil.WebElements.click(WebElements.java:358)
	at com.vbrick.avenger.pageobjects.AvengerVideoCommentsPage.click_commentsLink(AvengerVideoCommentsPage.java:331)
	at com.vbrick.avenger.videocommentapi_AV_9879_testcases.DeleteVideoComments.TC_07_Delete_MultipleVideoCommentsAPI_api_check_with_AccountAdmins_Positive(DeleteVideoComments.java:473)
	at java.util.concurrent.ThreadPoolExecutor.runWorker(Unknown Source)
	at java.util.concurrent.ThreadPoolExecutor$Worker.run(Unknown Source)
	at java.lang.Thread.run(Unknown Source)
... Removed 14 stack frames</pre></div><a href='#' onClick='toggleBox("stack-trace956091810", this, "Click to show all stack frames", "Click to hide stack frames")'>Click to show all stack frames</a>
<div class='stack-trace' id='stack-trace956091810'><pre>org.openqa.selenium.ElementClickInterceptedException: element click intercepted: Element &lt;button type=&quot;button&quot; role=&quot;menuitem&quot; container=&quot;body&quot; aria-label=&quot;Comments (3)&quot; class=&quot;t1diw__sidebarButton theme-accent-btn dSSnE__sidebarButtonFixedColor&quot;&gt;...&lt;/button&gt; is not clickable at point (1896, 184). Other element would receive the click: &lt;li role=&quot;menuitem&quot; class=&quot;WKY6S__menuListItem&quot;&gt;...&lt;/li&gt;
  (Session info: chrome=105.0.5195.127)
Build info: version: &apos;3.6.0&apos;, revision: &apos;6fbf3ec767&apos;, time: &apos;2017-09-27T15:28:36.4Z&apos;
System info: host: &apos;VA-WIN7QA-01&apos;, ip: &apos;10.10.6.14&apos;, os.name: &apos;Windows 7&apos;, os.arch: &apos;amd64&apos;, os.version: &apos;6.1&apos;, java.version: &apos;1.8.0_101&apos;
Driver info: org.openqa.selenium.chrome.ChromeDriver
Capabilities [{networkConnectionEnabled=false, chrome={chromedriverVersion=105.0.5195.52 (412c95e518836d8a7d97250d62b29c2ae6a26a85-refs/branch-heads/5195@{#853}), userDataDir=C:\Users\ARJUN~1.ABH\AppData\Local\Temp\scoped_dir24344_573837916}, timeouts={implicit=0, pageLoad=300000, script=30000}, pageLoadStrategy=normal, unhandledPromptBehavior=dismiss and notify, strictFileInteractability=false, platform=WINDOWS, proxy=Proxy(), goog:chromeOptions={debuggerAddress=localhost:64258}, webauthn:extension:credBlob=true, acceptInsecureCerts=false, browserVersion=105.0.5195.127, browserName=chrome, javascriptEnabled=true, platformName=WINDOWS, setWindowRect=true, webauthn:extension:largeBlob=true, webauthn:virtualAuthenticators=true}]
Session ID: e5a3f4ab3c119e27b9dee2af9ab98cf0
	at sun.reflect.NativeConstructorAccessorImpl.newInstance0(Native Method)
	at sun.reflect.NativeConstructorAccessorImpl.newInstance(Unknown Source)
	at sun.reflect.DelegatingConstructorAccessorImpl.newInstance(Unknown Source)
	at java.lang.reflect.Constructor.newInstance(Unknown Source)
	at org.openqa.selenium.remote.http.W3CHttpResponseCodec.createException(W3CHttpResponseCodec.java:185)
	at org.openqa.selenium.remote.http.W3CHttpResponseCodec.decode(W3CHttpResponseCodec.java:120)
	at org.openqa.selenium.remote.http.W3CHttpResponseCodec.decode(W3CHttpResponseCodec.java:49)
	at org.openqa.selenium.remote.HttpCommandExecutor.execute(HttpCommandExecutor.java:164)
	at org.openqa.selenium.remote.service.DriverCommandExecutor.execute(DriverCommandExecutor.java:83)
	at org.openqa.selenium.remote.RemoteWebDriver.execute(RemoteWebDriver.java:586)
	at org.openqa.selenium.remote.RemoteWebElement.execute(RemoteWebElement.java:279)
	at org.openqa.selenium.remote.RemoteWebElement.click(RemoteWebElement.java:83)
	at com.vbrick.avenger.funUtil.WebElements.click(WebElements.java:358)
	at com.vbrick.avenger.pageobjects.AvengerVideoCommentsPage.click_commentsLink(AvengerVideoCommentsPage.java:331)
	at com.vbrick.avenger.videocommentapi_AV_9879_testcases.DeleteVideoComments.TC_07_Delete_MultipleVideoCommentsAPI_api_check_with_AccountAdmins_Positive(DeleteVideoComments.java:473)
	at sun.reflect.NativeMethodAccessorImpl.invoke0(Native Method)
	at sun.reflect.NativeMethodAccessorImpl.invoke(Unknown Source)
	at sun.reflect.DelegatingMethodAccessorImpl.invoke(Unknown Source)
	at java.lang.reflect.Method.invoke(Unknown Source)
	at org.testng.internal.MethodInvocationHelper.invokeMethod(MethodInvocationHelper.java:85)
	at org.testng.internal.Invoker.invokeMethod(Invoker.java:659)
	at org.testng.internal.Invoker.invokeTestMethod(Invoker.java:845)
	at org.testng.internal.Invoker.invokeTestMethods(Invoker.java:1153)
	at org.testng.internal.TestMethodWorker.invokeTestMethods(TestMethodWorker.java:125)
	at org.testng.internal.TestMethodWorker.run(TestMethodWorker.java:108)
	at java.util.concurrent.ThreadPoolExecutor.runWorker(Unknown Source)
	at java.util.concurrent.ThreadPoolExecutor$Worker.run(Unknown Source)
	at java.lang.Thread.run(Unknown Source)
</pre></div></td>
<td>28</td>
<td>com.vbrick.avenger.videocommentapi_AV_9879_testcases.DeleteVideoComments@23f7d05d</td></tr>
<tr>
<td title='com.vbrick.avenger.videocommentapi_AV_9879_testcases.GetVideoDetails_AV_10175.TC_08_GET_GetVideosDetailsAPI_api_check_with_MediaAdmin_asteamcontributor_Positive()'><b>TC_08_GET_GetVideosDetailsAPI_api_check_with_MediaAdmin_asteamcontributor_Positive</b><br>Test class: com.vbrick.avenger.videocommentapi_AV_9879_testcases.GetVideoDetails_AV_10175<br>Test method: To Verify the VideoDetail API with Media Admin as team contributor<br/>
<a href="#Output-419429609" onClick='toggleBox("Output-419429609", this, "Show output", "Hide output");'>Show output</a>

<a href="#Output-419429609" onClick="toggleAllBoxes();">Show all outputs</a>
<div class='log' id="Output-419429609">
Step-1:Expected Value : 200</br>Actual Value :200::PASS<br><br/>
Step-2:Expected Value : 200</br>Actual Value :200::PASS<br><br/>
Step-3:Expected Value : HTTP StatusCode :200</br>Actual Value :HTTP StatusCode :200::PASS<br><br/>
Step-4:Expected Value : 200OK</br>Actual Value :200OK::PASS<br><br/>
Step-5:Application launch with URL : https://autoapi.rev-qa.vbrick.com/<br><br/>
Step-6:User name has been Entered<br><br/>
Step-7:Password has been entered<br><br/>
Step-8:Submit button Clicked<br><br/>
Step-9:Login SucessFully<br><br/>
Step-10:Avenger Dashboard Page is Clicked<br><br/>
Step-11:Clicked on Media Search Button<br><br/>
Step-12:Video ClickedAPIUserUpload_RRtYua5aKmW<br><br/>
Step-13:Expected Value : true</br>Actual Value :true::PASS<br><br/>
Step-14:Expected Value : b00b2f7c-261f-4414-816f-e7b9e194927b</br>Actual Value :b00b2f7c-261f-4414-816f-e7b9e194927b::PASS<br><br/>
Step-15:Expected Value : true</br>Actual Value :true::PASS<br><br/>
Step-16:Video Settings link is visible on the page<br><br/>
Step-17:Clicked on video Settings Link<br><br/>
Step-18:Expected Value : Active</br>Actual Value :Active::PASS<br><br/>
Step-19:Expected Value : false</br>Actual Value :false::PASS<br><br/>
Step-20:Expected Value : false</br>Actual Value :false::PASS<br><br/>
Step-21:Expected Value : false</br>Actual Value :false::PASS<br><br/>
Step-22:Expected Value : API</br>Actual Value :API::PASS<br><br/>
Step-23:Expected Value : 0</br>Actual Value :0::PASS<br><br/>
<font color='red'>1.Automation Team will Address it:TimeOutException<br>2.The Object Properties have been Modified<br>In PageVideos with locatorBy.xpath: //*[contains(text(),'API_Team_1C1vNd')]</font><br/>
</div>
</td>
<td><div><pre>
	at com.vbrick.avenger.funUtil.WaitForElements.waitForElementPresent(WaitForElements.java:140)
	at com.vbrick.avenger.funUtil.WebElements.getText(WebElements.java:1012)
	at com.vbrick.avenger.pageobjects.AvengerVideoCommentsPage.verify_Label1(AvengerVideoCommentsPage.java:1067)
	at com.vbrick.avenger.videocommentapi_AV_9879_testcases.GetVideoDetails_AV_10175.TC_08_GET_GetVideosDetailsAPI_api_check_with_MediaAdmin_asteamcontributor_Positive(GetVideoDetails_AV_10175.java:640)
	at java.util.concurrent.ThreadPoolExecutor.runWorker(Unknown Source)
	at java.util.concurrent.ThreadPoolExecutor$Worker.run(Unknown Source)
	at java.lang.Thread.run(Unknown Source)
... Removed 10 stack frames</pre></div><a href='#' onClick='toggleBox("stack-trace419429609", this, "Click to show all stack frames", "Click to hide stack frames")'>Click to show all stack frames</a>
<div class='stack-trace' id='stack-trace419429609'><pre>
	at com.vbrick.avenger.funUtil.WaitForElements.waitForElementPresent(WaitForElements.java:140)
	at com.vbrick.avenger.funUtil.WebElements.getText(WebElements.java:1012)
	at com.vbrick.avenger.pageobjects.AvengerVideoCommentsPage.verify_Label1(AvengerVideoCommentsPage.java:1067)
	at com.vbrick.avenger.videocommentapi_AV_9879_testcases.GetVideoDetails_AV_10175.TC_08_GET_GetVideosDetailsAPI_api_check_with_MediaAdmin_asteamcontributor_Positive(GetVideoDetails_AV_10175.java:640)
	at sun.reflect.NativeMethodAccessorImpl.invoke0(Native Method)
	at sun.reflect.NativeMethodAccessorImpl.invoke(Unknown Source)
	at sun.reflect.DelegatingMethodAccessorImpl.invoke(Unknown Source)
	at java.lang.reflect.Method.invoke(Unknown Source)
	at org.testng.internal.MethodInvocationHelper.invokeMethod(MethodInvocationHelper.java:85)
	at org.testng.internal.Invoker.invokeMethod(Invoker.java:659)
	at org.testng.internal.Invoker.invokeTestMethod(Invoker.java:845)
	at org.testng.internal.Invoker.invokeTestMethods(Invoker.java:1153)
	at org.testng.internal.TestMethodWorker.invokeTestMethods(TestMethodWorker.java:125)
	at org.testng.internal.TestMethodWorker.run(TestMethodWorker.java:108)
	at java.util.concurrent.ThreadPoolExecutor.runWorker(Unknown Source)
	at java.util.concurrent.ThreadPoolExecutor$Worker.run(Unknown Source)
	at java.lang.Thread.run(Unknown Source)
</pre></div></td>
<td>318</td>
<td>com.vbrick.avenger.videocommentapi_AV_9879_testcases.GetVideoDetails_AV_10175@2133814f</td></tr>
<tr>
<td title='com.vbrick.avenger.uploadvideoapi_AV_6015_testcases.UploadTranscriptionFile_AV_10646.TC_08_UploadTranscriptionFiles_AV10646_Uploading_TranscriptionContent_AccountAdmin_ByOverRidingAnExistingFile()'><b>TC_08_UploadTranscriptionFiles_AV10646_Uploading_TranscriptionContent_AccountAdmin_ByOverRidingAnExistingFile</b><br>Test class: com.vbrick.avenger.uploadvideoapi_AV_6015_testcases.UploadTranscriptionFile_AV_10646<br>Test method:  To verify Transcription Content to spicific video using Transcription Content API with accountadmin<br>Parameters: org.testng.TestRunner@636de04<br/>
<a href="#Output-1759842584" onClick='toggleBox("Output-1759842584", this, "Show output", "Hide output");'>Show output</a>

<a href="#Output-1759842584" onClick="toggleAllBoxes();">Show all outputs</a>
<div class='log' id="Output-1759842584">
Step-1:Upload Vidoe API TestCase is Runnning.. : https://autoapi.rev-qa.vbrick.com/<br><br/>
Step-2:Expected Value : 200</br>Actual Value :200::PASS<br><br/>
Step-3:Expected Value : HTTP StatusCode :200</br>Actual Value :HTTP StatusCode :200::PASS<br><br/>
Step-4:Expected Value : HTTP StatusCode :200</br>Actual Value :HTTP StatusCode :200::PASS<br><br/>
Step-5:<font color='red'>Expected Value HTTP StatusCode :200
Actual ValueHTTP StatusCode :500::Fail<a href="C:\Users\arjun.abhesheke\git\AvengerAPIUpdate\AvengerAPI\target\surefire-reports\Screenshots\TC_08_UploadTranscriptionFiles_AV10646_Uploading_TranscriptionContent_AccountAdmin_ByOverRidingAnExistingFile202209263140426.png"><p align="left"><h5>Error screenshot :: TC_08_UploadTranscriptionFiles_AV10646_Uploading_TranscriptionContent_AccountAdmin_ByOverRidingAnExistingFile202209263140426.png</h5></p></a></font><br><br/>
Step-6:Application launch with URL : https://autoapi.rev-qa.vbrick.com/<br><br/>
Step-7:User name has been Entered<br><br/>
Step-8:Password has been entered<br><br/>
Step-9:Submit button Clicked<br><br/>
Step-10:Login SucessFully<br><br/>
Step-11:Avenger Dashboard Page is Clicked<br><br/>
Step-12:Clicked on Media Search Button<br><br/>
Step-13:Video ClickedAPIUserUpload_YaYrU8VmWsU<br><br/>
Step-14:Video Settings link is visible on the page<br><br/>
Step-15:Clicked on video Settings Link<br><br/>
Step-16:Expected Value : English</br>Actual Value :English::PASS<br><br/>
</div>
</td>
<td><div><pre>com.vbrick.Exception.Reasons: FAIL
	at com.vbrick.Exception.CustomReport.checkinglist(CustomReport.java:390)
	at com.vbrick.avenger.uploadvideoapi_AV_6015_testcases.UploadTranscriptionFile_AV_10646.TC_08_UploadTranscriptionFiles_AV10646_Uploading_TranscriptionContent_AccountAdmin_ByOverRidingAnExistingFile(UploadTranscriptionFile_AV_10646.java:516)
	at java.util.concurrent.ThreadPoolExecutor.runWorker(Unknown Source)
	at java.util.concurrent.ThreadPoolExecutor$Worker.run(Unknown Source)
	at java.lang.Thread.run(Unknown Source)
... Removed 10 stack frames</pre></div><a href='#' onClick='toggleBox("stack-trace1759842584", this, "Click to show all stack frames", "Click to hide stack frames")'>Click to show all stack frames</a>
<div class='stack-trace' id='stack-trace1759842584'><pre>com.vbrick.Exception.Reasons: FAIL
	at com.vbrick.Exception.CustomReport.checkinglist(CustomReport.java:390)
	at com.vbrick.avenger.uploadvideoapi_AV_6015_testcases.UploadTranscriptionFile_AV_10646.TC_08_UploadTranscriptionFiles_AV10646_Uploading_TranscriptionContent_AccountAdmin_ByOverRidingAnExistingFile(UploadTranscriptionFile_AV_10646.java:516)
	at sun.reflect.NativeMethodAccessorImpl.invoke0(Native Method)
	at sun.reflect.NativeMethodAccessorImpl.invoke(Unknown Source)
	at sun.reflect.DelegatingMethodAccessorImpl.invoke(Unknown Source)
	at java.lang.reflect.Method.invoke(Unknown Source)
	at org.testng.internal.MethodInvocationHelper.invokeMethod(MethodInvocationHelper.java:85)
	at org.testng.internal.Invoker.invokeMethod(Invoker.java:659)
	at org.testng.internal.Invoker.invokeTestMethod(Invoker.java:845)
	at org.testng.internal.Invoker.invokeTestMethods(Invoker.java:1153)
	at org.testng.internal.TestMethodWorker.invokeTestMethods(TestMethodWorker.java:125)
	at org.testng.internal.TestMethodWorker.run(TestMethodWorker.java:108)
	at java.util.concurrent.ThreadPoolExecutor.runWorker(Unknown Source)
	at java.util.concurrent.ThreadPoolExecutor$Worker.run(Unknown Source)
	at java.lang.Thread.run(Unknown Source)
</pre></div></td>
<td>35</td>
<td>com.vbrick.avenger.uploadvideoapi_AV_6015_testcases.UploadTranscriptionFile_AV_10646@6293abcc</td></tr>
<tr>
<td title='com.vbrick.avenger.uploadvideoapi_AV_6015_testcases.UploadVideos_AV_6015.TC_16_UploadVideos_MediaAdmin_With_VidoeACcessControlAsTeams_bygivingatleastoneteam_mediaadminasteamcontributor_Positive()'><b>TC_16_UploadVideos_MediaAdmin_With_VidoeACcessControlAsTeams_bygivingatleastoneteam_mediaadminasteamcontributor_Positive</b><br>Test class: com.vbrick.avenger.uploadvideoapi_AV_6015_testcases.UploadVideos_AV_6015<br>Test method: Upload Video API with access control as Teams by giving atleast one team for access control entity with uploader as Media Admin and as team contributor<br>Parameters: org.testng.TestRunner@636de04<br/>
<a href="#Output-522861272" onClick='toggleBox("Output-522861272", this, "Show output", "Hide output");'>Show output</a>

<a href="#Output-522861272" onClick="toggleAllBoxes();">Show all outputs</a>
<div class='log' id="Output-522861272">
Step-1:Expected Value : 200</br>Actual Value :200::PASS<br><br/>
Step-2:Expected Value : 200</br>Actual Value :200::PASS<br><br/>
Step-3:Expected Value : HTTP StatusCode :200</br>Actual Value :HTTP StatusCode :200::PASS<br><br/>
Step-4:Application launch with URL : https://autoapi.rev-qa.vbrick.com/<br><br/>
Step-5:User name has been Entered<br><br/>
Step-6:Password has been entered<br><br/>
Step-7:Submit button Clicked<br><br/>
Step-8:Login SucessFully<br><br/>
Step-9:Avenger Dashboard Page is Clicked<br><br/>
Step-10:Clicked on Media Search Button<br><br/>
Step-11:Video ClickedAPIUserUpload_YSHO2p4nVp1<br><br/>
Step-12:Expected Value : true</br>Actual Value :true::PASS<br><br/>
Step-13:Video Settings link is visible on the page<br><br/>
Step-14:Clicked on video Settings Link<br><br/>
<font color='red'>1.Automation Team will Address it:TimeOutException<br>2.The Object Properties have been Modified<br>In PageVideos with locatorBy.xpath: (//*[contains(text(),'API_Team_NLVYHH')])[2]</font><br/>
</div>
</td>
<td><div><pre>
	at com.vbrick.avenger.funUtil.WaitForElements.waitForElementPresent(WaitForElements.java:140)
	at com.vbrick.avenger.funUtil.WebElements.getText(WebElements.java:1012)
	at com.vbrick.avenger.pageobjects.AvengerVideoCommentsPage.verify_Label(AvengerVideoCommentsPage.java:1060)
	at com.vbrick.avenger.uploadvideoapi_AV_6015_testcases.UploadVideos_AV_6015.TC_16_UploadVideos_MediaAdmin_With_VidoeACcessControlAsTeams_bygivingatleastoneteam_mediaadminasteamcontributor_Positive(UploadVideos_AV_6015.java:954)
	at java.util.concurrent.ThreadPoolExecutor.runWorker(Unknown Source)
	at java.util.concurrent.ThreadPoolExecutor$Worker.run(Unknown Source)
	at java.lang.Thread.run(Unknown Source)
... Removed 10 stack frames</pre></div><a href='#' onClick='toggleBox("stack-trace522861272", this, "Click to show all stack frames", "Click to hide stack frames")'>Click to show all stack frames</a>
<div class='stack-trace' id='stack-trace522861272'><pre>
	at com.vbrick.avenger.funUtil.WaitForElements.waitForElementPresent(WaitForElements.java:140)
	at com.vbrick.avenger.funUtil.WebElements.getText(WebElements.java:1012)
	at com.vbrick.avenger.pageobjects.AvengerVideoCommentsPage.verify_Label(AvengerVideoCommentsPage.java:1060)
	at com.vbrick.avenger.uploadvideoapi_AV_6015_testcases.UploadVideos_AV_6015.TC_16_UploadVideos_MediaAdmin_With_VidoeACcessControlAsTeams_bygivingatleastoneteam_mediaadminasteamcontributor_Positive(UploadVideos_AV_6015.java:954)
	at sun.reflect.NativeMethodAccessorImpl.invoke0(Native Method)
	at sun.reflect.NativeMethodAccessorImpl.invoke(Unknown Source)
	at sun.reflect.DelegatingMethodAccessorImpl.invoke(Unknown Source)
	at java.lang.reflect.Method.invoke(Unknown Source)
	at org.testng.internal.MethodInvocationHelper.invokeMethod(MethodInvocationHelper.java:85)
	at org.testng.internal.Invoker.invokeMethod(Invoker.java:659)
	at org.testng.internal.Invoker.invokeTestMethod(Invoker.java:845)
	at org.testng.internal.Invoker.invokeTestMethods(Invoker.java:1153)
	at org.testng.internal.TestMethodWorker.invokeTestMethods(TestMethodWorker.java:125)
	at org.testng.internal.TestMethodWorker.run(TestMethodWorker.java:108)
	at java.util.concurrent.ThreadPoolExecutor.runWorker(Unknown Source)
	at java.util.concurrent.ThreadPoolExecutor$Worker.run(Unknown Source)
	at java.lang.Thread.run(Unknown Source)
</pre></div></td>
<td>283</td>
<td>com.vbrick.avenger.uploadvideoapi_AV_6015_testcases.UploadVideos_AV_6015@7fc2413d</td></tr>
<tr>
<td title='com.vbrick.avenger.uploadvideoapi_AV_6015_testcases.UploadVideos_AV_6015.TC_41_UploadVideos_Teams_AccountAdmin_onevalidandoneinvalidteam_Positive()'><b>TC_41_UploadVideos_Teams_AccountAdmin_onevalidandoneinvalidteam_Positive</b><br>Test class: com.vbrick.avenger.uploadvideoapi_AV_6015_testcases.UploadVideos_AV_6015<br>Test method: To verify that upload video is not rejected when one valid and one invalid team is provided<br>Parameters: org.testng.TestRunner@636de04<br/>
<a href="#Output-847385282" onClick='toggleBox("Output-847385282", this, "Show output", "Hide output");'>Show output</a>

<a href="#Output-847385282" onClick="toggleAllBoxes();">Show all outputs</a>
<div class='log' id="Output-847385282">
Step-1:Expected Value : 200</br>Actual Value :200::PASS<br><br/>
Step-2:Expected Value : 200</br>Actual Value :200::PASS<br><br/>
Step-3:Expected Value : 200</br>Actual Value :200::PASS<br><br/>
Step-4:<font color='red'>Expected Value HTTP StatusCode :200
Actual ValueHTTP StatusCode :400::Fail<a href="C:\Users\arjun.abhesheke\git\AvengerAPIUpdate\AvengerAPI\target\surefire-reports\Screenshots\TC_41_UploadVideos_Teams_AccountAdmin_onevalidandoneinvalidteam_Positive202209263135259.png"><p align="left"><h5>Error screenshot :: TC_41_UploadVideos_Teams_AccountAdmin_onevalidandoneinvalidteam_Positive202209263135259.png</h5></p></a></font><br><br/>
Step-5:Application launch with URL : https://autoapi.rev-qa.vbrick.com/<br><br/>
Step-6:User name has been Entered<br><br/>
Step-7:Password has been entered<br><br/>
Step-8:Submit button Clicked<br><br/>
Step-9:Login SucessFully<br><br/>
Step-10:Avenger Dashboard Page is Clicked<br><br/>
Step-11:Clicked on Media Search Button<br><br/>
</div>
</td>
<td><div><pre>org.openqa.selenium.NoSuchElementException: no such element: Unable to locate element: {&quot;method&quot;:&quot;xpath&quot;,&quot;selector&quot;:&quot;//a[contains(text(),&apos;APIUserUpload_TXYCiVVKl0D&apos;)]&quot;}
  (Session info: chrome=105.0.5195.127)
For documentation on this error, please visit: http://seleniumhq.org/exceptions/no_such_element.html
Build info: version: &apos;3.6.0&apos;, revision: &apos;6fbf3ec767&apos;, time: &apos;2017-09-27T15:28:36.4Z&apos;
System info: host: &apos;VA-WIN7QA-01&apos;, ip: &apos;10.10.6.14&apos;, os.name: &apos;Windows 7&apos;, os.arch: &apos;amd64&apos;, os.version: &apos;6.1&apos;, java.version: &apos;1.8.0_101&apos;
Driver info: org.openqa.selenium.chrome.ChromeDriver
Capabilities [{networkConnectionEnabled=false, chrome={chromedriverVersion=105.0.5195.52 (412c95e518836d8a7d97250d62b29c2ae6a26a85-refs/branch-heads/5195@{#853}), userDataDir=C:\Users\ARJUN~1.ABH\AppData\Local\Temp\scoped_dir16020_12288515}, timeouts={implicit=0, pageLoad=300000, script=30000}, pageLoadStrategy=normal, unhandledPromptBehavior=dismiss and notify, strictFileInteractability=false, platform=WINDOWS, proxy=Proxy(), goog:chromeOptions={debuggerAddress=localhost:65127}, webauthn:extension:credBlob=true, acceptInsecureCerts=false, browserVersion=105.0.5195.127, browserName=chrome, javascriptEnabled=true, platformName=WINDOWS, setWindowRect=true, webauthn:extension:largeBlob=true, webauthn:virtualAuthenticators=true}]
Session ID: 7bcfc70037f6121a2d39fc33f8adcb2a
*** Element info: {Using=xpath, value=//a[contains(text(),&apos;APIUserUpload_TXYCiVVKl0D&apos;)]}
	at org.openqa.selenium.remote.http.W3CHttpResponseCodec.createException(W3CHttpResponseCodec.java:185)
	at org.openqa.selenium.remote.http.W3CHttpResponseCodec.decode(W3CHttpResponseCodec.java:120)
	at org.openqa.selenium.remote.http.W3CHttpResponseCodec.decode(W3CHttpResponseCodec.java:49)
	at org.openqa.selenium.remote.HttpCommandExecutor.execute(HttpCommandExecutor.java:164)
	at org.openqa.selenium.remote.service.DriverCommandExecutor.execute(DriverCommandExecutor.java:83)
	at org.openqa.selenium.remote.RemoteWebDriver.execute(RemoteWebDriver.java:586)
	at org.openqa.selenium.remote.RemoteWebDriver.findElement(RemoteWebDriver.java:356)
	at org.openqa.selenium.remote.RemoteWebDriver.findElementByXPath(RemoteWebDriver.java:458)
	at org.openqa.selenium.By$ByXPath.findElement(By.java:361)
	at org.openqa.selenium.remote.RemoteWebDriver.findElement(RemoteWebDriver.java:348)
	at com.vbrick.avenger.funUtil.WebElements.clickusingjavascript(WebElements.java:484)
	at com.vbrick.avenger.pageobjects.AvengerDashboardPage.clickVideo(AvengerDashboardPage.java:295)
	at com.vbrick.avenger.uploadvideoapi_AV_6015_testcases.UploadVideos_AV_6015.TC_41_UploadVideos_Teams_AccountAdmin_onevalidandoneinvalidteam_Positive(UploadVideos_AV_6015.java:2190)
	at java.util.concurrent.ThreadPoolExecutor.runWorker(Unknown Source)
	at java.util.concurrent.ThreadPoolExecutor$Worker.run(Unknown Source)
	at java.lang.Thread.run(Unknown Source)
... Removed 13 stack frames</pre></div><a href='#' onClick='toggleBox("stack-trace847385282", this, "Click to show all stack frames", "Click to hide stack frames")'>Click to show all stack frames</a>
<div class='stack-trace' id='stack-trace847385282'><pre>org.openqa.selenium.NoSuchElementException: no such element: Unable to locate element: {&quot;method&quot;:&quot;xpath&quot;,&quot;selector&quot;:&quot;//a[contains(text(),&apos;APIUserUpload_TXYCiVVKl0D&apos;)]&quot;}
  (Session info: chrome=105.0.5195.127)
For documentation on this error, please visit: http://seleniumhq.org/exceptions/no_such_element.html
Build info: version: &apos;3.6.0&apos;, revision: &apos;6fbf3ec767&apos;, time: &apos;2017-09-27T15:28:36.4Z&apos;
System info: host: &apos;VA-WIN7QA-01&apos;, ip: &apos;10.10.6.14&apos;, os.name: &apos;Windows 7&apos;, os.arch: &apos;amd64&apos;, os.version: &apos;6.1&apos;, java.version: &apos;1.8.0_101&apos;
Driver info: org.openqa.selenium.chrome.ChromeDriver
Capabilities [{networkConnectionEnabled=false, chrome={chromedriverVersion=105.0.5195.52 (412c95e518836d8a7d97250d62b29c2ae6a26a85-refs/branch-heads/5195@{#853}), userDataDir=C:\Users\ARJUN~1.ABH\AppData\Local\Temp\scoped_dir16020_12288515}, timeouts={implicit=0, pageLoad=300000, script=30000}, pageLoadStrategy=normal, unhandledPromptBehavior=dismiss and notify, strictFileInteractability=false, platform=WINDOWS, proxy=Proxy(), goog:chromeOptions={debuggerAddress=localhost:65127}, webauthn:extension:credBlob=true, acceptInsecureCerts=false, browserVersion=105.0.5195.127, browserName=chrome, javascriptEnabled=true, platformName=WINDOWS, setWindowRect=true, webauthn:extension:largeBlob=true, webauthn:virtualAuthenticators=true}]
Session ID: 7bcfc70037f6121a2d39fc33f8adcb2a
*** Element info: {Using=xpath, value=//a[contains(text(),&apos;APIUserUpload_TXYCiVVKl0D&apos;)]}
	at sun.reflect.GeneratedConstructorAccessor73.newInstance(Unknown Source)
	at sun.reflect.DelegatingConstructorAccessorImpl.newInstance(Unknown Source)
	at java.lang.reflect.Constructor.newInstance(Unknown Source)
	at org.openqa.selenium.remote.http.W3CHttpResponseCodec.createException(W3CHttpResponseCodec.java:185)
	at org.openqa.selenium.remote.http.W3CHttpResponseCodec.decode(W3CHttpResponseCodec.java:120)
	at org.openqa.selenium.remote.http.W3CHttpResponseCodec.decode(W3CHttpResponseCodec.java:49)
	at org.openqa.selenium.remote.HttpCommandExecutor.execute(HttpCommandExecutor.java:164)
	at org.openqa.selenium.remote.service.DriverCommandExecutor.execute(DriverCommandExecutor.java:83)
	at org.openqa.selenium.remote.RemoteWebDriver.execute(RemoteWebDriver.java:586)
	at org.openqa.selenium.remote.RemoteWebDriver.findElement(RemoteWebDriver.java:356)
	at org.openqa.selenium.remote.RemoteWebDriver.findElementByXPath(RemoteWebDriver.java:458)
	at org.openqa.selenium.By$ByXPath.findElement(By.java:361)
	at org.openqa.selenium.remote.RemoteWebDriver.findElement(RemoteWebDriver.java:348)
	at com.vbrick.avenger.funUtil.WebElements.clickusingjavascript(WebElements.java:484)
	at com.vbrick.avenger.pageobjects.AvengerDashboardPage.clickVideo(AvengerDashboardPage.java:295)
	at com.vbrick.avenger.uploadvideoapi_AV_6015_testcases.UploadVideos_AV_6015.TC_41_UploadVideos_Teams_AccountAdmin_onevalidandoneinvalidteam_Positive(UploadVideos_AV_6015.java:2190)
	at sun.reflect.NativeMethodAccessorImpl.invoke0(Native Method)
	at sun.reflect.NativeMethodAccessorImpl.invoke(Unknown Source)
	at sun.reflect.DelegatingMethodAccessorImpl.invoke(Unknown Source)
	at java.lang.reflect.Method.invoke(Unknown Source)
	at org.testng.internal.MethodInvocationHelper.invokeMethod(MethodInvocationHelper.java:85)
	at org.testng.internal.Invoker.invokeMethod(Invoker.java:659)
	at org.testng.internal.Invoker.invokeTestMethod(Invoker.java:845)
	at org.testng.internal.Invoker.invokeTestMethods(Invoker.java:1153)
	at org.testng.internal.TestMethodWorker.invokeTestMethods(TestMethodWorker.java:125)
	at org.testng.internal.TestMethodWorker.run(TestMethodWorker.java:108)
	at java.util.concurrent.ThreadPoolExecutor.runWorker(Unknown Source)
	at java.util.concurrent.ThreadPoolExecutor$Worker.run(Unknown Source)
	at java.lang.Thread.run(Unknown Source)
</pre></div></td>
<td>82</td>
<td>com.vbrick.avenger.uploadvideoapi_AV_6015_testcases.UploadVideos_AV_6015@7fc2413d</td></tr>
</table><p>
<table width='100%' border='1' class='invocation-passed'>
<tr><td colspan='4' align='center'><b>PASSED TESTS</b></td></tr>
<tr><td><b>Test method</b></td>
<td width="30%"><b>Exception</b></td>
<td width="10%"><b>Time (seconds)</b></td>
<td><b>Instance</b></td>
</tr>
<tr>
<td title='com.vbrick.avenger.videocommentapi_AV_9879_testcases.GetWebcastQandAReport_AV26267.TC_01_GET_EventDetail_api_check_With_AccountAdmin_Positive()'><b>TC_01_GET_EventDetail_api_check_With_AccountAdmin_Positive</b><br>Test class: com.vbrick.avenger.videocommentapi_AV_9879_testcases.GetWebcastQandAReport_AV26267<br>Test method: To Verify the EventDetail using EventDetail API with Account Admin<br>Parameters: org.testng.TestRunner@636de04<br/>
<a href="#Output-1558742919" onClick='toggleBox("Output-1558742919", this, "Show output", "Hide output");'>Show output</a>

<a href="#Output-1558742919" onClick="toggleAllBoxes();">Show all outputs</a>
<div class='log' id="Output-1558742919">
Step-1:User name has been Entered<br><br/>
Step-2:Password has been entered<br><br/>
Step-3:Submit button Clicked<br><br/>
Step-4:Login SucessFully<br><br/>
Step-5:Devices Link is clicked<br><br/>
Step-6:All Devices is clicked<br><br/>
Step-7:Devices Page is Displayed Successfully<br><br/>
Step-8:Add Device Button is Clicked<br><br/>
Step-9:Custom Device link  is Clicked<br><br/>
Step-10:Entered device nameIquSB<br><br/>
Step-11:Entered ip address16.10.13.32<br><br/>
Step-12:Entered stream nameStream541563<br><br/>
Step-13:Entered stream urlhttp://qa541563<br><br/>
Step-14:Selected encoding type isMpeg4<br><br/>
Step-15:Devices Link is clicked<br><br/>
Step-16:Presentation Profile is clicked<br><br/>
Step-17:Add Presentation Profile  Button is Clicked<br><br/>
Step-18:Added presentation profile data<br><br/>
Step-19:Create button is clicked<br><br/>
Step-20:Clicked on User Log Out Button<br><br/>
Step-21:Clicked on Log Out Button<br><br/>
Step-22:Expected Value : 200</br>Actual Value :200::PASS<br><br/>
Step-23:Expected Value : 200OK</br>Actual Value :200OK::PASS<br><br/>
Step-24:Application launch with URL : https://autoapi.rev-qa.vbrick.com/<br><br/>
Step-25:User name has been Entered<br><br/>
Step-26:Password has been entered<br><br/>
Step-27:Submit button Clicked<br><br/>
Step-28:Login SucessFully<br><br/>
Step-29:Groups  link is clicked<br><br/>
Step-30:Create Group Button Locator is Clicked<br><br/>
Step-31:Group Created Successfully with Group NameWXiLG<br><br/>
Step-32:New Group link is ClickedWXiLG<br><br/>
Step-33:Clicked on User Log Out Button<br><br/>
Step-34:Clicked on Log Out Button<br><br/>
Step-35:Expected Value : 200OK</br>Actual Value :200OK::PASS<br><br/>
Step-36:Application launch with URL : https://autoapi.rev-qa.vbrick.com/<br><br/>
Step-37:User name has been Entered<br><br/>
Step-38:Password has been entered<br><br/>
Step-39:Submit button Clicked<br><br/>
Step-40:Login SucessFully<br><br/>
Step-41:Avenger Dashboard Page is Clicked<br><br/>
Step-42:Events Tab is  Clicked<br><br/>
Step-43:Events Tab is  Clicked<br><br/>
Step-44:Start Webcast Button is clicked<br><br/>
Step-45:Start Broadcast button is clicked<br><br/>
Step-46:User name has been Entered<br><br/>
Step-47:Password has been entered<br><br/>
Step-48:Submit button Clicked<br><br/>
Step-49:Login SucessFully<br><br/>
Step-50:Expected Value : true</br>Actual Value :true::PASS<br><br/>
Step-51:Expected Value : 200</br>Actual Value :200::PASS<br><br/>
Step-52:Expected Value : true</br>Actual Value :true::PASS<br><br/>
Step-53:Expected Value : 200</br>Actual Value :200::PASS<br><br/>
</div>
</td>
<td></td>
<td>203</td>
<td>com.vbrick.avenger.videocommentapi_AV_9879_testcases.GetWebcastQandAReport_AV26267@f8c1ddd</td></tr>
<tr>
<td title='com.vbrick.avenger.videocommentapi_AV_9879_testcases.DeleteVideoComments.TC_06_DELETE_DeleteVideosCommentsAPI_api_Deleting_a_Childcomment_from_a_video_AccountAdmins_Positive()'><b>TC_06_DELETE_DeleteVideosCommentsAPI_api_Deleting_a_Childcomment_from_a_video_AccountAdmins_Positive</b><br>Test class: com.vbrick.avenger.videocommentapi_AV_9879_testcases.DeleteVideoComments<br>Test method: Video Comment API - DeleteChildComment Account Admin <br>Parameters: org.testng.TestRunner@636de04<br/>
<a href="#Output-423895842" onClick='toggleBox("Output-423895842", this, "Show output", "Hide output");'>Show output</a>

<a href="#Output-423895842" onClick="toggleAllBoxes();">Show all outputs</a>
<div class='log' id="Output-423895842">
Step-1:Expected Value : 200</br>Actual Value :200::PASS<br><br/>
Step-2:Expected Value : HTTP StatusCode :200</br>Actual Value :HTTP StatusCode :200::PASS<br><br/>
Step-3:Expected Value : 200OK</br>Actual Value :200OK::PASS<br><br/>
Step-4:Expected Value : 200OK</br>Actual Value :200OK::PASS<br><br/>
Step-5:Expected Value : 200</br>Actual Value :200::PASS<br><br/>
Step-6:Expected Value : 200OK</br>Actual Value :200OK::PASS<br><br/>
Step-7:Expected Value : 200OK</br>Actual Value :200OK::PASS<br><br/>
Step-8:Application launch with URL : https://autoapi.rev-qa.vbrick.com/<br><br/>
Step-9:User name has been Entered<br><br/>
Step-10:Password has been entered<br><br/>
Step-11:Submit button Clicked<br><br/>
Step-12:Login SucessFully<br><br/>
Step-13:Avenger Dashboard Page is Clicked<br><br/>
Step-14:Clicked on Media Search Button<br><br/>
Step-15:Video ClickedAPIUserUpload_pfUwwlxh9JV<br><br/>
Step-16:Expected Value : true</br>Actual Value :true::PASS<br><br/>
Step-17:Video Settings link is visible on the page<br><br/>
Step-18:Clicked on video Settings Link<br><br/>
Step-19:Expected Value : This comment has been removed</br>Actual Value :This comment has been removed::PASS<br><br/>
</div>
</td>
<td></td>
<td>33</td>
<td>com.vbrick.avenger.videocommentapi_AV_9879_testcases.DeleteVideoComments@23f7d05d</td></tr>
<tr>
<td title='com.vbrick.avenger.videocommentapi_AV_9879_testcases.VideoSearchApi_AV_6016.TC_12_GET_SearchVideo_api_check_SearchVideo_with_TimeSortWithasc_AccoutAdmin_Positive()'><b>TC_12_GET_SearchVideo_api_check_SearchVideo_with_TimeSortWithasc_AccoutAdmin_Positive</b><br>Test class: com.vbrick.avenger.videocommentapi_AV_9879_testcases.VideoSearchApi_AV_6016<br>Test method: To verify Search Content to specific video using Search Content API with accountadmin<br/>
<a href="#Output-1213611944" onClick='toggleBox("Output-1213611944", this, "Show output", "Hide output");'>Show output</a>

<a href="#Output-1213611944" onClick="toggleAllBoxes();">Show all outputs</a>
<div class='log' id="Output-1213611944">
Step-1:Expected Value : 200</br>Actual Value :200::PASS<br><br/>
Step-2:Expected Value : 200OK</br>Actual Value :200OK::PASS<br><br/>
Step-3:Application launch with URL : https://autoapi.rev-qa.vbrick.com/<br><br/>
Step-4:User name has been Entered<br><br/>
Step-5:Password has been entered<br><br/>
Step-6:Submit button Clicked<br><br/>
Step-7:Login SucessFully<br><br/>
Step-8:Avenger Dashboard Page is Clicked<br><br/>
Step-9:Clicked on Media Search Button<br><br/>
Step-10:Clicked on Time Sort <br><br/>
Step-11:Expected Value : true</br>Actual Value :true::PASS<br><br/>
</div>
</td>
<td></td>
<td>45</td>
<td>com.vbrick.avenger.videocommentapi_AV_9879_testcases.VideoSearchApi_AV_6016@184cf7cf</td></tr>
<tr>
<td title='com.vbrick.avenger.videocommentapi_AV_9879_testcases.VideoSearchApi_AV_6016.TC_13_GET_SearchVideo_api_check_SearchVideo_with_TimeSortWithdesc_AccoutAdmin_Positive()'><b>TC_13_GET_SearchVideo_api_check_SearchVideo_with_TimeSortWithdesc_AccoutAdmin_Positive</b><br>Test class: com.vbrick.avenger.videocommentapi_AV_9879_testcases.VideoSearchApi_AV_6016<br>Test method: To verify Search Content to specific video using Search Content API with accountadmin<br/>
<a href="#Output-919054996" onClick='toggleBox("Output-919054996", this, "Show output", "Hide output");'>Show output</a>

<a href="#Output-919054996" onClick="toggleAllBoxes();">Show all outputs</a>
<div class='log' id="Output-919054996">
Step-1:Expected Value : 200</br>Actual Value :200::PASS<br><br/>
Step-2:Expected Value : 200OK</br>Actual Value :200OK::PASS<br><br/>
Step-3:Application launch with URL : https://autoapi.rev-qa.vbrick.com/<br><br/>
Step-4:User name has been Entered<br><br/>
Step-5:Password has been entered<br><br/>
Step-6:Submit button Clicked<br><br/>
Step-7:Login SucessFully<br><br/>
Step-8:Avenger Dashboard Page is Clicked<br><br/>
Step-9:Clicked on Media Search Button<br><br/>
Step-10:Clicked on Time Sort <br><br/>
Step-11:Clicked on Time Sort <br><br/>
Step-12:Expected Value : true</br>Actual Value :true::PASS<br><br/>
</div>
</td>
<td></td>
<td>52</td>
<td>com.vbrick.avenger.videocommentapi_AV_9879_testcases.VideoSearchApi_AV_6016@184cf7cf</td></tr>
<tr>
<td title='com.vbrick.avenger.videocommentapi_AV_9879_testcases.VideoSearchApi_AV_6016.TC_14_GET_SearchVideo_api_check_SearchVideo_with_VideoSortWithAsc_AccoutAdmin_Positives()'><b>TC_14_GET_SearchVideo_api_check_SearchVideo_with_VideoSortWithAsc_AccoutAdmin_Positives</b><br>Test class: com.vbrick.avenger.videocommentapi_AV_9879_testcases.VideoSearchApi_AV_6016<br>Test method: To verify Search Content to specific video using Search Content API with accountadmin<br/>
<a href="#Output-1279552974" onClick='toggleBox("Output-1279552974", this, "Show output", "Hide output");'>Show output</a>

<a href="#Output-1279552974" onClick="toggleAllBoxes();">Show all outputs</a>
<div class='log' id="Output-1279552974">
Step-1:Expected Value : 200</br>Actual Value :200::PASS<br><br/>
Step-2:Expected Value : 200OK</br>Actual Value :200OK::PASS<br><br/>
Step-3:Application launch with URL : https://autoapi.rev-qa.vbrick.com/<br><br/>
Step-4:User name has been Entered<br><br/>
Step-5:Password has been entered<br><br/>
Step-6:Submit button Clicked<br><br/>
Step-7:Login SucessFully<br><br/>
Step-8:Avenger Dashboard Page is Clicked<br><br/>
Step-9:Clicked on Media Search Button<br><br/>
Step-10:Clicked on Name Sort <br><br/>
Step-11:Expected Value : true</br>Actual Value :true::PASS<br><br/>
</div>
</td>
<td></td>
<td>46</td>
<td>com.vbrick.avenger.videocommentapi_AV_9879_testcases.VideoSearchApi_AV_6016@184cf7cf</td></tr>
<tr>
<td title='com.vbrick.avenger.videocommentapi_AV_9879_testcases.VideoSearchApi_AV_6016.TC_15_GET_SearchVideo_api_check_SearchVideo_with_VideoSortWithDesc_AccoutAdmin_Positive()'><b>TC_15_GET_SearchVideo_api_check_SearchVideo_with_VideoSortWithDesc_AccoutAdmin_Positive</b><br>Test class: com.vbrick.avenger.videocommentapi_AV_9879_testcases.VideoSearchApi_AV_6016<br>Test method: To verify Search Content to specific video using Search Content API with accountadmin<br/>
<a href="#Output-651560010" onClick='toggleBox("Output-651560010", this, "Show output", "Hide output");'>Show output</a>

<a href="#Output-651560010" onClick="toggleAllBoxes();">Show all outputs</a>
<div class='log' id="Output-651560010">
Step-1:Expected Value : 200</br>Actual Value :200::PASS<br><br/>
Step-2:Expected Value : 200OK</br>Actual Value :200OK::PASS<br><br/>
Step-3:Application launch with URL : https://autoapi.rev-qa.vbrick.com/<br><br/>
Step-4:User name has been Entered<br><br/>
Step-5:Password has been entered<br><br/>
Step-6:Submit button Clicked<br><br/>
Step-7:Login SucessFully<br><br/>
Step-8:Avenger Dashboard Page is Clicked<br><br/>
Step-9:Clicked on Media Search Button<br><br/>
Step-10:Clicked on Name Sort <br><br/>
Step-11:Clicked on Name Sort <br><br/>
Step-12:Expected Value : true</br>Actual Value :true::PASS<br><br/>
</div>
</td>
<td></td>
<td>58</td>
<td>com.vbrick.avenger.videocommentapi_AV_9879_testcases.VideoSearchApi_AV_6016@184cf7cf</td></tr>
<tr>
<td title='com.vbrick.avenger.uploadvideoapi_AV_6015_testcases.EditVideos_AV_10124.TC_21_PUT_EditVideosAPI_AV10124_editDownloadsfromdisabletoenable_MediaContributor_mandatoryfields_Positive()'><b>TC_21_PUT_EditVideosAPI_AV10124_editDownloadsfromdisabletoenable_MediaContributor_mandatoryfields_Positive</b><br>Test class: com.vbrick.avenger.uploadvideoapi_AV_6015_testcases.EditVideos_AV_10124<br>Test method: Editing downloads from disable to enable for private video with mandatory fields and with Media Contributor<br>Parameters: org.testng.TestRunner@636de04<br/>
<a href="#Output-884167660" onClick='toggleBox("Output-884167660", this, "Show output", "Hide output");'>Show output</a>

<a href="#Output-884167660" onClick="toggleAllBoxes();">Show all outputs</a>
<div class='log' id="Output-884167660">
Step-1:Upload Vidoe API TestCase is Runnning.. : https://autoapi.rev-qa.vbrick.com/<br><br/>
Step-2:Expected Value : 200</br>Actual Value :200::PASS<br><br/>
Step-3:Expected Value : 200</br>Actual Value :200::PASS<br><br/>
Step-4:Expected Value : HTTP StatusCode :200</br>Actual Value :HTTP StatusCode :200::PASS<br><br/>
Step-5:Expected Value : 200OK</br>Actual Value :200OK::PASS<br><br/>
Step-6:Application launch with URL : https://autoapi.rev-qa.vbrick.com/<br><br/>
Step-7:User name has been Entered<br><br/>
Step-8:Password has been entered<br><br/>
Step-9:Submit button Clicked<br><br/>
Step-10:Login SucessFully<br><br/>
Step-11:Avenger Dashboard Page is Clicked<br><br/>
Step-12:Clicked on Media Search Button<br><br/>
Step-13:Video ClickedAPIUserUpload_LVddKqkLfQh<br><br/>
Step-14:Video Settings link is visible on the page<br><br/>
Step-15:Clicked on video Settings Link<br><br/>
Step-16:Expected Value : false</br>Actual Value :false::PASS<br><br/>
Step-17:Expected Value : false</br>Actual Value :false::PASS<br><br/>
Step-18:Expected Value : true</br>Actual Value :true::PASS<br><br/>
Step-19:Expected Value : true</br>Actual Value :true::PASS<br><br/>
</div>
</td>
<td></td>
<td>39</td>
<td>com.vbrick.avenger.uploadvideoapi_AV_6015_testcases.EditVideos_AV_10124@2a32de6c</td></tr>
</table><p>
</body>
</html>